-------------------------------------------------------------------------------
Test set: com.jsoniter.TestArray
-------------------------------------------------------------------------------
Tests run: 10, Failures: 0, Errors: 8, Skipped: 0, Time elapsed: 0.058 sec <<< FAILURE! - in com.jsoniter.TestArray
test_null(com.jsoniter.TestArray)  Time elapsed: 0.001 sec  <<< ERROR!
com.jsoniter.spi.JsonException: 
failed to generate decoder for: class [D with [], exception: javassist.CannotCompileException: [source error] no return statement
public static java.lang.Object decode_(com.jsoniter.JsonIterator iter) throws java.io.IOException { }
	at com.jsoniter.TestArray.test_null(TestArray.java:170)
Caused by: javassist.CannotCompileException: [source error] no return statement
	at com.jsoniter.TestArray.test_null(TestArray.java:170)
Caused by: javassist.compiler.CompileError: no return statement
	at com.jsoniter.TestArray.test_null(TestArray.java:170)

test_five_elements(com.jsoniter.TestArray)  Time elapsed: 0.029 sec  <<< ERROR!
com.jsoniter.spi.JsonException: 
failed to generate decoder for: class [I with [], exception: javassist.CannotCompileException: [source error] no return statement
public static java.lang.Object decode_(com.jsoniter.JsonIterator iter) throws java.io.IOException { }
	at com.jsoniter.TestArray.test_five_elements(TestArray.java:154)
Caused by: javassist.CannotCompileException: [source error] no return statement
	at com.jsoniter.TestArray.test_five_elements(TestArray.java:154)
Caused by: javassist.compiler.CompileError: no return statement
	at com.jsoniter.TestArray.test_five_elements(TestArray.java:154)

test_four_elements(com.jsoniter.TestArray)  Time elapsed: 0.001 sec  <<< ERROR!
com.jsoniter.spi.JsonException: 
failed to generate decoder for: class [I with [], exception: javassist.CannotCompileException: [source error] no return statement
public static java.lang.Object decode_(com.jsoniter.JsonIterator iter) throws java.io.IOException { }
	at com.jsoniter.TestArray.test_four_elements(TestArray.java:126)
Caused by: javassist.CannotCompileException: [source error] no return statement
	at com.jsoniter.TestArray.test_four_elements(TestArray.java:126)
Caused by: javassist.compiler.CompileError: no return statement
	at com.jsoniter.TestArray.test_four_elements(TestArray.java:126)

test_one_element(com.jsoniter.TestArray)  Time elapsed: 0 sec  <<< ERROR!
com.jsoniter.spi.JsonException: 
failed to generate decoder for: class [I with [], exception: javassist.CannotCompileException: [source error] no return statement
public static java.lang.Object decode_(com.jsoniter.JsonIterator iter) throws java.io.IOException { }
	at com.jsoniter.TestArray.test_one_element(TestArray.java:42)
Caused by: javassist.CannotCompileException: [source error] no return statement
	at com.jsoniter.TestArray.test_one_element(TestArray.java:42)
Caused by: javassist.compiler.CompileError: no return statement
	at com.jsoniter.TestArray.test_one_element(TestArray.java:42)

test_boolean_array(com.jsoniter.TestArray)  Time elapsed: 0.001 sec  <<< ERROR!
com.jsoniter.spi.JsonException: 
failed to generate decoder for: class [Z with [], exception: javassist.CannotCompileException: [source error] no return statement
public static java.lang.Object decode_(com.jsoniter.JsonIterator iter) throws java.io.IOException { }
	at com.jsoniter.TestArray.test_boolean_array(TestArray.java:175)
Caused by: javassist.CannotCompileException: [source error] no return statement
	at com.jsoniter.TestArray.test_boolean_array(TestArray.java:175)
Caused by: javassist.compiler.CompileError: no return statement
	at com.jsoniter.TestArray.test_boolean_array(TestArray.java:175)

test_three_elements(com.jsoniter.TestArray)  Time elapsed: 0.001 sec  <<< ERROR!
com.jsoniter.spi.JsonException: 
failed to generate decoder for: class [I with [], exception: javassist.CannotCompileException: [source error] no return statement
public static java.lang.Object decode_(com.jsoniter.JsonIterator iter) throws java.io.IOException { }
	at com.jsoniter.TestArray.test_three_elements(TestArray.java:100)
Caused by: javassist.CannotCompileException: [source error] no return statement
	at com.jsoniter.TestArray.test_three_elements(TestArray.java:100)
Caused by: javassist.compiler.CompileError: no return statement
	at com.jsoniter.TestArray.test_three_elements(TestArray.java:100)

test_two_elements(com.jsoniter.TestArray)  Time elapsed: 0.001 sec  <<< ERROR!
com.jsoniter.spi.JsonException: 
failed to generate decoder for: class [I with [], exception: javassist.CannotCompileException: [source error] no return statement
public static java.lang.Object decode_(com.jsoniter.JsonIterator iter) throws java.io.IOException { }
	at com.jsoniter.TestArray.test_two_elements(TestArray.java:74)
Caused by: javassist.CannotCompileException: [source error] no return statement
	at com.jsoniter.TestArray.test_two_elements(TestArray.java:74)
Caused by: javassist.compiler.CompileError: no return statement
	at com.jsoniter.TestArray.test_two_elements(TestArray.java:74)

test_empty_array(com.jsoniter.TestArray)  Time elapsed: 0.001 sec  <<< ERROR!
com.jsoniter.spi.JsonException: 
failed to generate decoder for: class [I with [], exception: javassist.CannotCompileException: [source error] no return statement
public static java.lang.Object decode_(com.jsoniter.JsonIterator iter) throws java.io.IOException { }
	at com.jsoniter.TestArray.test_empty_array(TestArray.java:25)
Caused by: javassist.CannotCompileException: [source error] no return statement
	at com.jsoniter.TestArray.test_empty_array(TestArray.java:25)
Caused by: javassist.compiler.CompileError: no return statement
	at com.jsoniter.TestArray.test_empty_array(TestArray.java:25)

