-------------------------------------------------------------------------------
Test set: com.jsoniter.TestDemo
-------------------------------------------------------------------------------
Tests run: 8, Failures: 0, Errors: 2, Skipped: 0, Time elapsed: 0.08 sec <<< FAILURE! - in com.jsoniter.TestDemo
test_bind_api(com.jsoniter.TestDemo)  Time elapsed: 0.002 sec  <<< ERROR!
com.jsoniter.spi.JsonException: 
failed to generate decoder for: class [I with [], exception: javassist.CannotCompileException: [source error] no return statement
public static java.lang.Object decode_(com.jsoniter.JsonIterator iter) throws java.io.IOException { }
	at com.jsoniter.TestDemo.test_bind_api(TestDemo.java:22)
Caused by: javassist.CannotCompileException: [source error] no return statement
	at com.jsoniter.TestDemo.test_bind_api(TestDemo.java:22)
Caused by: javassist.compiler.CompileError: no return statement
	at com.jsoniter.TestDemo.test_bind_api(TestDemo.java:22)

test_iterator_api_and_bind(com.jsoniter.TestDemo)  Time elapsed: 0.002 sec  <<< ERROR!
com.jsoniter.spi.JsonException: 
failed to generate decoder for: class [Ljava.lang.String; with [], exception: javassist.CannotCompileException: [source error] no return statement
public static java.lang.Object decode_(com.jsoniter.JsonIterator iter) throws java.io.IOException { }
	at com.jsoniter.TestDemo.test_iterator_api_and_bind(TestDemo.java:55)
Caused by: javassist.CannotCompileException: [source error] no return statement
	at com.jsoniter.TestDemo.test_iterator_api_and_bind(TestDemo.java:55)
Caused by: javassist.compiler.CompileError: no return statement
	at com.jsoniter.TestDemo.test_iterator_api_and_bind(TestDemo.java:55)

