-------------------------------------------------------------------------------
Test set: com.jsoniter.TestNested
-------------------------------------------------------------------------------
Tests run: 6, Failures: 0, Errors: 2, Skipped: 0, Time elapsed: 0.728 sec <<< FAILURE! - in com.jsoniter.TestNested
test_array_of_objects(com.jsoniter.TestNested)  Time elapsed: 0.012 sec  <<< ERROR!
com.jsoniter.spi.JsonException: 
failed to generate decoder for: class [Lcom.jsoniter.SimpleObject; with [], exception: javassist.CannotCompileException: [source error] no return statement
public static java.lang.Object decode_(com.jsoniter.JsonIterator iter) throws java.io.IOException { }
	at com.jsoniter.TestNested.test_array_of_objects(TestNested.java:13)
Caused by: javassist.CannotCompileException: [source error] no return statement
	at com.jsoniter.TestNested.test_array_of_objects(TestNested.java:13)
Caused by: javassist.compiler.CompileError: no return statement
	at com.jsoniter.TestNested.test_array_of_objects(TestNested.java:13)

test_array_of_objects(com.jsoniter.TestNested)  Time elapsed: 0.004 sec  <<< ERROR!
com.jsoniter.spi.JsonException: 
failed to generate decoder for: class [Lcom.jsoniter.SimpleObject; with [], exception: javassist.CannotCompileException: [source error] no return statement
public static java.lang.Object decode_(com.jsoniter.JsonIterator iter) throws java.io.IOException { }
	at com.jsoniter.TestNested.test_array_of_objects(TestNested.java:13)
Caused by: javassist.CannotCompileException: [source error] no return statement
	at com.jsoniter.TestNested.test_array_of_objects(TestNested.java:13)
Caused by: javassist.compiler.CompileError: no return statement
	at com.jsoniter.TestNested.test_array_of_objects(TestNested.java:13)

