<?xml version="1.0" encoding="UTF-8"?>
<testsuite xmlns:xsi="http://www.w3.org/2001/XMLSchema-instance" xsi:schemaLocation="https://maven.apache.org/surefire/maven-surefire-plugin/xsd/surefire-test-report.xsd" name="com.jsoniter.TestExisting" time="0.09" tests="5" errors="3" skipped="0" failures="0">
  <properties>
[...]
</properties>
  <testcase name="test_indirect_reuse" classname="com.jsoniter.TestExisting" time="0.004"/>
  <testcase name="test_indirect_reuse" classname="com.jsoniter.TestExisting" time="0.003">
    <error message="failed to generate decoder for: class com.jsoniter.TestExisting$TestObj1 with [], exception: javassist.CannotCompileException: [source error] syntax error near &quot;ull;&#10;case 1195428815&quot;&#10;public static java.lang.Object decode_(com.jsoniter.JsonIterator iter) throws java.io.IOException { java.lang.String _field1_ = null;&#10;java.lang.String _field2_ = null;&#10;case 1195428815: &#10;_field2_ = (java.lang.String)iter.readString();&#10;continue;&#10;case 1212206434: &#10;_field1_ = (java.lang.String)iter.readString();&#10;continue;&#10;com.jsoniter.TestExisting.TestObj1 obj = (existingObj == null ? new com.jsoniter.TestExisting.TestObj1() : (com.jsoniter.TestExisting.TestObj1)existingObj);&#10;obj.field1 = _field1_;&#10;obj.field2 = _field2_;&#10;}" type="com.jsoniter.spi.JsonException">com.jsoniter.spi.JsonException: 
failed to generate decoder for: class com.jsoniter.TestExisting$TestObj1 with [], exception: javassist.CannotCompileException: [source error] syntax error near "ull;
case 1195428815"
public static java.lang.Object decode_(com.jsoniter.JsonIterator iter) throws java.io.IOException { java.lang.String _field1_ = null;
java.lang.String _field2_ = null;
case 1195428815: 
_field2_ = (java.lang.String)iter.readString();
continue;
case 1212206434: 
_field1_ = (java.lang.String)iter.readString();
continue;
com.jsoniter.TestExisting.TestObj1 obj = (existingObj == null ? new com.jsoniter.TestExisting.TestObj1() : (com.jsoniter.TestExisting.TestObj1)existingObj);
obj.field1 = _field1_;
obj.field2 = _field2_;
}
	at com.jsoniter.TestExisting.test_indirect_reuse(TestExisting.java:44)
Caused by: javassist.CannotCompileException: 
[source error] syntax error near "ull;
case 1195428815"
	at com.jsoniter.TestExisting.test_indirect_reuse(TestExisting.java:44)
Caused by: javassist.compiler.SyntaxError: 
syntax error near "ull;
case 1195428815"
	at com.jsoniter.TestExisting.test_indirect_reuse(TestExisting.java:44)
</error>
    <system-out><![CDATA[Unable to open file 'src\main\java\com\jsoniter\files\CodegenImplObjectHashGen(Class,Desc)Part1.txt'
Unable to open file 'src\main\java\com\jsoniter\files\CodegenImplObjectHashGen(Class,Desc)Part2.txt'
Unable to open file 'src\main\java\com\jsoniter\files\CodegenImplObjectHashGen(Class,Desc)Part3.txt'
Unable to open file 'src\main\java\com\jsoniter\files\CodegenImplObjectHashGen(Class,Desc)Part1.txt'
Unable to open file 'src\main\java\com\jsoniter\files\CodegenImplObjectHashGen(Class,Desc)Part2.txt'
Unable to open file 'src\main\java\com\jsoniter\files\CodegenImplObjectHashGen(Class,Desc)Part3.txt'
Unable to open file 'src\main\java\com\jsoniter\files\CodegenImplObjectHashGen(Class,Desc)Part4.txt'
Unable to open file 'src\main\java\com\jsoniter\files\CodegenImplObjectHashGen(Class,Desc)Part5.txt'
]]></system-out>
  </testcase>
  <testcase name="test_indirect_reuse" classname="com.jsoniter.TestExisting" time="0.004"/>
  <testcase name="test_indirect_reuse" classname="com.jsoniter.TestExisting" time="0.087"/>
  <testcase name="test_direct_reuse" classname="com.jsoniter.TestExisting" time="0"/>
  <testcase name="test_direct_reuse" classname="com.jsoniter.TestExisting" time="0.002">
    <error message="failed to generate decoder for: class com.jsoniter.TestExisting$TestObj1 with [], exception: javassist.CannotCompileException: [source error] syntax error near &quot;ull;&#10;case 1195428815&quot;&#10;public static java.lang.Object decode_(com.jsoniter.JsonIterator iter) throws java.io.IOException { java.lang.String _field1_ = null;&#10;java.lang.String _field2_ = null;&#10;case 1195428815: &#10;_field2_ = (java.lang.String)iter.readString();&#10;continue;&#10;case 1212206434: &#10;_field1_ = (java.lang.String)iter.readString();&#10;continue;&#10;com.jsoniter.TestExisting.TestObj1 obj = (existingObj == null ? new com.jsoniter.TestExisting.TestObj1() : (com.jsoniter.TestExisting.TestObj1)existingObj);&#10;obj.field1 = _field1_;&#10;obj.field2 = _field2_;&#10;}" type="com.jsoniter.spi.JsonException">com.jsoniter.spi.JsonException: 
failed to generate decoder for: class com.jsoniter.TestExisting$TestObj1 with [], exception: javassist.CannotCompileException: [source error] syntax error near "ull;
case 1195428815"
public static java.lang.Object decode_(com.jsoniter.JsonIterator iter) throws java.io.IOException { java.lang.String _field1_ = null;
java.lang.String _field2_ = null;
case 1195428815: 
_field2_ = (java.lang.String)iter.readString();
continue;
case 1212206434: 
_field1_ = (java.lang.String)iter.readString();
continue;
com.jsoniter.TestExisting.TestObj1 obj = (existingObj == null ? new com.jsoniter.TestExisting.TestObj1() : (com.jsoniter.TestExisting.TestObj1)existingObj);
obj.field1 = _field1_;
obj.field2 = _field2_;
}
	at com.jsoniter.TestExisting.test_direct_reuse(TestExisting.java:28)
Caused by: javassist.CannotCompileException: 
[source error] syntax error near "ull;
case 1195428815"
	at com.jsoniter.TestExisting.test_direct_reuse(TestExisting.java:28)
Caused by: javassist.compiler.SyntaxError: 
syntax error near "ull;
case 1195428815"
	at com.jsoniter.TestExisting.test_direct_reuse(TestExisting.java:28)
</error>
    <system-out><![CDATA[Unable to open file 'src\main\java\com\jsoniter\files\CodegenImplObjectHashGen(Class,Desc)Part1.txt'
Unable to open file 'src\main\java\com\jsoniter\files\CodegenImplObjectHashGen(Class,Desc)Part2.txt'
Unable to open file 'src\main\java\com\jsoniter\files\CodegenImplObjectHashGen(Class,Desc)Part3.txt'
Unable to open file 'src\main\java\com\jsoniter\files\CodegenImplObjectHashGen(Class,Desc)Part4.txt'
Unable to open file 'src\main\java\com\jsoniter\files\CodegenImplObjectHashGen(Class,Desc)Part5.txt'
]]></system-out>
  </testcase>
  <testcase name="test_direct_reuse" classname="com.jsoniter.TestExisting" time="0"/>
  <testcase name="test_direct_reuse" classname="com.jsoniter.TestExisting" time="0"/>
  <testcase name="test_reuse_list" classname="com.jsoniter.TestExisting" time="0"/>
  <testcase name="test_reuse_list" classname="com.jsoniter.TestExisting" time="0.001">
    <error message="failed to generate decoder for: ParameterizedTypeImpl{actualTypeArguments=[class java.lang.Integer], ownerType=null, rawType=java.util.ArrayList} with [class java.lang.Integer], exception: javassist.CannotCompileException: [source error] no return statement&#10;public static java.lang.Object decode_(com.jsoniter.JsonIterator iter) throws java.io.IOException { }" type="com.jsoniter.spi.JsonException">com.jsoniter.spi.JsonException: 
failed to generate decoder for: ParameterizedTypeImpl{actualTypeArguments=[class java.lang.Integer], ownerType=null, rawType=java.util.ArrayList} with [class java.lang.Integer], exception: javassist.CannotCompileException: [source error] no return statement
public static java.lang.Object decode_(com.jsoniter.JsonIterator iter) throws java.io.IOException { }
	at com.jsoniter.TestExisting.test_reuse_list(TestExisting.java:53)
Caused by: javassist.CannotCompileException: [source error] no return statement
	at com.jsoniter.TestExisting.test_reuse_list(TestExisting.java:53)
Caused by: javassist.compiler.CompileError: no return statement
	at com.jsoniter.TestExisting.test_reuse_list(TestExisting.java:53)
</error>
    <system-out><![CDATA[Unable to open file 'src\main\java\com\jsoniter\files\CodegenImplArrayGen(Class,Type)WithCollectionClasses.txt'
]]></system-out>
  </testcase>
  <testcase name="test_reuse_list" classname="com.jsoniter.TestExisting" time="0"/>
  <testcase name="test_reuse_list" classname="com.jsoniter.TestExisting" time="0.001">
    <error message="failed to generate decoder for: ParameterizedTypeImpl{actualTypeArguments=[class java.lang.Integer], ownerType=null, rawType=java.util.ArrayList} with [class java.lang.Integer], exception: javassist.CannotCompileException: [source error] no return statement&#10;public static java.lang.Object decode_(com.jsoniter.JsonIterator iter) throws java.io.IOException { }" type="com.jsoniter.spi.JsonException">com.jsoniter.spi.JsonException: 
failed to generate decoder for: ParameterizedTypeImpl{actualTypeArguments=[class java.lang.Integer], ownerType=null, rawType=java.util.ArrayList} with [class java.lang.Integer], exception: javassist.CannotCompileException: [source error] no return statement
public static java.lang.Object decode_(com.jsoniter.JsonIterator iter) throws java.io.IOException { }
	at com.jsoniter.TestExisting.test_reuse_list(TestExisting.java:53)
Caused by: javassist.CannotCompileException: [source error] no return statement
	at com.jsoniter.TestExisting.test_reuse_list(TestExisting.java:53)
Caused by: javassist.compiler.CompileError: no return statement
	at com.jsoniter.TestExisting.test_reuse_list(TestExisting.java:53)
</error>
    <system-out><![CDATA[Unable to open file 'src\main\java\com\jsoniter\files\CodegenImplArrayGen(Class,Type)WithCollectionClasses.txt'
]]></system-out>
  </testcase>
  <testcase name="test_reuse_map" classname="com.jsoniter.TestExisting" time="0.001"/>
  <testcase name="test_reuse_map" classname="com.jsoniter.TestExisting" time="0.002">
    <error message="failed to generate decoder for: ParameterizedTypeImpl{actualTypeArguments=[class java.lang.String, class java.lang.Object], ownerType=null, rawType=java.util.HashMap} with [class java.lang.String, class java.lang.Object], exception: javassist.CannotCompileException: [source error] no return statement&#10;public static java.lang.Object decode_(com.jsoniter.JsonIterator iter) throws java.io.IOException { }" type="com.jsoniter.spi.JsonException">com.jsoniter.spi.JsonException: 
failed to generate decoder for: ParameterizedTypeImpl{actualTypeArguments=[class java.lang.String, class java.lang.Object], ownerType=null, rawType=java.util.HashMap} with [class java.lang.String, class java.lang.Object], exception: javassist.CannotCompileException: [source error] no return statement
public static java.lang.Object decode_(com.jsoniter.JsonIterator iter) throws java.io.IOException { }
	at com.jsoniter.TestExisting.test_reuse_map(TestExisting.java:68)
Caused by: javassist.CannotCompileException: [source error] no return statement
	at com.jsoniter.TestExisting.test_reuse_map(TestExisting.java:68)
Caused by: javassist.compiler.CompileError: no return statement
	at com.jsoniter.TestExisting.test_reuse_map(TestExisting.java:68)
</error>
    <system-out><![CDATA[Unable to open file 'src\main\java\com\jsoniter\files\CodegenImplMapGen(Class,Type).txt'
]]></system-out>
  </testcase>
  <testcase name="test_reuse_map" classname="com.jsoniter.TestExisting" time="0"/>
  <testcase name="test_reuse_map" classname="com.jsoniter.TestExisting" time="0.001">
    <error message="failed to generate decoder for: ParameterizedTypeImpl{actualTypeArguments=[class java.lang.String, class java.lang.Object], ownerType=null, rawType=java.util.HashMap} with [class java.lang.String, class java.lang.Object], exception: javassist.CannotCompileException: [source error] no return statement&#10;public static java.lang.Object decode_(com.jsoniter.JsonIterator iter) throws java.io.IOException { }" type="com.jsoniter.spi.JsonException">com.jsoniter.spi.JsonException: 
failed to generate decoder for: ParameterizedTypeImpl{actualTypeArguments=[class java.lang.String, class java.lang.Object], ownerType=null, rawType=java.util.HashMap} with [class java.lang.String, class java.lang.Object], exception: javassist.CannotCompileException: [source error] no return statement
public static java.lang.Object decode_(com.jsoniter.JsonIterator iter) throws java.io.IOException { }
	at com.jsoniter.TestExisting.test_reuse_map(TestExisting.java:68)
Caused by: javassist.CannotCompileException: [source error] no return statement
	at com.jsoniter.TestExisting.test_reuse_map(TestExisting.java:68)
Caused by: javassist.compiler.CompileError: no return statement
	at com.jsoniter.TestExisting.test_reuse_map(TestExisting.java:68)
</error>
    <system-out><![CDATA[Unable to open file 'src\main\java\com\jsoniter\files\CodegenImplMapGen(Class,Type).txt'
]]></system-out>
  </testcase>
  <testcase name="test_reuse_linked_list" classname="com.jsoniter.TestExisting" time="0"/>
  <testcase name="test_reuse_linked_list" classname="com.jsoniter.TestExisting" time="0.001">
    <error message="failed to generate decoder for: ParameterizedTypeImpl{actualTypeArguments=[class java.lang.Integer], ownerType=null, rawType=java.util.LinkedList} with [class java.lang.Integer], exception: javassist.CannotCompileException: [source error] no return statement&#10;public static java.lang.Object decode_(com.jsoniter.JsonIterator iter) throws java.io.IOException { }" type="com.jsoniter.spi.JsonException">com.jsoniter.spi.JsonException: 
failed to generate decoder for: ParameterizedTypeImpl{actualTypeArguments=[class java.lang.Integer], ownerType=null, rawType=java.util.LinkedList} with [class java.lang.Integer], exception: javassist.CannotCompileException: [source error] no return statement
public static java.lang.Object decode_(com.jsoniter.JsonIterator iter) throws java.io.IOException { }
	at com.jsoniter.TestExisting.test_reuse_linked_list(TestExisting.java:60)
Caused by: javassist.CannotCompileException: [source error] no return statement
	at com.jsoniter.TestExisting.test_reuse_linked_list(TestExisting.java:60)
Caused by: javassist.compiler.CompileError: no return statement
	at com.jsoniter.TestExisting.test_reuse_linked_list(TestExisting.java:60)
</error>
    <system-out><![CDATA[Unable to open file 'src\main\java\com\jsoniter\files\CodegenImplArrayGen(Class,Type)WithoutCollectionClasses.txt'
]]></system-out>
  </testcase>
  <testcase name="test_reuse_linked_list" classname="com.jsoniter.TestExisting" time="0.001"/>
  <testcase name="test_reuse_linked_list" classname="com.jsoniter.TestExisting" time="0.001">
    <error message="failed to generate decoder for: ParameterizedTypeImpl{actualTypeArguments=[class java.lang.Integer], ownerType=null, rawType=java.util.LinkedList} with [class java.lang.Integer], exception: javassist.CannotCompileException: [source error] no return statement&#10;public static java.lang.Object decode_(com.jsoniter.JsonIterator iter) throws java.io.IOException { }" type="com.jsoniter.spi.JsonException">com.jsoniter.spi.JsonException: 
failed to generate decoder for: ParameterizedTypeImpl{actualTypeArguments=[class java.lang.Integer], ownerType=null, rawType=java.util.LinkedList} with [class java.lang.Integer], exception: javassist.CannotCompileException: [source error] no return statement
public static java.lang.Object decode_(com.jsoniter.JsonIterator iter) throws java.io.IOException { }
	at com.jsoniter.TestExisting.test_reuse_linked_list(TestExisting.java:60)
Caused by: javassist.CannotCompileException: [source error] no return statement
	at com.jsoniter.TestExisting.test_reuse_linked_list(TestExisting.java:60)
Caused by: javassist.compiler.CompileError: no return statement
	at com.jsoniter.TestExisting.test_reuse_linked_list(TestExisting.java:60)
</error>
    <system-out><![CDATA[Unable to open file 'src\main\java\com\jsoniter\files\CodegenImplArrayGen(Class,Type)WithoutCollectionClasses.txt'
]]></system-out>
  </testcase>
</testsuite>