<?xml version="1.0" encoding="UTF-8"?>
<testsuite xmlns:xsi="http://www.w3.org/2001/XMLSchema-instance" xsi:schemaLocation="https://maven.apache.org/surefire/maven-surefire-plugin/xsd/surefire-test-report.xsd" name="com.jsoniter.TestObject" time="0.74" tests="14" errors="1" skipped="0" failures="0">
  <properties>
[...]
</properties>
  <testcase name="test_private_ref" classname="com.jsoniter.TestObject" time="0.002"/>
  <testcase name="test_private_ref" classname="com.jsoniter.TestObject" time="0.004"/>
  <testcase name="test_private_ref" classname="com.jsoniter.TestObject" time="0"/>
  <testcase name="test_private_ref" classname="com.jsoniter.TestObject" time="0.008"/>
  <testcase name="test_private_ref" classname="com.jsoniter.TestObject" time="0"/>
  <testcase name="test_inheritance" classname="com.jsoniter.TestObject" time="0.002"/>
  <testcase name="test_inheritance" classname="com.jsoniter.TestObject" time="0.015">
    <error message="failed to generate decoder for: class com.jsoniter.TestObject$InheritedObject with [], exception: javassist.CannotCompileException: [source error] syntax error near &quot;ull;&#10;case 1195428815&quot;&#10;public static java.lang.Object decode_(com.jsoniter.JsonIterator iter) throws java.io.IOException { java.lang.String _inheritedField_ = null;&#10;java.lang.String _field2_ = null;&#10;java.lang.String _field1_ = null;&#10;case 1195428815: &#10;_field2_ = (java.lang.String)iter.readString();&#10;continue;&#10;case 1212206434: &#10;_field1_ = (java.lang.String)iter.readString();&#10;continue;&#10;case 1485325867: &#10;_inheritedField_ = (java.lang.String)iter.readString();&#10;continue;&#10;com.jsoniter.TestObject.InheritedObject obj = (existingObj == null ? new com.jsoniter.TestObject.InheritedObject() : (com.jsoniter.TestObject.InheritedObject)existingObj);&#10;obj.inheritedField = _inheritedField_;&#10;obj.field2 = _field2_;&#10;obj.field1 = _field1_;&#10;}" type="com.jsoniter.spi.JsonException">com.jsoniter.spi.JsonException: 
failed to generate decoder for: class com.jsoniter.TestObject$InheritedObject with [], exception: javassist.CannotCompileException: [source error] syntax error near "ull;
case 1195428815"
public static java.lang.Object decode_(com.jsoniter.JsonIterator iter) throws java.io.IOException { java.lang.String _inheritedField_ = null;
java.lang.String _field2_ = null;
java.lang.String _field1_ = null;
case 1195428815: 
_field2_ = (java.lang.String)iter.readString();
continue;
case 1212206434: 
_field1_ = (java.lang.String)iter.readString();
continue;
case 1485325867: 
_inheritedField_ = (java.lang.String)iter.readString();
continue;
com.jsoniter.TestObject.InheritedObject obj = (existingObj == null ? new com.jsoniter.TestObject.InheritedObject() : (com.jsoniter.TestObject.InheritedObject)existingObj);
obj.inheritedField = _inheritedField_;
obj.field2 = _field2_;
obj.field1 = _field1_;
}
	at com.jsoniter.TestObject.test_inheritance(TestObject.java:118)
Caused by: javassist.CannotCompileException: 
[source error] syntax error near "ull;
case 1195428815"
	at com.jsoniter.TestObject.test_inheritance(TestObject.java:118)
Caused by: javassist.compiler.SyntaxError: 
syntax error near "ull;
case 1195428815"
	at com.jsoniter.TestObject.test_inheritance(TestObject.java:118)
</error>
    <system-out><![CDATA[Unable to open file 'src\main\java\com\jsoniter\files\CodegenImplObjectHashGen(Class,Desc)Part1.txt'
Unable to open file 'src\main\java\com\jsoniter\files\CodegenImplObjectHashGen(Class,Desc)Part2.txt'
Unable to open file 'src\main\java\com\jsoniter\files\CodegenImplObjectHashGen(Class,Desc)Part3.txt'
Unable to open file 'src\main\java\com\jsoniter\files\CodegenImplObjectHashGen(Class,Desc)Part4.txt'
Unable to open file 'src\main\java\com\jsoniter\files\CodegenImplObjectHashGen(Class,Desc)Part5.txt'
]]></system-out>
  </testcase>
  <testcase name="test_inheritance" classname="com.jsoniter.TestObject" time="0.003">
    <error message="failed to generate decoder for: class com.jsoniter.TestObject$InheritedObject with [], exception: javassist.CannotCompileException: [source error] syntax error near &quot;ull;&#10;case 1195428815&quot;&#10;public static java.lang.Object decode_(com.jsoniter.JsonIterator iter) throws java.io.IOException { java.lang.String _inheritedField_ = null;&#10;java.lang.String _field2_ = null;&#10;java.lang.String _field1_ = null;&#10;case 1195428815: &#10;_field2_ = (java.lang.String)iter.readString();&#10;continue;&#10;case 1212206434: &#10;_field1_ = (java.lang.String)iter.readString();&#10;continue;&#10;case 1485325867: &#10;_inheritedField_ = (java.lang.String)iter.readString();&#10;continue;&#10;com.jsoniter.TestObject.InheritedObject obj = (existingObj == null ? new com.jsoniter.TestObject.InheritedObject() : (com.jsoniter.TestObject.InheritedObject)existingObj);&#10;obj.inheritedField = _inheritedField_;&#10;obj.field2 = _field2_;&#10;obj.field1 = _field1_;&#10;}" type="com.jsoniter.spi.JsonException">com.jsoniter.spi.JsonException: 
failed to generate decoder for: class com.jsoniter.TestObject$InheritedObject with [], exception: javassist.CannotCompileException: [source error] syntax error near "ull;
case 1195428815"
public static java.lang.Object decode_(com.jsoniter.JsonIterator iter) throws java.io.IOException { java.lang.String _inheritedField_ = null;
java.lang.String _field2_ = null;
java.lang.String _field1_ = null;
case 1195428815: 
_field2_ = (java.lang.String)iter.readString();
continue;
case 1212206434: 
_field1_ = (java.lang.String)iter.readString();
continue;
case 1485325867: 
_inheritedField_ = (java.lang.String)iter.readString();
continue;
com.jsoniter.TestObject.InheritedObject obj = (existingObj == null ? new com.jsoniter.TestObject.InheritedObject() : (com.jsoniter.TestObject.InheritedObject)existingObj);
obj.inheritedField = _inheritedField_;
obj.field2 = _field2_;
obj.field1 = _field1_;
}
	at com.jsoniter.TestObject.test_inheritance(TestObject.java:118)
Caused by: javassist.CannotCompileException: 
[source error] syntax error near "ull;
case 1195428815"
	at com.jsoniter.TestObject.test_inheritance(TestObject.java:118)
Caused by: javassist.compiler.SyntaxError: 
syntax error near "ull;
case 1195428815"
	at com.jsoniter.TestObject.test_inheritance(TestObject.java:118)
</error>
    <system-out><![CDATA[Unable to open file 'src\main\java\com\jsoniter\files\CodegenImplObjectHashGen(Class,Desc)Part1.txt'
Unable to open file 'src\main\java\com\jsoniter\files\CodegenImplObjectHashGen(Class,Desc)Part2.txt'
Unable to open file 'src\main\java\com\jsoniter\files\CodegenImplObjectHashGen(Class,Desc)Part3.txt'
Unable to open file 'src\main\java\com\jsoniter\files\CodegenImplObjectHashGen(Class,Desc)Part4.txt'
Unable to open file 'src\main\java\com\jsoniter\files\CodegenImplObjectHashGen(Class,Desc)Part5.txt'
]]></system-out>
  </testcase>
  <testcase name="test_inheritance" classname="com.jsoniter.TestObject" time="0.014"/>
  <testcase name="test_object_creation" classname="com.jsoniter.TestObject" time="0.001"/>
  <testcase name="test_object_creation" classname="com.jsoniter.TestObject" time="0.036"/>
  <testcase name="test_object_creation" classname="com.jsoniter.TestObject" time="0"/>
  <testcase name="test_object_creation" classname="com.jsoniter.TestObject" time="0.004"/>
  <testcase name="test_maybe_empty_array_field" classname="com.jsoniter.TestObject" time="0.002"/>
  <testcase name="test_maybe_empty_array_field" classname="com.jsoniter.TestObject" time="0.002">
    <error message="failed to generate decoder for: class com.jsoniter.TestObject$TestObject6 with [], exception: javassist.CannotCompileException: [source error] syntax error near &quot;ull;&#10;case 1212206434&quot;&#10;public static java.lang.Object decode_(com.jsoniter.JsonIterator iter) throws java.io.IOException { java.util.Map _field1_ = null;&#10;case 1212206434: &#10;_field1_ = (java.util.Map)com.jsoniter.CodegenAccess.read(&quot;field1@decoder.com.jsoniter.TestObject_TestObject6&quot;, iter);&#10;continue;&#10;com.jsoniter.TestObject.TestObject6 obj = (existingObj == null ? new com.jsoniter.TestObject.TestObject6() : (com.jsoniter.TestObject.TestObject6)existingObj);&#10;obj.field1 = _field1_;&#10;}" type="com.jsoniter.spi.JsonException">com.jsoniter.spi.JsonException: 
failed to generate decoder for: class com.jsoniter.TestObject$TestObject6 with [], exception: javassist.CannotCompileException: [source error] syntax error near "ull;
case 1212206434"
public static java.lang.Object decode_(com.jsoniter.JsonIterator iter) throws java.io.IOException { java.util.Map _field1_ = null;
case 1212206434: 
_field1_ = (java.util.Map)com.jsoniter.CodegenAccess.read("field1@decoder.com.jsoniter.TestObject_TestObject6", iter);
continue;
com.jsoniter.TestObject.TestObject6 obj = (existingObj == null ? new com.jsoniter.TestObject.TestObject6() : (com.jsoniter.TestObject.TestObject6)existingObj);
obj.field1 = _field1_;
}
	at com.jsoniter.TestObject.test_maybe_empty_array_field(TestObject.java:181)
Caused by: javassist.CannotCompileException: 
[source error] syntax error near "ull;
case 1212206434"
	at com.jsoniter.TestObject.test_maybe_empty_array_field(TestObject.java:181)
Caused by: javassist.compiler.SyntaxError: 
syntax error near "ull;
case 1212206434"
	at com.jsoniter.TestObject.test_maybe_empty_array_field(TestObject.java:181)
</error>
    <system-out><![CDATA[Unable to open file 'src\main\java\com\jsoniter\files\CodegenImplObjectHashGen(Class,Desc)Part1.txt'
Unable to open file 'src\main\java\com\jsoniter\files\CodegenImplObjectHashGen(Class,Desc)Part2.txt'
Unable to open file 'src\main\java\com\jsoniter\files\CodegenImplObjectHashGen(Class,Desc)Part3.txt'
Unable to open file 'src\main\java\com\jsoniter\files\CodegenImplObjectHashGen(Class,Desc)Part4.txt'
Unable to open file 'src\main\java\com\jsoniter\files\CodegenImplObjectHashGen(Class,Desc)Part5.txt'
]]></system-out>
  </testcase>
  <testcase name="test_maybe_empty_array_field" classname="com.jsoniter.TestObject" time="0.001">
    <error message="failed to generate decoder for: class com.jsoniter.TestObject$TestObject6 with [], exception: javassist.CannotCompileException: [source error] syntax error near &quot;ull;&#10;case 1212206434&quot;&#10;public static java.lang.Object decode_(com.jsoniter.JsonIterator iter) throws java.io.IOException { java.util.Map _field1_ = null;&#10;case 1212206434: &#10;_field1_ = (java.util.Map)com.jsoniter.CodegenAccess.read(&quot;field1@decoder.com.jsoniter.TestObject_TestObject6&quot;, iter);&#10;continue;&#10;com.jsoniter.TestObject.TestObject6 obj = (existingObj == null ? new com.jsoniter.TestObject.TestObject6() : (com.jsoniter.TestObject.TestObject6)existingObj);&#10;obj.field1 = _field1_;&#10;}" type="com.jsoniter.spi.JsonException">com.jsoniter.spi.JsonException: 
failed to generate decoder for: class com.jsoniter.TestObject$TestObject6 with [], exception: javassist.CannotCompileException: [source error] syntax error near "ull;
case 1212206434"
public static java.lang.Object decode_(com.jsoniter.JsonIterator iter) throws java.io.IOException { java.util.Map _field1_ = null;
case 1212206434: 
_field1_ = (java.util.Map)com.jsoniter.CodegenAccess.read("field1@decoder.com.jsoniter.TestObject_TestObject6", iter);
continue;
com.jsoniter.TestObject.TestObject6 obj = (existingObj == null ? new com.jsoniter.TestObject.TestObject6() : (com.jsoniter.TestObject.TestObject6)existingObj);
obj.field1 = _field1_;
}
	at com.jsoniter.TestObject.test_maybe_empty_array_field(TestObject.java:181)
Caused by: javassist.CannotCompileException: 
[source error] syntax error near "ull;
case 1212206434"
	at com.jsoniter.TestObject.test_maybe_empty_array_field(TestObject.java:181)
Caused by: javassist.compiler.SyntaxError: 
syntax error near "ull;
case 1212206434"
	at com.jsoniter.TestObject.test_maybe_empty_array_field(TestObject.java:181)
</error>
    <system-out><![CDATA[Unable to open file 'src\main\java\com\jsoniter\files\CodegenImplObjectHashGen(Class,Desc)Part1.txt'
Unable to open file 'src\main\java\com\jsoniter\files\CodegenImplObjectHashGen(Class,Desc)Part2.txt'
Unable to open file 'src\main\java\com\jsoniter\files\CodegenImplObjectHashGen(Class,Desc)Part3.txt'
Unable to open file 'src\main\java\com\jsoniter\files\CodegenImplObjectHashGen(Class,Desc)Part4.txt'
Unable to open file 'src\main\java\com\jsoniter\files\CodegenImplObjectHashGen(Class,Desc)Part5.txt'
]]></system-out>
  </testcase>
  <testcase name="test_maybe_empty_array_field" classname="com.jsoniter.TestObject" time="0.146"/>
  <testcase name="test_two_fields" classname="com.jsoniter.TestObject" time="0"/>
  <testcase name="test_two_fields" classname="com.jsoniter.TestObject" time="0.002">
    <error message="failed to generate decoder for: class com.jsoniter.SimpleObject with [], exception: javassist.CannotCompileException: [source error] syntax error near &quot;ull;&#10;case 1195428815&quot;&#10;public static java.lang.Object decode_(com.jsoniter.JsonIterator iter) throws java.io.IOException { java.lang.String _field2_ = null;&#10;java.lang.String _field1_ = null;&#10;case 1195428815: &#10;_field2_ = (java.lang.String)iter.readString();&#10;continue;&#10;case 1212206434: &#10;_field1_ = (java.lang.String)iter.readString();&#10;continue;&#10;com.jsoniter.SimpleObject obj = (existingObj == null ? new com.jsoniter.SimpleObject() : (com.jsoniter.SimpleObject)existingObj);&#10;obj.field2 = _field2_;&#10;obj.field1 = _field1_;&#10;}" type="com.jsoniter.spi.JsonException">com.jsoniter.spi.JsonException: 
failed to generate decoder for: class com.jsoniter.SimpleObject with [], exception: javassist.CannotCompileException: [source error] syntax error near "ull;
case 1195428815"
public static java.lang.Object decode_(com.jsoniter.JsonIterator iter) throws java.io.IOException { java.lang.String _field2_ = null;
java.lang.String _field1_ = null;
case 1195428815: 
_field2_ = (java.lang.String)iter.readString();
continue;
case 1212206434: 
_field1_ = (java.lang.String)iter.readString();
continue;
com.jsoniter.SimpleObject obj = (existingObj == null ? new com.jsoniter.SimpleObject() : (com.jsoniter.SimpleObject)existingObj);
obj.field2 = _field2_;
obj.field1 = _field1_;
}
	at com.jsoniter.TestObject.test_two_fields(TestObject.java:72)
Caused by: javassist.CannotCompileException: 
[source error] syntax error near "ull;
case 1195428815"
	at com.jsoniter.TestObject.test_two_fields(TestObject.java:72)
Caused by: javassist.compiler.SyntaxError: 
syntax error near "ull;
case 1195428815"
	at com.jsoniter.TestObject.test_two_fields(TestObject.java:72)
</error>
    <system-out><![CDATA[Unable to open file 'src\main\java\com\jsoniter\files\CodegenImplObjectHashGen(Class,Desc)Part1.txt'
Unable to open file 'src\main\java\com\jsoniter\files\CodegenImplObjectHashGen(Class,Desc)Part2.txt'
Unable to open file 'src\main\java\com\jsoniter\files\CodegenImplObjectHashGen(Class,Desc)Part3.txt'
Unable to open file 'src\main\java\com\jsoniter\files\CodegenImplObjectHashGen(Class,Desc)Part4.txt'
Unable to open file 'src\main\java\com\jsoniter\files\CodegenImplObjectHashGen(Class,Desc)Part5.txt'
]]></system-out>
  </testcase>
  <testcase name="test_two_fields" classname="com.jsoniter.TestObject" time="0.001">
    <error message="failed to generate decoder for: class com.jsoniter.SimpleObject with [], exception: javassist.CannotCompileException: [source error] syntax error near &quot;ull;&#10;case 1195428815&quot;&#10;public static java.lang.Object decode_(com.jsoniter.JsonIterator iter) throws java.io.IOException { java.lang.String _field2_ = null;&#10;java.lang.String _field1_ = null;&#10;case 1195428815: &#10;_field2_ = (java.lang.String)iter.readString();&#10;continue;&#10;case 1212206434: &#10;_field1_ = (java.lang.String)iter.readString();&#10;continue;&#10;com.jsoniter.SimpleObject obj = (existingObj == null ? new com.jsoniter.SimpleObject() : (com.jsoniter.SimpleObject)existingObj);&#10;obj.field2 = _field2_;&#10;obj.field1 = _field1_;&#10;}" type="com.jsoniter.spi.JsonException">com.jsoniter.spi.JsonException: 
failed to generate decoder for: class com.jsoniter.SimpleObject with [], exception: javassist.CannotCompileException: [source error] syntax error near "ull;
case 1195428815"
public static java.lang.Object decode_(com.jsoniter.JsonIterator iter) throws java.io.IOException { java.lang.String _field2_ = null;
java.lang.String _field1_ = null;
case 1195428815: 
_field2_ = (java.lang.String)iter.readString();
continue;
case 1212206434: 
_field1_ = (java.lang.String)iter.readString();
continue;
com.jsoniter.SimpleObject obj = (existingObj == null ? new com.jsoniter.SimpleObject() : (com.jsoniter.SimpleObject)existingObj);
obj.field2 = _field2_;
obj.field1 = _field1_;
}
	at com.jsoniter.TestObject.test_two_fields(TestObject.java:72)
Caused by: javassist.CannotCompileException: 
[source error] syntax error near "ull;
case 1195428815"
	at com.jsoniter.TestObject.test_two_fields(TestObject.java:72)
Caused by: javassist.compiler.SyntaxError: 
syntax error near "ull;
case 1195428815"
	at com.jsoniter.TestObject.test_two_fields(TestObject.java:72)
</error>
    <system-out><![CDATA[Unable to open file 'src\main\java\com\jsoniter\files\CodegenImplObjectHashGen(Class,Desc)Part1.txt'
Unable to open file 'src\main\java\com\jsoniter\files\CodegenImplObjectHashGen(Class,Desc)Part2.txt'
Unable to open file 'src\main\java\com\jsoniter\files\CodegenImplObjectHashGen(Class,Desc)Part3.txt'
Unable to open file 'src\main\java\com\jsoniter\files\CodegenImplObjectHashGen(Class,Desc)Part4.txt'
Unable to open file 'src\main\java\com\jsoniter\files\CodegenImplObjectHashGen(Class,Desc)Part5.txt'
]]></system-out>
  </testcase>
  <testcase name="test_two_fields" classname="com.jsoniter.TestObject" time="0"/>
  <testcase name="test_incomplete_field_name" classname="com.jsoniter.TestObject" time="0.001"/>
  <testcase name="test_incomplete_field_name" classname="com.jsoniter.TestObject" time="0.012"/>
  <testcase name="test_incomplete_field_name" classname="com.jsoniter.TestObject" time="0.005"/>
  <testcase name="test_incomplete_field_name" classname="com.jsoniter.TestObject" time="0"/>
  <testcase name="test_empty_object" classname="com.jsoniter.TestObject" time="0"/>
  <testcase name="test_empty_object" classname="com.jsoniter.TestObject" time="0.001">
    <error message="failed to generate decoder for: class com.jsoniter.SimpleObject with [], exception: javassist.CannotCompileException: [source error] syntax error near &quot;ull;&#10;case 1195428815&quot;&#10;public static java.lang.Object decode_(com.jsoniter.JsonIterator iter) throws java.io.IOException { java.lang.String _field2_ = null;&#10;java.lang.String _field1_ = null;&#10;case 1195428815: &#10;_field2_ = (java.lang.String)iter.readString();&#10;continue;&#10;case 1212206434: &#10;_field1_ = (java.lang.String)iter.readString();&#10;continue;&#10;com.jsoniter.SimpleObject obj = (existingObj == null ? new com.jsoniter.SimpleObject() : (com.jsoniter.SimpleObject)existingObj);&#10;obj.field2 = _field2_;&#10;obj.field1 = _field1_;&#10;}" type="com.jsoniter.spi.JsonException">com.jsoniter.spi.JsonException: 
failed to generate decoder for: class com.jsoniter.SimpleObject with [], exception: javassist.CannotCompileException: [source error] syntax error near "ull;
case 1195428815"
public static java.lang.Object decode_(com.jsoniter.JsonIterator iter) throws java.io.IOException { java.lang.String _field2_ = null;
java.lang.String _field1_ = null;
case 1195428815: 
_field2_ = (java.lang.String)iter.readString();
continue;
case 1212206434: 
_field1_ = (java.lang.String)iter.readString();
continue;
com.jsoniter.SimpleObject obj = (existingObj == null ? new com.jsoniter.SimpleObject() : (com.jsoniter.SimpleObject)existingObj);
obj.field2 = _field2_;
obj.field1 = _field1_;
}
	at com.jsoniter.TestObject.test_empty_object(TestObject.java:36)
Caused by: javassist.CannotCompileException: 
[source error] syntax error near "ull;
case 1195428815"
	at com.jsoniter.TestObject.test_empty_object(TestObject.java:36)
Caused by: javassist.compiler.SyntaxError: 
syntax error near "ull;
case 1195428815"
	at com.jsoniter.TestObject.test_empty_object(TestObject.java:36)
</error>
    <system-out><![CDATA[Unable to open file 'src\main\java\com\jsoniter\files\CodegenImplObjectHashGen(Class,Desc)Part1.txt'
Unable to open file 'src\main\java\com\jsoniter\files\CodegenImplObjectHashGen(Class,Desc)Part2.txt'
Unable to open file 'src\main\java\com\jsoniter\files\CodegenImplObjectHashGen(Class,Desc)Part3.txt'
Unable to open file 'src\main\java\com\jsoniter\files\CodegenImplObjectHashGen(Class,Desc)Part4.txt'
Unable to open file 'src\main\java\com\jsoniter\files\CodegenImplObjectHashGen(Class,Desc)Part5.txt'
]]></system-out>
  </testcase>
  <testcase name="test_empty_object" classname="com.jsoniter.TestObject" time="0.002">
    <error message="failed to generate decoder for: class com.jsoniter.SimpleObject with [], exception: javassist.CannotCompileException: [source error] syntax error near &quot;ull;&#10;case 1195428815&quot;&#10;public static java.lang.Object decode_(com.jsoniter.JsonIterator iter) throws java.io.IOException { java.lang.String _field2_ = null;&#10;java.lang.String _field1_ = null;&#10;case 1195428815: &#10;_field2_ = (java.lang.String)iter.readString();&#10;continue;&#10;case 1212206434: &#10;_field1_ = (java.lang.String)iter.readString();&#10;continue;&#10;com.jsoniter.SimpleObject obj = (existingObj == null ? new com.jsoniter.SimpleObject() : (com.jsoniter.SimpleObject)existingObj);&#10;obj.field2 = _field2_;&#10;obj.field1 = _field1_;&#10;}" type="com.jsoniter.spi.JsonException">com.jsoniter.spi.JsonException: 
failed to generate decoder for: class com.jsoniter.SimpleObject with [], exception: javassist.CannotCompileException: [source error] syntax error near "ull;
case 1195428815"
public static java.lang.Object decode_(com.jsoniter.JsonIterator iter) throws java.io.IOException { java.lang.String _field2_ = null;
java.lang.String _field1_ = null;
case 1195428815: 
_field2_ = (java.lang.String)iter.readString();
continue;
case 1212206434: 
_field1_ = (java.lang.String)iter.readString();
continue;
com.jsoniter.SimpleObject obj = (existingObj == null ? new com.jsoniter.SimpleObject() : (com.jsoniter.SimpleObject)existingObj);
obj.field2 = _field2_;
obj.field1 = _field1_;
}
	at com.jsoniter.TestObject.test_empty_object(TestObject.java:36)
Caused by: javassist.CannotCompileException: 
[source error] syntax error near "ull;
case 1195428815"
	at com.jsoniter.TestObject.test_empty_object(TestObject.java:36)
Caused by: javassist.compiler.SyntaxError: 
syntax error near "ull;
case 1195428815"
	at com.jsoniter.TestObject.test_empty_object(TestObject.java:36)
</error>
    <system-out><![CDATA[Unable to open file 'src\main\java\com\jsoniter\files\CodegenImplObjectHashGen(Class,Desc)Part1.txt'
Unable to open file 'src\main\java\com\jsoniter\files\CodegenImplObjectHashGen(Class,Desc)Part2.txt'
Unable to open file 'src\main\java\com\jsoniter\files\CodegenImplObjectHashGen(Class,Desc)Part3.txt'
Unable to open file 'src\main\java\com\jsoniter\files\CodegenImplObjectHashGen(Class,Desc)Part4.txt'
Unable to open file 'src\main\java\com\jsoniter\files\CodegenImplObjectHashGen(Class,Desc)Part5.txt'
]]></system-out>
  </testcase>
  <testcase name="test_empty_object" classname="com.jsoniter.TestObject" time="0"/>
  <testcase name="test_read_null" classname="com.jsoniter.TestObject" time="0.001"/>
  <testcase name="test_read_null" classname="com.jsoniter.TestObject" time="0.002">
    <error message="failed to generate decoder for: class com.jsoniter.SimpleObject with [], exception: javassist.CannotCompileException: [source error] syntax error near &quot;ull;&#10;case 1195428815&quot;&#10;public static java.lang.Object decode_(com.jsoniter.JsonIterator iter) throws java.io.IOException { java.lang.String _field2_ = null;&#10;java.lang.String _field1_ = null;&#10;case 1195428815: &#10;_field2_ = (java.lang.String)iter.readString();&#10;continue;&#10;case 1212206434: &#10;_field1_ = (java.lang.String)iter.readString();&#10;continue;&#10;com.jsoniter.SimpleObject obj = (existingObj == null ? new com.jsoniter.SimpleObject() : (com.jsoniter.SimpleObject)existingObj);&#10;obj.field2 = _field2_;&#10;obj.field1 = _field1_;&#10;}" type="com.jsoniter.spi.JsonException">com.jsoniter.spi.JsonException: 
failed to generate decoder for: class com.jsoniter.SimpleObject with [], exception: javassist.CannotCompileException: [source error] syntax error near "ull;
case 1195428815"
public static java.lang.Object decode_(com.jsoniter.JsonIterator iter) throws java.io.IOException { java.lang.String _field2_ = null;
java.lang.String _field1_ = null;
case 1195428815: 
_field2_ = (java.lang.String)iter.readString();
continue;
case 1212206434: 
_field1_ = (java.lang.String)iter.readString();
continue;
com.jsoniter.SimpleObject obj = (existingObj == null ? new com.jsoniter.SimpleObject() : (com.jsoniter.SimpleObject)existingObj);
obj.field2 = _field2_;
obj.field1 = _field1_;
}
	at com.jsoniter.TestObject.test_read_null(TestObject.java:96)
Caused by: javassist.CannotCompileException: 
[source error] syntax error near "ull;
case 1195428815"
	at com.jsoniter.TestObject.test_read_null(TestObject.java:96)
Caused by: javassist.compiler.SyntaxError: 
syntax error near "ull;
case 1195428815"
	at com.jsoniter.TestObject.test_read_null(TestObject.java:96)
</error>
    <system-out><![CDATA[Unable to open file 'src\main\java\com\jsoniter\files\CodegenImplObjectHashGen(Class,Desc)Part1.txt'
Unable to open file 'src\main\java\com\jsoniter\files\CodegenImplObjectHashGen(Class,Desc)Part2.txt'
Unable to open file 'src\main\java\com\jsoniter\files\CodegenImplObjectHashGen(Class,Desc)Part3.txt'
Unable to open file 'src\main\java\com\jsoniter\files\CodegenImplObjectHashGen(Class,Desc)Part4.txt'
Unable to open file 'src\main\java\com\jsoniter\files\CodegenImplObjectHashGen(Class,Desc)Part5.txt'
]]></system-out>
  </testcase>
  <testcase name="test_read_null" classname="com.jsoniter.TestObject" time="0.001">
    <error message="failed to generate decoder for: class com.jsoniter.SimpleObject with [], exception: javassist.CannotCompileException: [source error] syntax error near &quot;ull;&#10;case 1195428815&quot;&#10;public static java.lang.Object decode_(com.jsoniter.JsonIterator iter) throws java.io.IOException { java.lang.String _field2_ = null;&#10;java.lang.String _field1_ = null;&#10;case 1195428815: &#10;_field2_ = (java.lang.String)iter.readString();&#10;continue;&#10;case 1212206434: &#10;_field1_ = (java.lang.String)iter.readString();&#10;continue;&#10;com.jsoniter.SimpleObject obj = (existingObj == null ? new com.jsoniter.SimpleObject() : (com.jsoniter.SimpleObject)existingObj);&#10;obj.field2 = _field2_;&#10;obj.field1 = _field1_;&#10;}" type="com.jsoniter.spi.JsonException">com.jsoniter.spi.JsonException: 
failed to generate decoder for: class com.jsoniter.SimpleObject with [], exception: javassist.CannotCompileException: [source error] syntax error near "ull;
case 1195428815"
public static java.lang.Object decode_(com.jsoniter.JsonIterator iter) throws java.io.IOException { java.lang.String _field2_ = null;
java.lang.String _field1_ = null;
case 1195428815: 
_field2_ = (java.lang.String)iter.readString();
continue;
case 1212206434: 
_field1_ = (java.lang.String)iter.readString();
continue;
com.jsoniter.SimpleObject obj = (existingObj == null ? new com.jsoniter.SimpleObject() : (com.jsoniter.SimpleObject)existingObj);
obj.field2 = _field2_;
obj.field1 = _field1_;
}
	at com.jsoniter.TestObject.test_read_null(TestObject.java:96)
Caused by: javassist.CannotCompileException: 
[source error] syntax error near "ull;
case 1195428815"
	at com.jsoniter.TestObject.test_read_null(TestObject.java:96)
Caused by: javassist.compiler.SyntaxError: 
syntax error near "ull;
case 1195428815"
	at com.jsoniter.TestObject.test_read_null(TestObject.java:96)
</error>
    <system-out><![CDATA[Unable to open file 'src\main\java\com\jsoniter\files\CodegenImplObjectHashGen(Class,Desc)Part1.txt'
Unable to open file 'src\main\java\com\jsoniter\files\CodegenImplObjectHashGen(Class,Desc)Part2.txt'
Unable to open file 'src\main\java\com\jsoniter\files\CodegenImplObjectHashGen(Class,Desc)Part3.txt'
Unable to open file 'src\main\java\com\jsoniter\files\CodegenImplObjectHashGen(Class,Desc)Part4.txt'
Unable to open file 'src\main\java\com\jsoniter\files\CodegenImplObjectHashGen(Class,Desc)Part5.txt'
]]></system-out>
  </testcase>
  <testcase name="test_read_null" classname="com.jsoniter.TestObject" time="0"/>
  <testcase name="test_object_lazy_any_to_string" classname="com.jsoniter.TestObject" time="0"/>
  <testcase name="test_object_lazy_any_to_string" classname="com.jsoniter.TestObject" time="0.005"/>
  <testcase name="test_object_lazy_any_to_string" classname="com.jsoniter.TestObject" time="0"/>
  <testcase name="test_object_lazy_any_to_string" classname="com.jsoniter.TestObject" time="0.003"/>
  <testcase name="test_iterator" classname="com.jsoniter.TestObject" time="0"/>
  <testcase name="test_iterator" classname="com.jsoniter.TestObject" time="0.001"/>
  <testcase name="test_iterator" classname="com.jsoniter.TestObject" time="0"/>
  <testcase name="test_iterator" classname="com.jsoniter.TestObject" time="0"/>
  <testcase name="test_native_field" classname="com.jsoniter.TestObject" time="0"/>
  <testcase name="test_native_field" classname="com.jsoniter.TestObject" time="0.004">
    <error message="failed to generate decoder for: ParameterizedTypeImpl{actualTypeArguments=[class java.lang.Integer], ownerType=null, rawType=java.util.ArrayList} with [class java.lang.Integer], exception: javassist.CannotCompileException: [source error] no return statement&#10;public static java.lang.Object decode_(com.jsoniter.JsonIterator iter) throws java.io.IOException { }" type="com.jsoniter.spi.JsonException">com.jsoniter.spi.JsonException: 
failed to generate decoder for: ParameterizedTypeImpl{actualTypeArguments=[class java.lang.Integer], ownerType=null, rawType=java.util.ArrayList} with [class java.lang.Integer], exception: javassist.CannotCompileException: [source error] no return statement
public static java.lang.Object decode_(com.jsoniter.JsonIterator iter) throws java.io.IOException { }
	at com.jsoniter.TestObject.test_native_field(TestObject.java:105)
Caused by: javassist.CannotCompileException: [source error] no return statement
	at com.jsoniter.TestObject.test_native_field(TestObject.java:105)
Caused by: javassist.compiler.CompileError: no return statement
	at com.jsoniter.TestObject.test_native_field(TestObject.java:105)
</error>
    <system-out><![CDATA[Unable to open file 'src\main\java\com\jsoniter\files\CodegenImplObjectHashGen(Class,Desc)Part1.txt'
Unable to open file 'src\main\java\com\jsoniter\files\CodegenImplObjectHashGen(Class,Desc)Part2.txt'
Unable to open file 'src\main\java\com\jsoniter\files\CodegenImplObjectHashGen(Class,Desc)Part3.txt'
Unable to open file 'src\main\java\com\jsoniter\files\CodegenImplArrayGen(Class,Type)WithCollectionClasses.txt'
Unable to open file 'src\main\java\com\jsoniter\files\CodegenImplArrayGen(Class,Type)WithCollectionClasses.txt'
]]></system-out>
  </testcase>
  <testcase name="test_native_field" classname="com.jsoniter.TestObject" time="0.045">
    <error message="failed to generate decoder for: ParameterizedTypeImpl{actualTypeArguments=[class java.lang.Integer], ownerType=null, rawType=java.util.ArrayList} with [class java.lang.Integer], exception: javassist.CannotCompileException: [source error] no return statement&#10;public static java.lang.Object decode_(com.jsoniter.JsonIterator iter) throws java.io.IOException { }" type="com.jsoniter.spi.JsonException">com.jsoniter.spi.JsonException: 
failed to generate decoder for: ParameterizedTypeImpl{actualTypeArguments=[class java.lang.Integer], ownerType=null, rawType=java.util.ArrayList} with [class java.lang.Integer], exception: javassist.CannotCompileException: [source error] no return statement
public static java.lang.Object decode_(com.jsoniter.JsonIterator iter) throws java.io.IOException { }
	at com.jsoniter.TestObject.test_native_field(TestObject.java:105)
Caused by: javassist.CannotCompileException: [source error] no return statement
	at com.jsoniter.TestObject.test_native_field(TestObject.java:105)
Caused by: javassist.compiler.CompileError: no return statement
	at com.jsoniter.TestObject.test_native_field(TestObject.java:105)
</error>
    <system-out><![CDATA[Unable to open file 'src\main\java\com\jsoniter\files\CodegenImplObjectHashGen(Class,Desc)Part1.txt'
Unable to open file 'src\main\java\com\jsoniter\files\CodegenImplObjectHashGen(Class,Desc)Part2.txt'
Unable to open file 'src\main\java\com\jsoniter\files\CodegenImplObjectHashGen(Class,Desc)Part3.txt'
Unable to open file 'src\main\java\com\jsoniter\files\CodegenImplArrayGen(Class,Type)WithCollectionClasses.txt'
Unable to open file 'src\main\java\com\jsoniter\files\CodegenImplArrayGen(Class,Type)WithCollectionClasses.txt'
]]></system-out>
  </testcase>
  <testcase name="test_native_field" classname="com.jsoniter.TestObject" time="0.003">
    <error message="failed to generate decoder for: ParameterizedTypeImpl{actualTypeArguments=[class java.lang.Integer], ownerType=null, rawType=java.util.ArrayList} with [class java.lang.Integer], exception: javassist.CannotCompileException: [source error] no return statement&#10;public static java.lang.Object decode_(com.jsoniter.JsonIterator iter) throws java.io.IOException { }" type="com.jsoniter.spi.JsonException">com.jsoniter.spi.JsonException: 
failed to generate decoder for: ParameterizedTypeImpl{actualTypeArguments=[class java.lang.Integer], ownerType=null, rawType=java.util.ArrayList} with [class java.lang.Integer], exception: javassist.CannotCompileException: [source error] no return statement
public static java.lang.Object decode_(com.jsoniter.JsonIterator iter) throws java.io.IOException { }
	at com.jsoniter.TestObject.test_native_field(TestObject.java:105)
Caused by: javassist.CannotCompileException: [source error] no return statement
	at com.jsoniter.TestObject.test_native_field(TestObject.java:105)
Caused by: javassist.compiler.CompileError: no return statement
	at com.jsoniter.TestObject.test_native_field(TestObject.java:105)
</error>
    <system-out><![CDATA[Unable to open file 'src\main\java\com\jsoniter\files\CodegenImplArrayGen(Class,Type)WithCollectionClasses.txt'
Unable to open file 'src\main\java\com\jsoniter\files\CodegenImplArrayGen(Class,Type)WithCollectionClasses.txt'
]]></system-out>
  </testcase>
  <testcase name="test_empty_class" classname="com.jsoniter.TestObject" time="0.001"/>
  <testcase name="test_empty_class" classname="com.jsoniter.TestObject" time="0.012"/>
  <testcase name="test_empty_class" classname="com.jsoniter.TestObject" time="0"/>
  <testcase name="test_empty_class" classname="com.jsoniter.TestObject" time="0.006"/>
  <testcase name="test_one_field" classname="com.jsoniter.TestObject" time="0.051"/>
  <testcase name="test_one_field" classname="com.jsoniter.TestObject" time="0.002">
    <error message="failed to generate decoder for: class com.jsoniter.SimpleObject with [], exception: javassist.CannotCompileException: [source error] syntax error near &quot;ull;&#10;case 1195428815&quot;&#10;public static java.lang.Object decode_(com.jsoniter.JsonIterator iter) throws java.io.IOException { java.lang.String _field2_ = null;&#10;java.lang.String _field1_ = null;&#10;case 1195428815: &#10;_field2_ = (java.lang.String)iter.readString();&#10;continue;&#10;case 1212206434: &#10;_field1_ = (java.lang.String)iter.readString();&#10;continue;&#10;com.jsoniter.SimpleObject obj = (existingObj == null ? new com.jsoniter.SimpleObject() : (com.jsoniter.SimpleObject)existingObj);&#10;obj.field2 = _field2_;&#10;obj.field1 = _field1_;&#10;}" type="com.jsoniter.spi.JsonException">com.jsoniter.spi.JsonException: 
failed to generate decoder for: class com.jsoniter.SimpleObject with [], exception: javassist.CannotCompileException: [source error] syntax error near "ull;
case 1195428815"
public static java.lang.Object decode_(com.jsoniter.JsonIterator iter) throws java.io.IOException { java.lang.String _field2_ = null;
java.lang.String _field1_ = null;
case 1195428815: 
_field2_ = (java.lang.String)iter.readString();
continue;
case 1212206434: 
_field1_ = (java.lang.String)iter.readString();
continue;
com.jsoniter.SimpleObject obj = (existingObj == null ? new com.jsoniter.SimpleObject() : (com.jsoniter.SimpleObject)existingObj);
obj.field2 = _field2_;
obj.field1 = _field1_;
}
	at com.jsoniter.TestObject.test_one_field(TestObject.java:52)
Caused by: javassist.CannotCompileException: 
[source error] syntax error near "ull;
case 1195428815"
	at com.jsoniter.TestObject.test_one_field(TestObject.java:52)
Caused by: javassist.compiler.SyntaxError: 
syntax error near "ull;
case 1195428815"
	at com.jsoniter.TestObject.test_one_field(TestObject.java:52)
</error>
    <system-out><![CDATA[Unable to open file 'src\main\java\com\jsoniter\files\CodegenImplObjectHashGen(Class,Desc)Part1.txt'
Unable to open file 'src\main\java\com\jsoniter\files\CodegenImplObjectHashGen(Class,Desc)Part2.txt'
Unable to open file 'src\main\java\com\jsoniter\files\CodegenImplObjectHashGen(Class,Desc)Part3.txt'
Unable to open file 'src\main\java\com\jsoniter\files\CodegenImplObjectHashGen(Class,Desc)Part4.txt'
Unable to open file 'src\main\java\com\jsoniter\files\CodegenImplObjectHashGen(Class,Desc)Part5.txt'
]]></system-out>
  </testcase>
  <testcase name="test_one_field" classname="com.jsoniter.TestObject" time="0.001">
    <error message="failed to generate decoder for: class com.jsoniter.SimpleObject with [], exception: javassist.CannotCompileException: [source error] syntax error near &quot;ull;&#10;case 1195428815&quot;&#10;public static java.lang.Object decode_(com.jsoniter.JsonIterator iter) throws java.io.IOException { java.lang.String _field2_ = null;&#10;java.lang.String _field1_ = null;&#10;case 1195428815: &#10;_field2_ = (java.lang.String)iter.readString();&#10;continue;&#10;case 1212206434: &#10;_field1_ = (java.lang.String)iter.readString();&#10;continue;&#10;com.jsoniter.SimpleObject obj = (existingObj == null ? new com.jsoniter.SimpleObject() : (com.jsoniter.SimpleObject)existingObj);&#10;obj.field2 = _field2_;&#10;obj.field1 = _field1_;&#10;}" type="com.jsoniter.spi.JsonException">com.jsoniter.spi.JsonException: 
failed to generate decoder for: class com.jsoniter.SimpleObject with [], exception: javassist.CannotCompileException: [source error] syntax error near "ull;
case 1195428815"
public static java.lang.Object decode_(com.jsoniter.JsonIterator iter) throws java.io.IOException { java.lang.String _field2_ = null;
java.lang.String _field1_ = null;
case 1195428815: 
_field2_ = (java.lang.String)iter.readString();
continue;
case 1212206434: 
_field1_ = (java.lang.String)iter.readString();
continue;
com.jsoniter.SimpleObject obj = (existingObj == null ? new com.jsoniter.SimpleObject() : (com.jsoniter.SimpleObject)existingObj);
obj.field2 = _field2_;
obj.field1 = _field1_;
}
	at com.jsoniter.TestObject.test_one_field(TestObject.java:52)
Caused by: javassist.CannotCompileException: 
[source error] syntax error near "ull;
case 1195428815"
	at com.jsoniter.TestObject.test_one_field(TestObject.java:52)
Caused by: javassist.compiler.SyntaxError: 
syntax error near "ull;
case 1195428815"
	at com.jsoniter.TestObject.test_one_field(TestObject.java:52)
</error>
    <system-out><![CDATA[Unable to open file 'src\main\java\com\jsoniter\files\CodegenImplObjectHashGen(Class,Desc)Part1.txt'
Unable to open file 'src\main\java\com\jsoniter\files\CodegenImplObjectHashGen(Class,Desc)Part2.txt'
Unable to open file 'src\main\java\com\jsoniter\files\CodegenImplObjectHashGen(Class,Desc)Part3.txt'
Unable to open file 'src\main\java\com\jsoniter\files\CodegenImplObjectHashGen(Class,Desc)Part4.txt'
Unable to open file 'src\main\java\com\jsoniter\files\CodegenImplObjectHashGen(Class,Desc)Part5.txt'
]]></system-out>
  </testcase>
  <testcase name="test_one_field" classname="com.jsoniter.TestObject" time="0"/>
</testsuite>