<?xml version="1.0" encoding="UTF-8"?>
<testsuite xmlns:xsi="http://www.w3.org/2001/XMLSchema-instance" xsi:schemaLocation="https://maven.apache.org/surefire/maven-surefire-plugin/xsd/surefire-test-report.xsd" name="com.jsoniter.TestCustomizeType" time="0.079" tests="5" errors="1" skipped="0" failures="0">
  <properties>
[...]
</properties>
  <testcase name="test_direct" classname="com.jsoniter.TestCustomizeType" time="0.005"/>
  <testcase name="test_direct" classname="com.jsoniter.TestCustomizeType" time="0.005"/>
  <testcase name="test_direct" classname="com.jsoniter.TestCustomizeType" time="0.036"/>
  <testcase name="test_direct" classname="com.jsoniter.TestCustomizeType" time="0.025"/>
  <testcase name="test_as_field_type" classname="com.jsoniter.TestCustomizeType" time="0.001"/>
  <testcase name="test_as_field_type" classname="com.jsoniter.TestCustomizeType" time="0.002">
    <error message="failed to generate decoder for: class com.jsoniter.TestCustomizeType$FieldWithMyDate with [], exception: javassist.CannotCompileException: [source error] syntax error near &quot;ull;&#10;case 1736598119&quot;&#10;public static java.lang.Object decode_(com.jsoniter.JsonIterator iter) throws java.io.IOException { com.jsoniter.TestCustomizeType.MyDate _field_ = null;&#10;case 1736598119: &#10;_field_ = (com.jsoniter.TestCustomizeType.MyDate)com.jsoniter.CodegenAccess.read(&quot;decoder.com.jsoniter.TestCustomizeType_MyDate&quot;, iter);&#10;continue;&#10;com.jsoniter.TestCustomizeType.FieldWithMyDate obj = (existingObj == null ? new com.jsoniter.TestCustomizeType.FieldWithMyDate() : (com.jsoniter.TestCustomizeType.FieldWithMyDate)existingObj);&#10;obj.field = _field_;&#10;}" type="com.jsoniter.spi.JsonException">com.jsoniter.spi.JsonException: 
failed to generate decoder for: class com.jsoniter.TestCustomizeType$FieldWithMyDate with [], exception: javassist.CannotCompileException: [source error] syntax error near "ull;
case 1736598119"
public static java.lang.Object decode_(com.jsoniter.JsonIterator iter) throws java.io.IOException { com.jsoniter.TestCustomizeType.MyDate _field_ = null;
case 1736598119: 
_field_ = (com.jsoniter.TestCustomizeType.MyDate)com.jsoniter.CodegenAccess.read("decoder.com.jsoniter.TestCustomizeType_MyDate", iter);
continue;
com.jsoniter.TestCustomizeType.FieldWithMyDate obj = (existingObj == null ? new com.jsoniter.TestCustomizeType.FieldWithMyDate() : (com.jsoniter.TestCustomizeType.FieldWithMyDate)existingObj);
obj.field = _field_;
}
	at com.jsoniter.TestCustomizeType.test_as_field_type(TestCustomizeType.java:43)
Caused by: javassist.CannotCompileException: 
[source error] syntax error near "ull;
case 1736598119"
	at com.jsoniter.TestCustomizeType.test_as_field_type(TestCustomizeType.java:43)
Caused by: javassist.compiler.SyntaxError: 
syntax error near "ull;
case 1736598119"
	at com.jsoniter.TestCustomizeType.test_as_field_type(TestCustomizeType.java:43)
</error>
    <system-out><![CDATA[Unable to open file 'src\main\java\com\jsoniter\files\CodegenImplObjectHashGen(Class,Desc)Part1.txt'
Unable to open file 'src\main\java\com\jsoniter\files\CodegenImplObjectHashGen(Class,Desc)Part2.txt'
Unable to open file 'src\main\java\com\jsoniter\files\CodegenImplObjectHashGen(Class,Desc)Part3.txt'
Unable to open file 'src\main\java\com\jsoniter\files\CodegenImplObjectHashGen(Class,Desc)Part4.txt'
Unable to open file 'src\main\java\com\jsoniter\files\CodegenImplObjectHashGen(Class,Desc)Part5.txt'
]]></system-out>
  </testcase>
  <testcase name="test_as_field_type" classname="com.jsoniter.TestCustomizeType" time="0.001"/>
  <testcase name="test_as_field_type" classname="com.jsoniter.TestCustomizeType" time="0.01"/>
  <testcase name="test_as_array_element" classname="com.jsoniter.TestCustomizeType" time="0"/>
  <testcase name="test_as_array_element" classname="com.jsoniter.TestCustomizeType" time="0.002">
    <error message="failed to generate decoder for: class [Lcom.jsoniter.TestCustomizeType$MyDate; with [], exception: javassist.CannotCompileException: [source error] no return statement&#10;public static java.lang.Object decode_(com.jsoniter.JsonIterator iter) throws java.io.IOException { }" type="com.jsoniter.spi.JsonException">com.jsoniter.spi.JsonException: 
failed to generate decoder for: class [Lcom.jsoniter.TestCustomizeType$MyDate; with [], exception: javassist.CannotCompileException: [source error] no return statement
public static java.lang.Object decode_(com.jsoniter.JsonIterator iter) throws java.io.IOException { }
	at com.jsoniter.TestCustomizeType.test_as_array_element(TestCustomizeType.java:49)
Caused by: javassist.CannotCompileException: [source error] no return statement
	at com.jsoniter.TestCustomizeType.test_as_array_element(TestCustomizeType.java:49)
Caused by: javassist.compiler.CompileError: no return statement
	at com.jsoniter.TestCustomizeType.test_as_array_element(TestCustomizeType.java:49)
</error>
    <system-out><![CDATA[Unable to open file 'src\main\java\com\jsoniter\files\CodegenImplArrayGen(Class).txt'
]]></system-out>
  </testcase>
  <testcase name="test_as_array_element" classname="com.jsoniter.TestCustomizeType" time="0"/>
  <testcase name="test_as_array_element" classname="com.jsoniter.TestCustomizeType" time="0.002">
    <error message="failed to generate decoder for: class [Lcom.jsoniter.TestCustomizeType$MyDate; with [], exception: javassist.CannotCompileException: [source error] no return statement&#10;public static java.lang.Object decode_(com.jsoniter.JsonIterator iter) throws java.io.IOException { }" type="com.jsoniter.spi.JsonException">com.jsoniter.spi.JsonException: 
failed to generate decoder for: class [Lcom.jsoniter.TestCustomizeType$MyDate; with [], exception: javassist.CannotCompileException: [source error] no return statement
public static java.lang.Object decode_(com.jsoniter.JsonIterator iter) throws java.io.IOException { }
	at com.jsoniter.TestCustomizeType.test_as_array_element(TestCustomizeType.java:49)
Caused by: javassist.CannotCompileException: [source error] no return statement
	at com.jsoniter.TestCustomizeType.test_as_array_element(TestCustomizeType.java:49)
Caused by: javassist.compiler.CompileError: no return statement
	at com.jsoniter.TestCustomizeType.test_as_array_element(TestCustomizeType.java:49)
</error>
    <system-out><![CDATA[Unable to open file 'src\main\java\com\jsoniter\files\CodegenImplArrayGen(Class).txt'
]]></system-out>
  </testcase>
  <testcase name="test_customize_through_extension" classname="com.jsoniter.TestCustomizeType" time="0.006"/>
  <testcase name="test_customize_through_extension" classname="com.jsoniter.TestCustomizeType" time="0.004">
    <error message="failed to generate decoder for: class com.jsoniter.TestCustomizeType$FieldWithMyDate2 with [], exception: javassist.CannotCompileException: [source error] syntax error near &quot;ull;&#10;case 1736598119&quot;&#10;public static java.lang.Object decode_(com.jsoniter.JsonIterator iter) throws java.io.IOException { com.jsoniter.TestCustomizeType.MyDate2 _field_ = null;&#10;case 1736598119: &#10;_field_ = (com.jsoniter.TestCustomizeType.MyDate2)com.jsoniter.CodegenAccess.read(&quot;decoder.com.jsoniter.TestCustomizeType_MyDate2&quot;, iter);&#10;continue;&#10;com.jsoniter.TestCustomizeType.FieldWithMyDate2 obj = (existingObj == null ? new com.jsoniter.TestCustomizeType.FieldWithMyDate2() : (com.jsoniter.TestCustomizeType.FieldWithMyDate2)existingObj);&#10;obj.field = _field_;&#10;}" type="com.jsoniter.spi.JsonException">com.jsoniter.spi.JsonException: 
failed to generate decoder for: class com.jsoniter.TestCustomizeType$FieldWithMyDate2 with [], exception: javassist.CannotCompileException: [source error] syntax error near "ull;
case 1736598119"
public static java.lang.Object decode_(com.jsoniter.JsonIterator iter) throws java.io.IOException { com.jsoniter.TestCustomizeType.MyDate2 _field_ = null;
case 1736598119: 
_field_ = (com.jsoniter.TestCustomizeType.MyDate2)com.jsoniter.CodegenAccess.read("decoder.com.jsoniter.TestCustomizeType_MyDate2", iter);
continue;
com.jsoniter.TestCustomizeType.FieldWithMyDate2 obj = (existingObj == null ? new com.jsoniter.TestCustomizeType.FieldWithMyDate2() : (com.jsoniter.TestCustomizeType.FieldWithMyDate2)existingObj);
obj.field = _field_;
}
	at com.jsoniter.TestCustomizeType.test_customize_through_extension(TestCustomizeType.java:79)
Caused by: javassist.CannotCompileException: 
[source error] syntax error near "ull;
case 1736598119"
	at com.jsoniter.TestCustomizeType.test_customize_through_extension(TestCustomizeType.java:79)
Caused by: javassist.compiler.SyntaxError: 
syntax error near "ull;
case 1736598119"
	at com.jsoniter.TestCustomizeType.test_customize_through_extension(TestCustomizeType.java:79)
</error>
    <system-out><![CDATA[Unable to open file 'src\main\java\com\jsoniter\files\CodegenImplObjectHashGen(Class,Desc)Part1.txt'
Unable to open file 'src\main\java\com\jsoniter\files\CodegenImplObjectHashGen(Class,Desc)Part2.txt'
Unable to open file 'src\main\java\com\jsoniter\files\CodegenImplObjectHashGen(Class,Desc)Part3.txt'
Unable to open file 'src\main\java\com\jsoniter\files\CodegenImplObjectHashGen(Class,Desc)Part4.txt'
Unable to open file 'src\main\java\com\jsoniter\files\CodegenImplObjectHashGen(Class,Desc)Part5.txt'
]]></system-out>
  </testcase>
  <testcase name="test_customize_through_extension" classname="com.jsoniter.TestCustomizeType" time="0.005"/>
  <testcase name="test_customize_through_extension" classname="com.jsoniter.TestCustomizeType" time="0.036"/>
  <testcase name="test_customize_impl" classname="com.jsoniter.TestCustomizeType" time="0.002"/>
  <testcase name="test_customize_impl" classname="com.jsoniter.TestCustomizeType" time="0.003">
    <error message="failed to generate decoder for: class com.jsoniter.TestCustomizeType$MyObject with [], exception: javassist.CannotCompileException: [source error] syntax error near &quot;= 0;&#10;case 1212206434&quot;&#10;public static java.lang.Object decode_(com.jsoniter.JsonIterator iter) throws java.io.IOException { long _field1_ = 0;&#10;case 1212206434: &#10;_field1_ = (long)iter.readLong();&#10;continue;&#10;com.jsoniter.TestCustomizeType.MyObject obj = (existingObj == null ? new com.jsoniter.TestCustomizeType.MyObject() : (com.jsoniter.TestCustomizeType.MyObject)existingObj);&#10;obj.field1 = _field1_;&#10;}" type="com.jsoniter.spi.JsonException">com.jsoniter.spi.JsonException: 
failed to generate decoder for: class com.jsoniter.TestCustomizeType$MyObject with [], exception: javassist.CannotCompileException: [source error] syntax error near "= 0;
case 1212206434"
public static java.lang.Object decode_(com.jsoniter.JsonIterator iter) throws java.io.IOException { long _field1_ = 0;
case 1212206434: 
_field1_ = (long)iter.readLong();
continue;
com.jsoniter.TestCustomizeType.MyObject obj = (existingObj == null ? new com.jsoniter.TestCustomizeType.MyObject() : (com.jsoniter.TestCustomizeType.MyObject)existingObj);
obj.field1 = _field1_;
}
	at com.jsoniter.TestCustomizeType.test_customize_impl(TestCustomizeType.java:94)
Caused by: javassist.CannotCompileException: 
[source error] syntax error near "= 0;
case 1212206434"
	at com.jsoniter.TestCustomizeType.test_customize_impl(TestCustomizeType.java:94)
Caused by: javassist.compiler.SyntaxError: 
syntax error near "= 0;
case 1212206434"
	at com.jsoniter.TestCustomizeType.test_customize_impl(TestCustomizeType.java:94)
</error>
    <system-out><![CDATA[Unable to open file 'src\main\java\com\jsoniter\files\CodegenImplObjectHashGen(Class,Desc)Part1.txt'
Unable to open file 'src\main\java\com\jsoniter\files\CodegenImplObjectHashGen(Class,Desc)Part2.txt'
Unable to open file 'src\main\java\com\jsoniter\files\CodegenImplObjectHashGen(Class,Desc)Part3.txt'
Unable to open file 'src\main\java\com\jsoniter\files\CodegenImplObjectHashGen(Class,Desc)Part4.txt'
Unable to open file 'src\main\java\com\jsoniter\files\CodegenImplObjectHashGen(Class,Desc)Part5.txt'
]]></system-out>
  </testcase>
  <testcase name="test_customize_impl" classname="com.jsoniter.TestCustomizeType" time="0.001"/>
  <testcase name="test_customize_impl" classname="com.jsoniter.TestCustomizeType" time="0.006"/>
</testsuite>