<?xml version="1.0" encoding="UTF-8"?>
<testsuite xmlns:xsi="http://www.w3.org/2001/XMLSchema-instance" xsi:schemaLocation="https://maven.apache.org/surefire/maven-surefire-plugin/xsd/surefire-test-report.xsd" name="com.jsoniter.TestDemo" time="0.08" tests="8" errors="2" skipped="0" failures="0">
  <properties>
[...]
</properties>
  <testcase name="test_any_api" classname="com.jsoniter.TestDemo" time="0"/>
  <testcase name="test_any_api" classname="com.jsoniter.TestDemo" time="0"/>
  <testcase name="test_any_api" classname="com.jsoniter.TestDemo" time="0.014"/>
  <testcase name="test_any_api" classname="com.jsoniter.TestDemo" time="0"/>
  <testcase name="test_abc" classname="com.jsoniter.TestDemo" time="0.003"/>
  <testcase name="test_abc" classname="com.jsoniter.TestDemo" time="0.004">
    <error message="failed to generate decoder for: class com.jsoniter.TestDemo$ABC with [], exception: javassist.CannotCompileException: [source error] syntax error near &quot;ull;&#10;case -468965076&quot;&#10;public static java.lang.Object decode_(com.jsoniter.JsonIterator iter) throws java.io.IOException { com.jsoniter.any.Any _a_ = null;&#10;case -468965076: &#10;_a_ = (com.jsoniter.any.Any)iter.readAny();&#10;continue;&#10;com.jsoniter.TestDemo.ABC obj = (existingObj == null ? new com.jsoniter.TestDemo.ABC() : (com.jsoniter.TestDemo.ABC)existingObj);&#10;obj.a = _a_;&#10;}" type="com.jsoniter.spi.JsonException">com.jsoniter.spi.JsonException: 
failed to generate decoder for: class com.jsoniter.TestDemo$ABC with [], exception: javassist.CannotCompileException: [source error] syntax error near "ull;
case -468965076"
public static java.lang.Object decode_(com.jsoniter.JsonIterator iter) throws java.io.IOException { com.jsoniter.any.Any _a_ = null;
case -468965076: 
_a_ = (com.jsoniter.any.Any)iter.readAny();
continue;
com.jsoniter.TestDemo.ABC obj = (existingObj == null ? new com.jsoniter.TestDemo.ABC() : (com.jsoniter.TestDemo.ABC)existingObj);
obj.a = _a_;
}
	at com.jsoniter.TestDemo.test_abc(TestDemo.java:46)
Caused by: javassist.CannotCompileException: 
[source error] syntax error near "ull;
case -468965076"
	at com.jsoniter.TestDemo.test_abc(TestDemo.java:46)
Caused by: javassist.compiler.SyntaxError: 
syntax error near "ull;
case -468965076"
	at com.jsoniter.TestDemo.test_abc(TestDemo.java:46)
</error>
    <system-out><![CDATA[Unable to open file 'src\main\java\com\jsoniter\files\CodegenImplObjectHashGen(Class,Desc)Part1.txt'
Unable to open file 'src\main\java\com\jsoniter\files\CodegenImplObjectHashGen(Class,Desc)Part2.txt'
Unable to open file 'src\main\java\com\jsoniter\files\CodegenImplObjectHashGen(Class,Desc)Part3.txt'
Unable to open file 'src\main\java\com\jsoniter\files\CodegenImplObjectHashGen(Class,Desc)Part4.txt'
Unable to open file 'src\main\java\com\jsoniter\files\CodegenImplObjectHashGen(Class,Desc)Part5.txt'
]]></system-out>
  </testcase>
  <testcase name="test_abc" classname="com.jsoniter.TestDemo" time="0.005"/>
  <testcase name="test_abc" classname="com.jsoniter.TestDemo" time="0.046"/>
  <testcase name="test_iterator_api" classname="com.jsoniter.TestDemo" time="0"/>
  <testcase name="test_iterator_api" classname="com.jsoniter.TestDemo" time="0"/>
  <testcase name="test_iterator_api" classname="com.jsoniter.TestDemo" time="0"/>
  <testcase name="test_iterator_api" classname="com.jsoniter.TestDemo" time="0.002"/>
  <testcase name="test_bind_api" classname="com.jsoniter.TestDemo" time="0"/>
  <testcase name="test_bind_api" classname="com.jsoniter.TestDemo" time="0.003">
    <error message="failed to generate decoder for: class [I with [], exception: javassist.CannotCompileException: [source error] no return statement&#10;public static java.lang.Object decode_(com.jsoniter.JsonIterator iter) throws java.io.IOException { }" type="com.jsoniter.spi.JsonException">com.jsoniter.spi.JsonException: 
failed to generate decoder for: class [I with [], exception: javassist.CannotCompileException: [source error] no return statement
public static java.lang.Object decode_(com.jsoniter.JsonIterator iter) throws java.io.IOException { }
	at com.jsoniter.TestDemo.test_bind_api(TestDemo.java:22)
Caused by: javassist.CannotCompileException: [source error] no return statement
	at com.jsoniter.TestDemo.test_bind_api(TestDemo.java:22)
Caused by: javassist.compiler.CompileError: no return statement
	at com.jsoniter.TestDemo.test_bind_api(TestDemo.java:22)
</error>
    <system-out><![CDATA[Unable to open file 'src\main\java\com\jsoniter\files\CodegenImplArrayGen(Class).txt'
]]></system-out>
  </testcase>
  <testcase name="test_bind_api" classname="com.jsoniter.TestDemo" time="0"/>
  <testcase name="test_bind_api" classname="com.jsoniter.TestDemo" time="0.002">
    <error message="failed to generate decoder for: class [I with [], exception: javassist.CannotCompileException: [source error] no return statement&#10;public static java.lang.Object decode_(com.jsoniter.JsonIterator iter) throws java.io.IOException { }" type="com.jsoniter.spi.JsonException">com.jsoniter.spi.JsonException: 
failed to generate decoder for: class [I with [], exception: javassist.CannotCompileException: [source error] no return statement
public static java.lang.Object decode_(com.jsoniter.JsonIterator iter) throws java.io.IOException { }
	at com.jsoniter.TestDemo.test_bind_api(TestDemo.java:22)
Caused by: javassist.CannotCompileException: [source error] no return statement
	at com.jsoniter.TestDemo.test_bind_api(TestDemo.java:22)
Caused by: javassist.compiler.CompileError: no return statement
	at com.jsoniter.TestDemo.test_bind_api(TestDemo.java:22)
</error>
    <system-out><![CDATA[Unable to open file 'src\main\java\com\jsoniter\files\CodegenImplArrayGen(Class).txt'
]]></system-out>
  </testcase>
  <testcase name="test_iterator" classname="com.jsoniter.TestDemo" time="0"/>
  <testcase name="test_iterator" classname="com.jsoniter.TestDemo" time="0.002"/>
  <testcase name="test_iterator" classname="com.jsoniter.TestDemo" time="0.002"/>
  <testcase name="test_iterator" classname="com.jsoniter.TestDemo" time="0.001"/>
  <testcase name="test_empty_array_as_null" classname="com.jsoniter.TestDemo" time="0.002"/>
  <testcase name="test_empty_array_as_null" classname="com.jsoniter.TestDemo" time="0.004"/>
  <testcase name="test_empty_array_as_null" classname="com.jsoniter.TestDemo" time="0.002"/>
  <testcase name="test_empty_array_as_null" classname="com.jsoniter.TestDemo" time="0.005"/>
  <testcase name="test_iterator_api_and_bind" classname="com.jsoniter.TestDemo" time="0.001"/>
  <testcase name="test_iterator_api_and_bind" classname="com.jsoniter.TestDemo" time="0.031">
    <error message="failed to generate decoder for: class [Ljava.lang.String; with [], exception: javassist.CannotCompileException: [source error] no return statement&#10;public static java.lang.Object decode_(com.jsoniter.JsonIterator iter) throws java.io.IOException { }" type="com.jsoniter.spi.JsonException">com.jsoniter.spi.JsonException: 
failed to generate decoder for: class [Ljava.lang.String; with [], exception: javassist.CannotCompileException: [source error] no return statement
public static java.lang.Object decode_(com.jsoniter.JsonIterator iter) throws java.io.IOException { }
	at com.jsoniter.TestDemo.test_iterator_api_and_bind(TestDemo.java:55)
Caused by: javassist.CannotCompileException: [source error] no return statement
	at com.jsoniter.TestDemo.test_iterator_api_and_bind(TestDemo.java:55)
Caused by: javassist.compiler.CompileError: no return statement
	at com.jsoniter.TestDemo.test_iterator_api_and_bind(TestDemo.java:55)
</error>
    <system-out><![CDATA[Unable to open file 'src\main\java\com\jsoniter\files\CodegenImplObjectHashGen(Class,Desc)Part1.txt'
Unable to open file 'src\main\java\com\jsoniter\files\CodegenImplObjectHashGen(Class,Desc)Part2.txt'
Unable to open file 'src\main\java\com\jsoniter\files\CodegenImplObjectHashGen(Class,Desc)Part3.txt'
Unable to open file 'src\main\java\com\jsoniter\files\CodegenImplArrayGen(Class).txt'
]]></system-out>
  </testcase>
  <testcase name="test_iterator_api_and_bind" classname="com.jsoniter.TestDemo" time="0.004"/>
  <testcase name="test_iterator_api_and_bind" classname="com.jsoniter.TestDemo" time="0.002">
    <error message="failed to generate decoder for: class [Ljava.lang.String; with [], exception: javassist.CannotCompileException: [source error] no return statement&#10;public static java.lang.Object decode_(com.jsoniter.JsonIterator iter) throws java.io.IOException { }" type="com.jsoniter.spi.JsonException">com.jsoniter.spi.JsonException: 
failed to generate decoder for: class [Ljava.lang.String; with [], exception: javassist.CannotCompileException: [source error] no return statement
public static java.lang.Object decode_(com.jsoniter.JsonIterator iter) throws java.io.IOException { }
	at com.jsoniter.TestDemo.test_iterator_api_and_bind(TestDemo.java:55)
Caused by: javassist.CannotCompileException: [source error] no return statement
	at com.jsoniter.TestDemo.test_iterator_api_and_bind(TestDemo.java:55)
Caused by: javassist.compiler.CompileError: no return statement
	at com.jsoniter.TestDemo.test_iterator_api_and_bind(TestDemo.java:55)
</error>
    <system-out><![CDATA[Unable to open file 'src\main\java\com\jsoniter\files\CodegenImplArrayGen(Class).txt'
]]></system-out>
  </testcase>
  <testcase name="test_any_is_fun" classname="com.jsoniter.TestDemo" time="0.116"/>
  <testcase name="test_any_is_fun" classname="com.jsoniter.TestDemo" time="0.073"/>
  <testcase name="test_any_is_fun" classname="com.jsoniter.TestDemo" time="0.011"/>
  <testcase name="test_any_is_fun" classname="com.jsoniter.TestDemo" time="0.021"/>
</testsuite>