<?xml version="1.0" encoding="UTF-8"?>
<testsuite xmlns:xsi="http://www.w3.org/2001/XMLSchema-instance" xsi:schemaLocation="https://maven.apache.org/surefire/maven-surefire-plugin/xsd/surefire-test-report.xsd" name="com.jsoniter.TestReadAny" time="0.135" tests="21" errors="1" skipped="0" failures="0">
  <properties>
[...]
</properties>
  <testcase name="test_read_any" classname="com.jsoniter.TestReadAny" time="0.032"/>
  <testcase name="test_read_any" classname="com.jsoniter.TestReadAny" time="0.001"/>
  <testcase name="test_read_any" classname="com.jsoniter.TestReadAny" time="0"/>
  <testcase name="test_read_int" classname="com.jsoniter.TestReadAny" time="0.003"/>
  <testcase name="test_read_int" classname="com.jsoniter.TestReadAny" time="0.004"/>
  <testcase name="test_read_int" classname="com.jsoniter.TestReadAny" time="0.001"/>
  <testcase name="test_readfile" classname="com.jsoniter.TestReadAny" time="0.006"/>
  <testcase name="test_readfile" classname="com.jsoniter.TestReadAny" time="0"/>
  <testcase name="test_readfile" classname="com.jsoniter.TestReadAny" time="0.005"/>
  <testcase name="test_readfile_append" classname="com.jsoniter.TestReadAny" time="0.001"/>
  <testcase name="test_readfile_append" classname="com.jsoniter.TestReadAny" time="0.001"/>
  <testcase name="test_readfile_append" classname="com.jsoniter.TestReadAny" time="0.001"/>
  <testcase name="test_read_class" classname="com.jsoniter.TestReadAny" time="0.002"/>
  <testcase name="test_read_class" classname="com.jsoniter.TestReadAny" time="0.002">
    <error message="failed to generate decoder for: class com.jsoniter.TestReadAny$TestObject1 with [], exception: javassist.CannotCompileException: [source error] syntax error near &quot;= 0;&#10;case 1212206434&quot;&#10;public static java.lang.Object decode_(com.jsoniter.JsonIterator iter) throws java.io.IOException { int _field1_ = 0;&#10;case 1212206434: &#10;_field1_ = (int)iter.readInt();&#10;continue;&#10;com.jsoniter.TestReadAny.TestObject1 obj = (existingObj == null ? new com.jsoniter.TestReadAny.TestObject1() : (com.jsoniter.TestReadAny.TestObject1)existingObj);&#10;obj.field1 = _field1_;&#10;}" type="com.jsoniter.spi.JsonException">com.jsoniter.spi.JsonException: 
failed to generate decoder for: class com.jsoniter.TestReadAny$TestObject1 with [], exception: javassist.CannotCompileException: [source error] syntax error near "= 0;
case 1212206434"
public static java.lang.Object decode_(com.jsoniter.JsonIterator iter) throws java.io.IOException { int _field1_ = 0;
case 1212206434: 
_field1_ = (int)iter.readInt();
continue;
com.jsoniter.TestReadAny.TestObject1 obj = (existingObj == null ? new com.jsoniter.TestReadAny.TestObject1() : (com.jsoniter.TestReadAny.TestObject1)existingObj);
obj.field1 = _field1_;
}
	at com.jsoniter.TestReadAny.test_read_class(TestReadAny.java:146)
Caused by: javassist.CannotCompileException: 
[source error] syntax error near "= 0;
case 1212206434"
	at com.jsoniter.TestReadAny.test_read_class(TestReadAny.java:146)
Caused by: javassist.compiler.SyntaxError: 
syntax error near "= 0;
case 1212206434"
	at com.jsoniter.TestReadAny.test_read_class(TestReadAny.java:146)
</error>
    <system-out><![CDATA[Unable to open file 'src\main\java\com\jsoniter\files\CodegenImplObjectHashGen(Class,Desc)Part1.txt'
Unable to open file 'src\main\java\com\jsoniter\files\CodegenImplObjectHashGen(Class,Desc)Part2.txt'
Unable to open file 'src\main\java\com\jsoniter\files\CodegenImplObjectHashGen(Class,Desc)Part3.txt'
Unable to open file 'src\main\java\com\jsoniter\files\CodegenImplObjectHashGen(Class,Desc)Part4.txt'
Unable to open file 'src\main\java\com\jsoniter\files\CodegenImplObjectHashGen(Class,Desc)Part5.txt'
]]></system-out>
  </testcase>
  <testcase name="test_read_class" classname="com.jsoniter.TestReadAny" time="0.116"/>
  <testcase name="test_read_float" classname="com.jsoniter.TestReadAny" time="0"/>
  <testcase name="test_read_float" classname="com.jsoniter.TestReadAny" time="0.001"/>
  <testcase name="test_read_float" classname="com.jsoniter.TestReadAny" time="0.001"/>
  <testcase name="test_keys" classname="com.jsoniter.TestReadAny" time="0"/>
  <testcase name="test_keys" classname="com.jsoniter.TestReadAny" time="0"/>
  <testcase name="test_keys" classname="com.jsoniter.TestReadAny" time="0"/>
  <testcase name="test_size" classname="com.jsoniter.TestReadAny" time="0.001"/>
  <testcase name="test_size" classname="com.jsoniter.TestReadAny" time="0"/>
  <testcase name="test_size" classname="com.jsoniter.TestReadAny" time="0"/>
  <testcase name="test_get" classname="com.jsoniter.TestReadAny" time="0"/>
  <testcase name="test_get" classname="com.jsoniter.TestReadAny" time="0.001"/>
  <testcase name="test_get" classname="com.jsoniter.TestReadAny" time="0"/>
  <testcase name="test_read_long" classname="com.jsoniter.TestReadAny" time="0"/>
  <testcase name="test_read_long" classname="com.jsoniter.TestReadAny" time="0"/>
  <testcase name="test_read_long" classname="com.jsoniter.TestReadAny" time="0.001"/>
  <testcase name="test_read_int_object" classname="com.jsoniter.TestReadAny" time="0"/>
  <testcase name="test_read_int_object" classname="com.jsoniter.TestReadAny" time="0"/>
  <testcase name="test_read_int_object" classname="com.jsoniter.TestReadAny" time="0.001"/>
  <testcase name="test_read_double" classname="com.jsoniter.TestReadAny" time="0"/>
  <testcase name="test_read_double" classname="com.jsoniter.TestReadAny" time="0"/>
  <testcase name="test_read_double" classname="com.jsoniter.TestReadAny" time="0.001"/>
  <testcase name="test_read_int_as_string" classname="com.jsoniter.TestReadAny" time="0"/>
  <testcase name="test_read_int_as_string" classname="com.jsoniter.TestReadAny" time="0"/>
  <testcase name="test_read_int_as_string" classname="com.jsoniter.TestReadAny" time="0"/>
  <testcase name="test_read_string" classname="com.jsoniter.TestReadAny" time="0"/>
  <testcase name="test_read_string" classname="com.jsoniter.TestReadAny" time="0"/>
  <testcase name="test_read_string" classname="com.jsoniter.TestReadAny" time="0"/>
  <testcase name="test_bind_to_any" classname="com.jsoniter.TestReadAny" time="0.001"/>
  <testcase name="test_bind_to_any" classname="com.jsoniter.TestReadAny" time="0.003">
    <error message="failed to generate decoder for: ParameterizedTypeImpl{actualTypeArguments=[class java.lang.Integer], ownerType=null, rawType=java.util.ArrayList} with [class java.lang.Integer], exception: javassist.CannotCompileException: [source error] no return statement&#10;public static java.lang.Object decode_(com.jsoniter.JsonIterator iter) throws java.io.IOException { }" type="com.jsoniter.spi.JsonException">com.jsoniter.spi.JsonException: 
failed to generate decoder for: ParameterizedTypeImpl{actualTypeArguments=[class java.lang.Integer], ownerType=null, rawType=java.util.ArrayList} with [class java.lang.Integer], exception: javassist.CannotCompileException: [source error] no return statement
public static java.lang.Object decode_(com.jsoniter.JsonIterator iter) throws java.io.IOException { }
	at com.jsoniter.TestReadAny.test_bind_to_any(TestReadAny.java:29)
Caused by: javassist.CannotCompileException: [source error] no return statement
	at com.jsoniter.TestReadAny.test_bind_to_any(TestReadAny.java:29)
Caused by: javassist.compiler.CompileError: no return statement
	at com.jsoniter.TestReadAny.test_bind_to_any(TestReadAny.java:29)
</error>
    <system-out><![CDATA[Unable to open file 'src\main\java\com\jsoniter\files\CodegenImplObjectHashGen(Class,Desc)Part1.txt'
Unable to open file 'src\main\java\com\jsoniter\files\CodegenImplObjectHashGen(Class,Desc)Part2.txt'
Unable to open file 'src\main\java\com\jsoniter\files\CodegenImplObjectHashGen(Class,Desc)Part3.txt'
Unable to open file 'src\main\java\com\jsoniter\files\CodegenImplArrayGen(Class,Type)WithCollectionClasses.txt'
Unable to open file 'src\main\java\com\jsoniter\files\CodegenImplArrayGen(Class,Type)WithCollectionClasses.txt'
]]></system-out>
  </testcase>
  <testcase name="test_bind_to_any" classname="com.jsoniter.TestReadAny" time="0.004">
    <error message="failed to generate decoder for: ParameterizedTypeImpl{actualTypeArguments=[class java.lang.Integer], ownerType=null, rawType=java.util.ArrayList} with [class java.lang.Integer], exception: javassist.CannotCompileException: [source error] no return statement&#10;public static java.lang.Object decode_(com.jsoniter.JsonIterator iter) throws java.io.IOException { }" type="com.jsoniter.spi.JsonException">com.jsoniter.spi.JsonException: 
failed to generate decoder for: ParameterizedTypeImpl{actualTypeArguments=[class java.lang.Integer], ownerType=null, rawType=java.util.ArrayList} with [class java.lang.Integer], exception: javassist.CannotCompileException: [source error] no return statement
public static java.lang.Object decode_(com.jsoniter.JsonIterator iter) throws java.io.IOException { }
	at com.jsoniter.TestReadAny.test_bind_to_any(TestReadAny.java:29)
Caused by: javassist.CannotCompileException: [source error] no return statement
	at com.jsoniter.TestReadAny.test_bind_to_any(TestReadAny.java:29)
Caused by: javassist.compiler.CompileError: no return statement
	at com.jsoniter.TestReadAny.test_bind_to_any(TestReadAny.java:29)
</error>
    <system-out><![CDATA[Unable to open file 'src\main\java\com\jsoniter\files\CodegenImplArrayGen(Class,Type)WithCollectionClasses.txt'
Unable to open file 'src\main\java\com\jsoniter\files\CodegenImplArrayGen(Class,Type)WithCollectionClasses.txt'
]]></system-out>
  </testcase>
  <testcase name="test_read_boolean" classname="com.jsoniter.TestReadAny" time="0"/>
  <testcase name="test_read_boolean" classname="com.jsoniter.TestReadAny" time="0"/>
  <testcase name="test_read_boolean" classname="com.jsoniter.TestReadAny" time="0.001"/>
  <testcase name="test_read_any_from_string" classname="com.jsoniter.TestReadAny" time="0"/>
  <testcase name="test_read_any_from_string" classname="com.jsoniter.TestReadAny" time="0"/>
  <testcase name="test_read_any_from_string" classname="com.jsoniter.TestReadAny" time="0.001"/>
  <testcase name="test_read_multiple_field" classname="com.jsoniter.TestReadAny" time="0"/>
  <testcase name="test_read_multiple_field" classname="com.jsoniter.TestReadAny" time="0"/>
  <testcase name="test_read_multiple_field" classname="com.jsoniter.TestReadAny" time="0"/>
  <testcase name="test_read_int_array" classname="com.jsoniter.TestReadAny" time="0"/>
  <testcase name="test_read_int_array" classname="com.jsoniter.TestReadAny" time="0"/>
  <testcase name="test_read_int_array" classname="com.jsoniter.TestReadAny" time="0"/>
  <testcase name="test_read_float_as_int" classname="com.jsoniter.TestReadAny" time="0"/>
  <testcase name="test_read_float_as_int" classname="com.jsoniter.TestReadAny" time="0.001"/>
  <testcase name="test_read_float_as_int" classname="com.jsoniter.TestReadAny" time="0"/>
  <testcase name="test_require_path" classname="com.jsoniter.TestReadAny" time="0.001"/>
  <testcase name="test_require_path" classname="com.jsoniter.TestReadAny" time="0"/>
  <testcase name="test_require_path" classname="com.jsoniter.TestReadAny" time="0.001"/>
</testsuite>