<?xml version="1.0" encoding="UTF-8"?>
<testsuite xmlns:xsi="http://www.w3.org/2001/XMLSchema-instance" xsi:schemaLocation="https://maven.apache.org/surefire/maven-surefire-plugin/xsd/surefire-test-report.xsd" name="com.jsoniter.TestAnnotation" time="1.564" tests="18" errors="1" skipped="0" failures="0">
  <properties>
[...]
</properties>
  <testcase name="test_multi_param_setter" classname="com.jsoniter.TestAnnotation" time="0.154"/>
  <testcase name="test_multi_param_setter" classname="com.jsoniter.TestAnnotation" time="0.802">
    <error message="failed to generate decoder for: class com.jsoniter.TestAnnotation$TestObject6 with [], exception: javassist.CannotCompileException: [source error] syntax error near &quot;= 0;&#10;case 1212206434&quot;&#10;public static java.lang.Object decode_(com.jsoniter.JsonIterator iter) throws java.io.IOException { int _field1_ = 0;&#10;case 1212206434: &#10;_field1_ = (int)iter.readInt();&#10;continue;&#10;com.jsoniter.TestAnnotation.TestObject6 obj = (existingObj == null ? new com.jsoniter.TestAnnotation.TestObject6() : (com.jsoniter.TestAnnotation.TestObject6)existingObj);&#10;obj.initialize(_field1_);&#10;}" type="com.jsoniter.spi.JsonException">com.jsoniter.spi.JsonException: 
failed to generate decoder for: class com.jsoniter.TestAnnotation$TestObject6 with [], exception: javassist.CannotCompileException: [source error] syntax error near "= 0;
case 1212206434"
public static java.lang.Object decode_(com.jsoniter.JsonIterator iter) throws java.io.IOException { int _field1_ = 0;
case 1212206434: 
_field1_ = (int)iter.readInt();
continue;
com.jsoniter.TestAnnotation.TestObject6 obj = (existingObj == null ? new com.jsoniter.TestAnnotation.TestObject6() : (com.jsoniter.TestAnnotation.TestObject6)existingObj);
obj.initialize(_field1_);
}
	at com.jsoniter.TestAnnotation.test_multi_param_setter(TestAnnotation.java:121)
Caused by: javassist.CannotCompileException: 
[source error] syntax error near "= 0;
case 1212206434"
	at com.jsoniter.TestAnnotation.test_multi_param_setter(TestAnnotation.java:121)
Caused by: javassist.compiler.SyntaxError: 
syntax error near "= 0;
case 1212206434"
	at com.jsoniter.TestAnnotation.test_multi_param_setter(TestAnnotation.java:121)
</error>
    <system-out><![CDATA[Unable to open file 'src\main\java\com\jsoniter\files\CodegenImplObjectHashGen(Class,Desc)Part1.txt'
Unable to open file 'src\main\java\com\jsoniter\files\CodegenImplObjectHashGen(Class,Desc)Part2.txt'
Unable to open file 'src\main\java\com\jsoniter\files\CodegenImplObjectHashGen(Class,Desc)Part3.txt'
Unable to open file 'src\main\java\com\jsoniter\files\CodegenImplObjectHashGen(Class,Desc)Part4.txt'
Unable to open file 'src\main\java\com\jsoniter\files\CodegenImplObjectHashGen(Class,Desc)Part5.txt'
]]></system-out>
  </testcase>
  <testcase name="test_multi_param_setter" classname="com.jsoniter.TestAnnotation" time="0.275"/>
  <testcase name="test_multi_param_setter" classname="com.jsoniter.TestAnnotation" time="1.059"/>
  <testcase name="test_ctor" classname="com.jsoniter.TestAnnotation" time="0.004"/>
  <testcase name="test_ctor" classname="com.jsoniter.TestAnnotation" time="0.037">
    <error message="failed to generate decoder for: class com.jsoniter.TestAnnotation$TestObject2 with [], exception: javassist.CannotCompileException: [source error] syntax error near &quot;= 0;&#10;case 1212206434&quot;&#10;public static java.lang.Object decode_(com.jsoniter.JsonIterator iter) throws java.io.IOException { int _field1_ = 0;&#10;case 1212206434: &#10;_field1_ = (int)iter.readInt();&#10;continue;&#10;com.jsoniter.TestAnnotation.TestObject2 obj = new com.jsoniter.TestAnnotation.TestObject2(_field1_);&#10;}" type="com.jsoniter.spi.JsonException">com.jsoniter.spi.JsonException: 
failed to generate decoder for: class com.jsoniter.TestAnnotation$TestObject2 with [], exception: javassist.CannotCompileException: [source error] syntax error near "= 0;
case 1212206434"
public static java.lang.Object decode_(com.jsoniter.JsonIterator iter) throws java.io.IOException { int _field1_ = 0;
case 1212206434: 
_field1_ = (int)iter.readInt();
continue;
com.jsoniter.TestAnnotation.TestObject2 obj = new com.jsoniter.TestAnnotation.TestObject2(_field1_);
}
	at com.jsoniter.TestAnnotation.test_ctor(TestAnnotation.java:55)
Caused by: javassist.CannotCompileException: 
[source error] syntax error near "= 0;
case 1212206434"
	at com.jsoniter.TestAnnotation.test_ctor(TestAnnotation.java:55)
Caused by: javassist.compiler.SyntaxError: 
syntax error near "= 0;
case 1212206434"
	at com.jsoniter.TestAnnotation.test_ctor(TestAnnotation.java:55)
</error>
    <system-out><![CDATA[Unable to open file 'src\main\java\com\jsoniter\files\CodegenImplObjectHashGen(Class,Desc)Part1.txt'
Unable to open file 'src\main\java\com\jsoniter\files\CodegenImplObjectHashGen(Class,Desc)Part2.txt'
Unable to open file 'src\main\java\com\jsoniter\files\CodegenImplObjectHashGen(Class,Desc)Part3.txt'
Unable to open file 'src\main\java\com\jsoniter\files\CodegenImplObjectHashGen(Class,Desc)Part4.txt'
Unable to open file 'src\main\java\com\jsoniter\files\CodegenImplObjectHashGen(Class,Desc)Part5.txt'
]]></system-out>
  </testcase>
  <testcase name="test_ctor" classname="com.jsoniter.TestAnnotation" time="0.005"/>
  <testcase name="test_ctor" classname="com.jsoniter.TestAnnotation" time="0.016"/>
  <testcase name="test_unknown_properties_blacklist" classname="com.jsoniter.TestAnnotation" time="0.007"/>
  <testcase name="test_unknown_properties_blacklist" classname="com.jsoniter.TestAnnotation" time="0.275"/>
  <testcase name="test_unknown_properties_blacklist" classname="com.jsoniter.TestAnnotation" time="0.015"/>
  <testcase name="test_unknown_properties_blacklist" classname="com.jsoniter.TestAnnotation" time="0.058"/>
  <testcase name="test_name_conflict" classname="com.jsoniter.TestAnnotation" time="0"/>
  <testcase name="test_name_conflict" classname="com.jsoniter.TestAnnotation" time="0.003">
    <error message="failed to generate decoder for: class com.jsoniter.TestAnnotation$TestObject17 with [], exception: javassist.CannotCompileException: [source error] syntax error near &quot;= 0;&#10;case 1212206434&quot;&#10;public static java.lang.Object decode_(com.jsoniter.JsonIterator iter) throws java.io.IOException { int _field1_ = 0;&#10;case 1212206434: &#10;_field1_ = (int)iter.readInt();&#10;continue;&#10;com.jsoniter.TestAnnotation.TestObject17 obj = (existingObj == null ? new com.jsoniter.TestAnnotation.TestObject17() : (com.jsoniter.TestAnnotation.TestObject17)existingObj);&#10;obj.setField1(_field1_);&#10;}" type="com.jsoniter.spi.JsonException">com.jsoniter.spi.JsonException: 
failed to generate decoder for: class com.jsoniter.TestAnnotation$TestObject17 with [], exception: javassist.CannotCompileException: [source error] syntax error near "= 0;
case 1212206434"
public static java.lang.Object decode_(com.jsoniter.JsonIterator iter) throws java.io.IOException { int _field1_ = 0;
case 1212206434: 
_field1_ = (int)iter.readInt();
continue;
com.jsoniter.TestAnnotation.TestObject17 obj = (existingObj == null ? new com.jsoniter.TestAnnotation.TestObject17() : (com.jsoniter.TestAnnotation.TestObject17)existingObj);
obj.setField1(_field1_);
}
	at com.jsoniter.TestAnnotation.test_name_conflict(TestAnnotation.java:271)
Caused by: javassist.CannotCompileException: 
[source error] syntax error near "= 0;
case 1212206434"
	at com.jsoniter.TestAnnotation.test_name_conflict(TestAnnotation.java:271)
Caused by: javassist.compiler.SyntaxError: 
syntax error near "= 0;
case 1212206434"
	at com.jsoniter.TestAnnotation.test_name_conflict(TestAnnotation.java:271)
</error>
    <system-out><![CDATA[Unable to open file 'src\main\java\com\jsoniter\files\CodegenImplObjectHashGen(Class,Desc)Part1.txt'
Unable to open file 'src\main\java\com\jsoniter\files\CodegenImplObjectHashGen(Class,Desc)Part2.txt'
Unable to open file 'src\main\java\com\jsoniter\files\CodegenImplObjectHashGen(Class,Desc)Part3.txt'
Unable to open file 'src\main\java\com\jsoniter\files\CodegenImplObjectHashGen(Class,Desc)Part4.txt'
Unable to open file 'src\main\java\com\jsoniter\files\CodegenImplObjectHashGen(Class,Desc)Part5.txt'
]]></system-out>
  </testcase>
  <testcase name="test_name_conflict" classname="com.jsoniter.TestAnnotation" time="0.001"/>
  <testcase name="test_name_conflict" classname="com.jsoniter.TestAnnotation" time="0.012"/>
  <testcase name="test_ignore" classname="com.jsoniter.TestAnnotation" time="0.006"/>
  <testcase name="test_ignore" classname="com.jsoniter.TestAnnotation" time="0.005">
    <error message="failed to generate decoder for: class com.jsoniter.TestAnnotation$TestObject1 with [], exception: javassist.CannotCompileException: [source error] syntax error near &quot;= 0;&#10;case 686115421:&quot;&#10;public static java.lang.Object decode_(com.jsoniter.JsonIterator iter) throws java.io.IOException { int _field1_ = 0;&#10;int _field2_ = 0;&#10;case 686115421: &#10;_field1_ = (int)iter.readInt();&#10;continue;&#10;com.jsoniter.TestAnnotation.TestObject1 obj = (existingObj == null ? new com.jsoniter.TestAnnotation.TestObject1() : (com.jsoniter.TestAnnotation.TestObject1)existingObj);&#10;obj.field1 = _field1_;&#10;obj.field2 = _field2_;&#10;}" type="com.jsoniter.spi.JsonException">com.jsoniter.spi.JsonException: 
failed to generate decoder for: class com.jsoniter.TestAnnotation$TestObject1 with [], exception: javassist.CannotCompileException: [source error] syntax error near "= 0;
case 686115421:"
public static java.lang.Object decode_(com.jsoniter.JsonIterator iter) throws java.io.IOException { int _field1_ = 0;
int _field2_ = 0;
case 686115421: 
_field1_ = (int)iter.readInt();
continue;
com.jsoniter.TestAnnotation.TestObject1 obj = (existingObj == null ? new com.jsoniter.TestAnnotation.TestObject1() : (com.jsoniter.TestAnnotation.TestObject1)existingObj);
obj.field1 = _field1_;
obj.field2 = _field2_;
}
	at com.jsoniter.TestAnnotation.test_ignore(TestAnnotation.java:40)
Caused by: javassist.CannotCompileException: 
[source error] syntax error near "= 0;
case 686115421:"
	at com.jsoniter.TestAnnotation.test_ignore(TestAnnotation.java:40)
Caused by: javassist.compiler.SyntaxError: 
syntax error near "= 0;
case 686115421:"
	at com.jsoniter.TestAnnotation.test_ignore(TestAnnotation.java:40)
</error>
    <system-out><![CDATA[Unable to open file 'src\main\java\com\jsoniter\files\CodegenImplObjectHashGen(Class,Desc)Part1.txt'
Unable to open file 'src\main\java\com\jsoniter\files\CodegenImplObjectHashGen(Class,Desc)Part2.txt'
Unable to open file 'src\main\java\com\jsoniter\files\CodegenImplObjectHashGen(Class,Desc)Part3.txt'
Unable to open file 'src\main\java\com\jsoniter\files\CodegenImplObjectHashGen(Class,Desc)Part4.txt'
Unable to open file 'src\main\java\com\jsoniter\files\CodegenImplObjectHashGen(Class,Desc)Part5.txt'
]]></system-out>
  </testcase>
  <testcase name="test_ignore" classname="com.jsoniter.TestAnnotation" time="0.004"/>
  <testcase name="test_ignore" classname="com.jsoniter.TestAnnotation" time="0.017"/>
  <testcase name="test_single_param_setter" classname="com.jsoniter.TestAnnotation" time="0"/>
  <testcase name="test_single_param_setter" classname="com.jsoniter.TestAnnotation" time="0.002">
    <error message="failed to generate decoder for: class com.jsoniter.TestAnnotation$TestObject5 with [], exception: javassist.CannotCompileException: [source error] syntax error near &quot;= 0;&#10;case 1212206434&quot;&#10;public static java.lang.Object decode_(com.jsoniter.JsonIterator iter) throws java.io.IOException { int _field1_ = 0;&#10;case 1212206434: &#10;_field1_ = (int)iter.readInt();&#10;continue;&#10;com.jsoniter.TestAnnotation.TestObject5 obj = (existingObj == null ? new com.jsoniter.TestAnnotation.TestObject5() : (com.jsoniter.TestAnnotation.TestObject5)existingObj);&#10;obj.setField1(_field1_);&#10;}" type="com.jsoniter.spi.JsonException">com.jsoniter.spi.JsonException: 
failed to generate decoder for: class com.jsoniter.TestAnnotation$TestObject5 with [], exception: javassist.CannotCompileException: [source error] syntax error near "= 0;
case 1212206434"
public static java.lang.Object decode_(com.jsoniter.JsonIterator iter) throws java.io.IOException { int _field1_ = 0;
case 1212206434: 
_field1_ = (int)iter.readInt();
continue;
com.jsoniter.TestAnnotation.TestObject5 obj = (existingObj == null ? new com.jsoniter.TestAnnotation.TestObject5() : (com.jsoniter.TestAnnotation.TestObject5)existingObj);
obj.setField1(_field1_);
}
	at com.jsoniter.TestAnnotation.test_single_param_setter(TestAnnotation.java:105)
Caused by: javassist.CannotCompileException: 
[source error] syntax error near "= 0;
case 1212206434"
	at com.jsoniter.TestAnnotation.test_single_param_setter(TestAnnotation.java:105)
Caused by: javassist.compiler.SyntaxError: 
syntax error near "= 0;
case 1212206434"
	at com.jsoniter.TestAnnotation.test_single_param_setter(TestAnnotation.java:105)
</error>
    <system-out><![CDATA[Unable to open file 'src\main\java\com\jsoniter\files\CodegenImplObjectHashGen(Class,Desc)Part1.txt'
Unable to open file 'src\main\java\com\jsoniter\files\CodegenImplObjectHashGen(Class,Desc)Part2.txt'
Unable to open file 'src\main\java\com\jsoniter\files\CodegenImplObjectHashGen(Class,Desc)Part3.txt'
Unable to open file 'src\main\java\com\jsoniter\files\CodegenImplObjectHashGen(Class,Desc)Part4.txt'
Unable to open file 'src\main\java\com\jsoniter\files\CodegenImplObjectHashGen(Class,Desc)Part5.txt'
]]></system-out>
  </testcase>
  <testcase name="test_single_param_setter" classname="com.jsoniter.TestAnnotation" time="0.001"/>
  <testcase name="test_single_param_setter" classname="com.jsoniter.TestAnnotation" time="0.007"/>
  <testcase name="test_rename" classname="com.jsoniter.TestAnnotation" time="0.001"/>
  <testcase name="test_rename" classname="com.jsoniter.TestAnnotation" time="0.002">
    <error message="failed to generate decoder for: class com.jsoniter.TestAnnotation$TestObject1 with [], exception: javassist.CannotCompileException: [source error] syntax error near &quot;= 0;&#10;case 686115421:&quot;&#10;public static java.lang.Object decode_(com.jsoniter.JsonIterator iter) throws java.io.IOException { int _field1_ = 0;&#10;int _field2_ = 0;&#10;case 686115421: &#10;_field1_ = (int)iter.readInt();&#10;continue;&#10;com.jsoniter.TestAnnotation.TestObject1 obj = (existingObj == null ? new com.jsoniter.TestAnnotation.TestObject1() : (com.jsoniter.TestAnnotation.TestObject1)existingObj);&#10;obj.field1 = _field1_;&#10;obj.field2 = _field2_;&#10;}" type="com.jsoniter.spi.JsonException">com.jsoniter.spi.JsonException: 
failed to generate decoder for: class com.jsoniter.TestAnnotation$TestObject1 with [], exception: javassist.CannotCompileException: [source error] syntax error near "= 0;
case 686115421:"
public static java.lang.Object decode_(com.jsoniter.JsonIterator iter) throws java.io.IOException { int _field1_ = 0;
int _field2_ = 0;
case 686115421: 
_field1_ = (int)iter.readInt();
continue;
com.jsoniter.TestAnnotation.TestObject1 obj = (existingObj == null ? new com.jsoniter.TestAnnotation.TestObject1() : (com.jsoniter.TestAnnotation.TestObject1)existingObj);
obj.field1 = _field1_;
obj.field2 = _field2_;
}
	at com.jsoniter.TestAnnotation.test_rename(TestAnnotation.java:34)
Caused by: javassist.CannotCompileException: 
[source error] syntax error near "= 0;
case 686115421:"
	at com.jsoniter.TestAnnotation.test_rename(TestAnnotation.java:34)
Caused by: javassist.compiler.SyntaxError: 
syntax error near "= 0;
case 686115421:"
	at com.jsoniter.TestAnnotation.test_rename(TestAnnotation.java:34)
</error>
    <system-out><![CDATA[Unable to open file 'src\main\java\com\jsoniter\files\CodegenImplObjectHashGen(Class,Desc)Part1.txt'
Unable to open file 'src\main\java\com\jsoniter\files\CodegenImplObjectHashGen(Class,Desc)Part2.txt'
Unable to open file 'src\main\java\com\jsoniter\files\CodegenImplObjectHashGen(Class,Desc)Part3.txt'
Unable to open file 'src\main\java\com\jsoniter\files\CodegenImplObjectHashGen(Class,Desc)Part4.txt'
Unable to open file 'src\main\java\com\jsoniter\files\CodegenImplObjectHashGen(Class,Desc)Part5.txt'
]]></system-out>
  </testcase>
  <testcase name="test_rename" classname="com.jsoniter.TestAnnotation" time="0"/>
  <testcase name="test_rename" classname="com.jsoniter.TestAnnotation" time="0"/>
  <testcase name="test_required_properties" classname="com.jsoniter.TestAnnotation" time="0.005"/>
  <testcase name="test_required_properties" classname="com.jsoniter.TestAnnotation" time="0.05"/>
  <testcase name="test_required_properties" classname="com.jsoniter.TestAnnotation" time="0.005"/>
  <testcase name="test_required_properties" classname="com.jsoniter.TestAnnotation" time="0.051"/>
  <testcase name="test_private_ctor" classname="com.jsoniter.TestAnnotation" time="0.001"/>
  <testcase name="test_private_ctor" classname="com.jsoniter.TestAnnotation" time="0.06"/>
  <testcase name="test_private_ctor" classname="com.jsoniter.TestAnnotation" time="0.001"/>
  <testcase name="test_private_ctor" classname="com.jsoniter.TestAnnotation" time="0.019"/>
  <testcase name="test_required_properties_not_missing" classname="com.jsoniter.TestAnnotation" time="0.001"/>
  <testcase name="test_required_properties_not_missing" classname="com.jsoniter.TestAnnotation" time="0.04"/>
  <testcase name="test_required_properties_not_missing" classname="com.jsoniter.TestAnnotation" time="0.001"/>
  <testcase name="test_required_properties_not_missing" classname="com.jsoniter.TestAnnotation" time="0.035"/>
  <testcase name="test_bind_from_multiple_names" classname="com.jsoniter.TestAnnotation" time="0.001"/>
  <testcase name="test_bind_from_multiple_names" classname="com.jsoniter.TestAnnotation" time="0.002">
    <error message="failed to generate decoder for: class com.jsoniter.TestAnnotation$TestObject12 with [], exception: javassist.CannotCompileException: [source error] syntax error near &quot;= 0;&#10;case -166560528&quot;&#10;public static java.lang.Object decode_(com.jsoniter.JsonIterator iter) throws java.io.IOException { int _field1_ = 0;&#10;case -1665605285: &#10;_field1_ = (int)iter.readInt();&#10;continue;&#10;case 686115421: &#10;_field1_ = (int)iter.readInt();&#10;continue;&#10;com.jsoniter.TestAnnotation.TestObject12 obj = (existingObj == null ? new com.jsoniter.TestAnnotation.TestObject12() : (com.jsoniter.TestAnnotation.TestObject12)existingObj);&#10;obj.field1 = _field1_;&#10;}" type="com.jsoniter.spi.JsonException">com.jsoniter.spi.JsonException: 
failed to generate decoder for: class com.jsoniter.TestAnnotation$TestObject12 with [], exception: javassist.CannotCompileException: [source error] syntax error near "= 0;
case -166560528"
public static java.lang.Object decode_(com.jsoniter.JsonIterator iter) throws java.io.IOException { int _field1_ = 0;
case -1665605285: 
_field1_ = (int)iter.readInt();
continue;
case 686115421: 
_field1_ = (int)iter.readInt();
continue;
com.jsoniter.TestAnnotation.TestObject12 obj = (existingObj == null ? new com.jsoniter.TestAnnotation.TestObject12() : (com.jsoniter.TestAnnotation.TestObject12)existingObj);
obj.field1 = _field1_;
}
	at com.jsoniter.TestAnnotation.test_bind_from_multiple_names(TestAnnotation.java:197)
Caused by: javassist.CannotCompileException: 
[source error] syntax error near "= 0;
case -166560528"
	at com.jsoniter.TestAnnotation.test_bind_from_multiple_names(TestAnnotation.java:197)
Caused by: javassist.compiler.SyntaxError: 
syntax error near "= 0;
case -166560528"
	at com.jsoniter.TestAnnotation.test_bind_from_multiple_names(TestAnnotation.java:197)
</error>
    <system-out><![CDATA[Unable to open file 'src\main\java\com\jsoniter\files\CodegenImplObjectHashGen(Class,Desc)Part1.txt'
Unable to open file 'src\main\java\com\jsoniter\files\CodegenImplObjectHashGen(Class,Desc)Part2.txt'
Unable to open file 'src\main\java\com\jsoniter\files\CodegenImplObjectHashGen(Class,Desc)Part3.txt'
Unable to open file 'src\main\java\com\jsoniter\files\CodegenImplObjectHashGen(Class,Desc)Part4.txt'
Unable to open file 'src\main\java\com\jsoniter\files\CodegenImplObjectHashGen(Class,Desc)Part5.txt'
]]></system-out>
  </testcase>
  <testcase name="test_bind_from_multiple_names" classname="com.jsoniter.TestAnnotation" time="0.023"/>
  <testcase name="test_bind_from_multiple_names" classname="com.jsoniter.TestAnnotation" time="0.021"/>
  <testcase name="test_extra_properties" classname="com.jsoniter.TestAnnotation" time="0.171"/>
  <testcase name="test_extra_properties" classname="com.jsoniter.TestAnnotation" time="0.085"/>
  <testcase name="test_extra_properties" classname="com.jsoniter.TestAnnotation" time="0.148"/>
  <testcase name="test_extra_properties" classname="com.jsoniter.TestAnnotation" time="0.091"/>
  <testcase name="test_unknown_properties" classname="com.jsoniter.TestAnnotation" time="0.002"/>
  <testcase name="test_unknown_properties" classname="com.jsoniter.TestAnnotation" time="0.022"/>
  <testcase name="test_unknown_properties" classname="com.jsoniter.TestAnnotation" time="0.001"/>
  <testcase name="test_unknown_properties" classname="com.jsoniter.TestAnnotation" time="0.01"/>
  <testcase name="test_specify_property" classname="com.jsoniter.TestAnnotation" time="0.003"/>
  <testcase name="test_specify_property" classname="com.jsoniter.TestAnnotation" time="0.002">
    <error message="failed to generate decoder for: ParameterizedTypeImpl{actualTypeArguments=[class java.lang.Integer], ownerType=null, rawType=java.util.LinkedList} with [class java.lang.Integer], exception: javassist.CannotCompileException: [source error] no return statement&#10;public static java.lang.Object decode_(com.jsoniter.JsonIterator iter) throws java.io.IOException { }" type="com.jsoniter.spi.JsonException">com.jsoniter.spi.JsonException: 
failed to generate decoder for: ParameterizedTypeImpl{actualTypeArguments=[class java.lang.Integer], ownerType=null, rawType=java.util.LinkedList} with [class java.lang.Integer], exception: javassist.CannotCompileException: [source error] no return statement
public static java.lang.Object decode_(com.jsoniter.JsonIterator iter) throws java.io.IOException { }
	at com.jsoniter.TestAnnotation.test_specify_property(TestAnnotation.java:251)
Caused by: javassist.CannotCompileException: [source error] no return statement
	at com.jsoniter.TestAnnotation.test_specify_property(TestAnnotation.java:251)
Caused by: javassist.compiler.CompileError: no return statement
	at com.jsoniter.TestAnnotation.test_specify_property(TestAnnotation.java:251)
</error>
    <system-out><![CDATA[Unable to open file 'src\main\java\com\jsoniter\files\CodegenImplObjectHashGen(Class,Desc)Part1.txt'
Unable to open file 'src\main\java\com\jsoniter\files\CodegenImplObjectHashGen(Class,Desc)Part2.txt'
Unable to open file 'src\main\java\com\jsoniter\files\CodegenImplObjectHashGen(Class,Desc)Part3.txt'
Unable to open file 'src\main\java\com\jsoniter\files\CodegenImplArrayGen(Class,Type)WithoutCollectionClasses.txt'
]]></system-out>
  </testcase>
  <testcase name="test_specify_property" classname="com.jsoniter.TestAnnotation" time="0.004"/>
  <testcase name="test_specify_property" classname="com.jsoniter.TestAnnotation" time="0.025">
    <error message="failed to generate decoder for: ParameterizedTypeImpl{actualTypeArguments=[class java.lang.Integer], ownerType=null, rawType=java.util.LinkedList} with [class java.lang.Integer], exception: javassist.CannotCompileException: [source error] no return statement&#10;public static java.lang.Object decode_(com.jsoniter.JsonIterator iter) throws java.io.IOException { }" type="com.jsoniter.spi.JsonException">com.jsoniter.spi.JsonException: 
failed to generate decoder for: ParameterizedTypeImpl{actualTypeArguments=[class java.lang.Integer], ownerType=null, rawType=java.util.LinkedList} with [class java.lang.Integer], exception: javassist.CannotCompileException: [source error] no return statement
public static java.lang.Object decode_(com.jsoniter.JsonIterator iter) throws java.io.IOException { }
	at com.jsoniter.TestAnnotation.test_specify_property(TestAnnotation.java:251)
Caused by: javassist.CannotCompileException: [source error] no return statement
	at com.jsoniter.TestAnnotation.test_specify_property(TestAnnotation.java:251)
Caused by: javassist.compiler.CompileError: no return statement
	at com.jsoniter.TestAnnotation.test_specify_property(TestAnnotation.java:251)
</error>
    <system-out><![CDATA[Unable to open file 'src\main\java\com\jsoniter\files\CodegenImplArrayGen(Class,Type)WithoutCollectionClasses.txt'
]]></system-out>
  </testcase>
  <testcase name="test_static_factory" classname="com.jsoniter.TestAnnotation" time="0.002"/>
  <testcase name="test_static_factory" classname="com.jsoniter.TestAnnotation" time="0.002">
    <error message="failed to generate decoder for: class com.jsoniter.TestAnnotation$TestObject4 with [], exception: javassist.CannotCompileException: [source error] syntax error near &quot;= 0;&#10;case 1212206434&quot;&#10;public static java.lang.Object decode_(com.jsoniter.JsonIterator iter) throws java.io.IOException { int _field1_ = 0;&#10;case 1212206434: &#10;_field1_ = (int)iter.readInt();&#10;continue;&#10;com.jsoniter.TestAnnotation.TestObject4 obj = com.jsoniter.TestAnnotation.TestObject4.createObject(_field1_);&#10;}" type="com.jsoniter.spi.JsonException">com.jsoniter.spi.JsonException: 
failed to generate decoder for: class com.jsoniter.TestAnnotation$TestObject4 with [], exception: javassist.CannotCompileException: [source error] syntax error near "= 0;
case 1212206434"
public static java.lang.Object decode_(com.jsoniter.JsonIterator iter) throws java.io.IOException { int _field1_ = 0;
case 1212206434: 
_field1_ = (int)iter.readInt();
continue;
com.jsoniter.TestAnnotation.TestObject4 obj = com.jsoniter.TestAnnotation.TestObject4.createObject(_field1_);
}
	at com.jsoniter.TestAnnotation.test_static_factory(TestAnnotation.java:91)
Caused by: javassist.CannotCompileException: 
[source error] syntax error near "= 0;
case 1212206434"
	at com.jsoniter.TestAnnotation.test_static_factory(TestAnnotation.java:91)
Caused by: javassist.compiler.SyntaxError: 
syntax error near "= 0;
case 1212206434"
	at com.jsoniter.TestAnnotation.test_static_factory(TestAnnotation.java:91)
</error>
    <system-out><![CDATA[Unable to open file 'src\main\java\com\jsoniter\files\CodegenImplObjectHashGen(Class,Desc)Part1.txt'
Unable to open file 'src\main\java\com\jsoniter\files\CodegenImplObjectHashGen(Class,Desc)Part2.txt'
Unable to open file 'src\main\java\com\jsoniter\files\CodegenImplObjectHashGen(Class,Desc)Part3.txt'
Unable to open file 'src\main\java\com\jsoniter\files\CodegenImplObjectHashGen(Class,Desc)Part4.txt'
Unable to open file 'src\main\java\com\jsoniter\files\CodegenImplObjectHashGen(Class,Desc)Part5.txt'
]]></system-out>
  </testcase>
  <testcase name="test_static_factory" classname="com.jsoniter.TestAnnotation" time="0.001"/>
  <testcase name="test_static_factory" classname="com.jsoniter.TestAnnotation" time="0.009"/>
  <testcase name="test_missing_ctor_arg" classname="com.jsoniter.TestAnnotation" time="0.002"/>
  <testcase name="test_missing_ctor_arg" classname="com.jsoniter.TestAnnotation" time="0.023"/>
  <testcase name="test_missing_ctor_arg" classname="com.jsoniter.TestAnnotation" time="0.001"/>
  <testcase name="test_missing_ctor_arg" classname="com.jsoniter.TestAnnotation" time="0.069"/>
  <testcase name="test_integer_property_decoder" classname="com.jsoniter.TestAnnotation" time="0.003"/>
  <testcase name="test_integer_property_decoder" classname="com.jsoniter.TestAnnotation" time="0.024">
    <error message="failed to generate decoder for: class com.jsoniter.TestAnnotation$TestObject11 with [], exception: javassist.CannotCompileException: [source error] syntax error near &quot;ull;&#10;case 1212206434&quot;&#10;public static java.lang.Object decode_(com.jsoniter.JsonIterator iter) throws java.io.IOException { java.lang.Integer _field1_ = null;&#10;case 1212206434: &#10;_field1_ = (java.lang.Integer)com.jsoniter.CodegenAccess.read(&quot;field1@decoder.com.jsoniter.TestAnnotation_TestObject11&quot;, iter);&#10;continue;&#10;com.jsoniter.TestAnnotation.TestObject11 obj = (existingObj == null ? new com.jsoniter.TestAnnotation.TestObject11() : (com.jsoniter.TestAnnotation.TestObject11)existingObj);&#10;obj.field1 = _field1_;&#10;}" type="com.jsoniter.spi.JsonException">com.jsoniter.spi.JsonException: 
failed to generate decoder for: class com.jsoniter.TestAnnotation$TestObject11 with [], exception: javassist.CannotCompileException: [source error] syntax error near "ull;
case 1212206434"
public static java.lang.Object decode_(com.jsoniter.JsonIterator iter) throws java.io.IOException { java.lang.Integer _field1_ = null;
case 1212206434: 
_field1_ = (java.lang.Integer)com.jsoniter.CodegenAccess.read("field1@decoder.com.jsoniter.TestAnnotation_TestObject11", iter);
continue;
com.jsoniter.TestAnnotation.TestObject11 obj = (existingObj == null ? new com.jsoniter.TestAnnotation.TestObject11() : (com.jsoniter.TestAnnotation.TestObject11)existingObj);
obj.field1 = _field1_;
}
	at com.jsoniter.TestAnnotation.test_integer_property_decoder(TestAnnotation.java:186)
Caused by: javassist.CannotCompileException: 
[source error] syntax error near "ull;
case 1212206434"
	at com.jsoniter.TestAnnotation.test_integer_property_decoder(TestAnnotation.java:186)
Caused by: javassist.compiler.SyntaxError: 
syntax error near "ull;
case 1212206434"
	at com.jsoniter.TestAnnotation.test_integer_property_decoder(TestAnnotation.java:186)
</error>
    <system-out><![CDATA[Unable to open file 'src\main\java\com\jsoniter\files\CodegenImplObjectHashGen(Class,Desc)Part1.txt'
Unable to open file 'src\main\java\com\jsoniter\files\CodegenImplObjectHashGen(Class,Desc)Part2.txt'
Unable to open file 'src\main\java\com\jsoniter\files\CodegenImplObjectHashGen(Class,Desc)Part3.txt'
Unable to open file 'src\main\java\com\jsoniter\files\CodegenImplObjectHashGen(Class,Desc)Part4.txt'
Unable to open file 'src\main\java\com\jsoniter\files\CodegenImplObjectHashGen(Class,Desc)Part5.txt'
]]></system-out>
  </testcase>
  <testcase name="test_integer_property_decoder" classname="com.jsoniter.TestAnnotation" time="0.002"/>
  <testcase name="test_integer_property_decoder" classname="com.jsoniter.TestAnnotation" time="0.02"/>
  <testcase name="test_property_decoder" classname="com.jsoniter.TestAnnotation" time="0.001"/>
  <testcase name="test_property_decoder" classname="com.jsoniter.TestAnnotation" time="0.001">
    <error message="failed to generate decoder for: class com.jsoniter.TestAnnotation$TestObject10 with [], exception: javassist.CannotCompileException: [source error] syntax error near &quot;= 0;&#10;case 1212206434&quot;&#10;public static java.lang.Object decode_(com.jsoniter.JsonIterator iter) throws java.io.IOException { int _field1_ = 0;&#10;case 1212206434: &#10;_field1_ = (int)com.jsoniter.CodegenAccess.readInt(&quot;field1@decoder.com.jsoniter.TestAnnotation_TestObject10&quot;, iter);&#10;continue;&#10;com.jsoniter.TestAnnotation.TestObject10 obj = (existingObj == null ? new com.jsoniter.TestAnnotation.TestObject10() : (com.jsoniter.TestAnnotation.TestObject10)existingObj);&#10;obj.field1 = _field1_;&#10;}" type="com.jsoniter.spi.JsonException">com.jsoniter.spi.JsonException: 
failed to generate decoder for: class com.jsoniter.TestAnnotation$TestObject10 with [], exception: javassist.CannotCompileException: [source error] syntax error near "= 0;
case 1212206434"
public static java.lang.Object decode_(com.jsoniter.JsonIterator iter) throws java.io.IOException { int _field1_ = 0;
case 1212206434: 
_field1_ = (int)com.jsoniter.CodegenAccess.readInt("field1@decoder.com.jsoniter.TestAnnotation_TestObject10", iter);
continue;
com.jsoniter.TestAnnotation.TestObject10 obj = (existingObj == null ? new com.jsoniter.TestAnnotation.TestObject10() : (com.jsoniter.TestAnnotation.TestObject10)existingObj);
obj.field1 = _field1_;
}
	at com.jsoniter.TestAnnotation.test_property_decoder(TestAnnotation.java:175)
Caused by: javassist.CannotCompileException: 
[source error] syntax error near "= 0;
case 1212206434"
	at com.jsoniter.TestAnnotation.test_property_decoder(TestAnnotation.java:175)
Caused by: javassist.compiler.SyntaxError: 
syntax error near "= 0;
case 1212206434"
	at com.jsoniter.TestAnnotation.test_property_decoder(TestAnnotation.java:175)
</error>
    <system-out><![CDATA[Unable to open file 'src\main\java\com\jsoniter\files\CodegenImplObjectHashGen(Class,Desc)Part1.txt'
Unable to open file 'src\main\java\com\jsoniter\files\CodegenImplObjectHashGen(Class,Desc)Part2.txt'
Unable to open file 'src\main\java\com\jsoniter\files\CodegenImplObjectHashGen(Class,Desc)Part3.txt'
Unable to open file 'src\main\java\com\jsoniter\files\CodegenImplObjectHashGen(Class,Desc)Part4.txt'
Unable to open file 'src\main\java\com\jsoniter\files\CodegenImplObjectHashGen(Class,Desc)Part5.txt'
]]></system-out>
  </testcase>
  <testcase name="test_property_decoder" classname="com.jsoniter.TestAnnotation" time="0.001"/>
  <testcase name="test_property_decoder" classname="com.jsoniter.TestAnnotation" time="0.007"/>
</testsuite>