<?xml version="1.0" encoding="UTF-8"?>
<testsuite xmlns:xsi="http://www.w3.org/2001/XMLSchema-instance" xsi:schemaLocation="https://maven.apache.org/surefire/maven-surefire-plugin/xsd/surefire-test-report.xsd" name="com.jsoniter.TestArray" time="0.058" tests="10" errors="8" skipped="0" failures="0">
  <properties>
[...]
</properties>
  <testcase name="test_null" classname="com.jsoniter.TestArray" time="0.015"/>
  <testcase name="test_null" classname="com.jsoniter.TestArray" time="0.001">
    <error message="failed to generate decoder for: class [D with [], exception: javassist.CannotCompileException: [source error] no return statement&#10;public static java.lang.Object decode_(com.jsoniter.JsonIterator iter) throws java.io.IOException { }" type="com.jsoniter.spi.JsonException">com.jsoniter.spi.JsonException: 
failed to generate decoder for: class [D with [], exception: javassist.CannotCompileException: [source error] no return statement
public static java.lang.Object decode_(com.jsoniter.JsonIterator iter) throws java.io.IOException { }
	at com.jsoniter.TestArray.test_null(TestArray.java:170)
Caused by: javassist.CannotCompileException: [source error] no return statement
	at com.jsoniter.TestArray.test_null(TestArray.java:170)
Caused by: javassist.compiler.CompileError: no return statement
	at com.jsoniter.TestArray.test_null(TestArray.java:170)
</error>
    <system-out><![CDATA[Unable to open file 'src\main\java\com\jsoniter\files\CodegenImplArrayGen(Class).txt'
]]></system-out>
  </testcase>
  <testcase name="test_null" classname="com.jsoniter.TestArray" time="0.017"/>
  <testcase name="test_null" classname="com.jsoniter.TestArray" time="0.001">
    <error message="failed to generate decoder for: class [D with [], exception: javassist.CannotCompileException: [source error] no return statement&#10;public static java.lang.Object decode_(com.jsoniter.JsonIterator iter) throws java.io.IOException { }" type="com.jsoniter.spi.JsonException">com.jsoniter.spi.JsonException: 
failed to generate decoder for: class [D with [], exception: javassist.CannotCompileException: [source error] no return statement
public static java.lang.Object decode_(com.jsoniter.JsonIterator iter) throws java.io.IOException { }
	at com.jsoniter.TestArray.test_null(TestArray.java:170)
Caused by: javassist.CannotCompileException: [source error] no return statement
	at com.jsoniter.TestArray.test_null(TestArray.java:170)
Caused by: javassist.compiler.CompileError: no return statement
	at com.jsoniter.TestArray.test_null(TestArray.java:170)
</error>
    <system-out><![CDATA[Unable to open file 'src\main\java\com\jsoniter\files\CodegenImplArrayGen(Class).txt'
]]></system-out>
  </testcase>
  <testcase name="test_five_elements" classname="com.jsoniter.TestArray" time="0.019"/>
  <testcase name="test_five_elements" classname="com.jsoniter.TestArray" time="0.002">
    <error message="failed to generate decoder for: class [I with [], exception: javassist.CannotCompileException: [source error] no return statement&#10;public static java.lang.Object decode_(com.jsoniter.JsonIterator iter) throws java.io.IOException { }" type="com.jsoniter.spi.JsonException">com.jsoniter.spi.JsonException: 
failed to generate decoder for: class [I with [], exception: javassist.CannotCompileException: [source error] no return statement
public static java.lang.Object decode_(com.jsoniter.JsonIterator iter) throws java.io.IOException { }
	at com.jsoniter.TestArray.test_five_elements(TestArray.java:154)
Caused by: javassist.CannotCompileException: [source error] no return statement
	at com.jsoniter.TestArray.test_five_elements(TestArray.java:154)
Caused by: javassist.compiler.CompileError: no return statement
	at com.jsoniter.TestArray.test_five_elements(TestArray.java:154)
</error>
    <system-out><![CDATA[Unable to open file 'src\main\java\com\jsoniter\files\CodegenImplArrayGen(Class).txt'
]]></system-out>
  </testcase>
  <testcase name="test_five_elements" classname="com.jsoniter.TestArray" time="0.011"/>
  <testcase name="test_five_elements" classname="com.jsoniter.TestArray" time="0.029">
    <error message="failed to generate decoder for: class [I with [], exception: javassist.CannotCompileException: [source error] no return statement&#10;public static java.lang.Object decode_(com.jsoniter.JsonIterator iter) throws java.io.IOException { }" type="com.jsoniter.spi.JsonException">com.jsoniter.spi.JsonException: 
failed to generate decoder for: class [I with [], exception: javassist.CannotCompileException: [source error] no return statement
public static java.lang.Object decode_(com.jsoniter.JsonIterator iter) throws java.io.IOException { }
	at com.jsoniter.TestArray.test_five_elements(TestArray.java:154)
Caused by: javassist.CannotCompileException: [source error] no return statement
	at com.jsoniter.TestArray.test_five_elements(TestArray.java:154)
Caused by: javassist.compiler.CompileError: no return statement
	at com.jsoniter.TestArray.test_five_elements(TestArray.java:154)
</error>
    <system-out><![CDATA[Unable to open file 'src\main\java\com\jsoniter\files\CodegenImplArrayGen(Class).txt'
]]></system-out>
  </testcase>
  <testcase name="test_four_elements" classname="com.jsoniter.TestArray" time="0.001"/>
  <testcase name="test_four_elements" classname="com.jsoniter.TestArray" time="0.001">
    <error message="failed to generate decoder for: class [I with [], exception: javassist.CannotCompileException: [source error] no return statement&#10;public static java.lang.Object decode_(com.jsoniter.JsonIterator iter) throws java.io.IOException { }" type="com.jsoniter.spi.JsonException">com.jsoniter.spi.JsonException: 
failed to generate decoder for: class [I with [], exception: javassist.CannotCompileException: [source error] no return statement
public static java.lang.Object decode_(com.jsoniter.JsonIterator iter) throws java.io.IOException { }
	at com.jsoniter.TestArray.test_four_elements(TestArray.java:126)
Caused by: javassist.CannotCompileException: [source error] no return statement
	at com.jsoniter.TestArray.test_four_elements(TestArray.java:126)
Caused by: javassist.compiler.CompileError: no return statement
	at com.jsoniter.TestArray.test_four_elements(TestArray.java:126)
</error>
    <system-out><![CDATA[Unable to open file 'src\main\java\com\jsoniter\files\CodegenImplArrayGen(Class).txt'
]]></system-out>
  </testcase>
  <testcase name="test_four_elements" classname="com.jsoniter.TestArray" time="0.004"/>
  <testcase name="test_four_elements" classname="com.jsoniter.TestArray" time="0.001">
    <error message="failed to generate decoder for: class [I with [], exception: javassist.CannotCompileException: [source error] no return statement&#10;public static java.lang.Object decode_(com.jsoniter.JsonIterator iter) throws java.io.IOException { }" type="com.jsoniter.spi.JsonException">com.jsoniter.spi.JsonException: 
failed to generate decoder for: class [I with [], exception: javassist.CannotCompileException: [source error] no return statement
public static java.lang.Object decode_(com.jsoniter.JsonIterator iter) throws java.io.IOException { }
	at com.jsoniter.TestArray.test_four_elements(TestArray.java:126)
Caused by: javassist.CannotCompileException: [source error] no return statement
	at com.jsoniter.TestArray.test_four_elements(TestArray.java:126)
Caused by: javassist.compiler.CompileError: no return statement
	at com.jsoniter.TestArray.test_four_elements(TestArray.java:126)
</error>
    <system-out><![CDATA[Unable to open file 'src\main\java\com\jsoniter\files\CodegenImplArrayGen(Class).txt'
]]></system-out>
  </testcase>
  <testcase name="test_iterator" classname="com.jsoniter.TestArray" time="0.006"/>
  <testcase name="test_iterator" classname="com.jsoniter.TestArray" time="0.001"/>
  <testcase name="test_iterator" classname="com.jsoniter.TestArray" time="0.001"/>
  <testcase name="test_iterator" classname="com.jsoniter.TestArray" time="0.002"/>
  <testcase name="test_array_lazy_any_to_string" classname="com.jsoniter.TestArray" time="0.013"/>
  <testcase name="test_array_lazy_any_to_string" classname="com.jsoniter.TestArray" time="0.013"/>
  <testcase name="test_array_lazy_any_to_string" classname="com.jsoniter.TestArray" time="0.006"/>
  <testcase name="test_array_lazy_any_to_string" classname="com.jsoniter.TestArray" time="0.02"/>
  <testcase name="test_one_element" classname="com.jsoniter.TestArray" time="0.002"/>
  <testcase name="test_one_element" classname="com.jsoniter.TestArray" time="0.001">
    <error message="failed to generate decoder for: class [I with [], exception: javassist.CannotCompileException: [source error] no return statement&#10;public static java.lang.Object decode_(com.jsoniter.JsonIterator iter) throws java.io.IOException { }" type="com.jsoniter.spi.JsonException">com.jsoniter.spi.JsonException: 
failed to generate decoder for: class [I with [], exception: javassist.CannotCompileException: [source error] no return statement
public static java.lang.Object decode_(com.jsoniter.JsonIterator iter) throws java.io.IOException { }
	at com.jsoniter.TestArray.test_one_element(TestArray.java:42)
Caused by: javassist.CannotCompileException: [source error] no return statement
	at com.jsoniter.TestArray.test_one_element(TestArray.java:42)
Caused by: javassist.compiler.CompileError: no return statement
	at com.jsoniter.TestArray.test_one_element(TestArray.java:42)
</error>
    <system-out><![CDATA[Unable to open file 'src\main\java\com\jsoniter\files\CodegenImplArrayGen(Class).txt'
]]></system-out>
  </testcase>
  <testcase name="test_one_element" classname="com.jsoniter.TestArray" time="0.001"/>
  <testcase name="test_one_element" classname="com.jsoniter.TestArray" time="0">
    <error message="failed to generate decoder for: class [I with [], exception: javassist.CannotCompileException: [source error] no return statement&#10;public static java.lang.Object decode_(com.jsoniter.JsonIterator iter) throws java.io.IOException { }" type="com.jsoniter.spi.JsonException">com.jsoniter.spi.JsonException: 
failed to generate decoder for: class [I with [], exception: javassist.CannotCompileException: [source error] no return statement
public static java.lang.Object decode_(com.jsoniter.JsonIterator iter) throws java.io.IOException { }
	at com.jsoniter.TestArray.test_one_element(TestArray.java:42)
Caused by: javassist.CannotCompileException: [source error] no return statement
	at com.jsoniter.TestArray.test_one_element(TestArray.java:42)
Caused by: javassist.compiler.CompileError: no return statement
	at com.jsoniter.TestArray.test_one_element(TestArray.java:42)
</error>
    <system-out><![CDATA[Unable to open file 'src\main\java\com\jsoniter\files\CodegenImplArrayGen(Class).txt'
]]></system-out>
  </testcase>
  <testcase name="test_boolean_array" classname="com.jsoniter.TestArray" time="0.001"/>
  <testcase name="test_boolean_array" classname="com.jsoniter.TestArray" time="0.001">
    <error message="failed to generate decoder for: class [Z with [], exception: javassist.CannotCompileException: [source error] no return statement&#10;public static java.lang.Object decode_(com.jsoniter.JsonIterator iter) throws java.io.IOException { }" type="com.jsoniter.spi.JsonException">com.jsoniter.spi.JsonException: 
failed to generate decoder for: class [Z with [], exception: javassist.CannotCompileException: [source error] no return statement
public static java.lang.Object decode_(com.jsoniter.JsonIterator iter) throws java.io.IOException { }
	at com.jsoniter.TestArray.test_boolean_array(TestArray.java:175)
Caused by: javassist.CannotCompileException: [source error] no return statement
	at com.jsoniter.TestArray.test_boolean_array(TestArray.java:175)
Caused by: javassist.compiler.CompileError: no return statement
	at com.jsoniter.TestArray.test_boolean_array(TestArray.java:175)
</error>
    <system-out><![CDATA[Unable to open file 'src\main\java\com\jsoniter\files\CodegenImplArrayGen(Class).txt'
]]></system-out>
  </testcase>
  <testcase name="test_boolean_array" classname="com.jsoniter.TestArray" time="0.001"/>
  <testcase name="test_boolean_array" classname="com.jsoniter.TestArray" time="0.001">
    <error message="failed to generate decoder for: class [Z with [], exception: javassist.CannotCompileException: [source error] no return statement&#10;public static java.lang.Object decode_(com.jsoniter.JsonIterator iter) throws java.io.IOException { }" type="com.jsoniter.spi.JsonException">com.jsoniter.spi.JsonException: 
failed to generate decoder for: class [Z with [], exception: javassist.CannotCompileException: [source error] no return statement
public static java.lang.Object decode_(com.jsoniter.JsonIterator iter) throws java.io.IOException { }
	at com.jsoniter.TestArray.test_boolean_array(TestArray.java:175)
Caused by: javassist.CannotCompileException: [source error] no return statement
	at com.jsoniter.TestArray.test_boolean_array(TestArray.java:175)
Caused by: javassist.compiler.CompileError: no return statement
	at com.jsoniter.TestArray.test_boolean_array(TestArray.java:175)
</error>
    <system-out><![CDATA[Unable to open file 'src\main\java\com\jsoniter\files\CodegenImplArrayGen(Class).txt'
]]></system-out>
  </testcase>
  <testcase name="test_three_elements" classname="com.jsoniter.TestArray" time="0.001"/>
  <testcase name="test_three_elements" classname="com.jsoniter.TestArray" time="0.001">
    <error message="failed to generate decoder for: class [I with [], exception: javassist.CannotCompileException: [source error] no return statement&#10;public static java.lang.Object decode_(com.jsoniter.JsonIterator iter) throws java.io.IOException { }" type="com.jsoniter.spi.JsonException">com.jsoniter.spi.JsonException: 
failed to generate decoder for: class [I with [], exception: javassist.CannotCompileException: [source error] no return statement
public static java.lang.Object decode_(com.jsoniter.JsonIterator iter) throws java.io.IOException { }
	at com.jsoniter.TestArray.test_three_elements(TestArray.java:100)
Caused by: javassist.CannotCompileException: [source error] no return statement
	at com.jsoniter.TestArray.test_three_elements(TestArray.java:100)
Caused by: javassist.compiler.CompileError: no return statement
	at com.jsoniter.TestArray.test_three_elements(TestArray.java:100)
</error>
    <system-out><![CDATA[Unable to open file 'src\main\java\com\jsoniter\files\CodegenImplArrayGen(Class).txt'
]]></system-out>
  </testcase>
  <testcase name="test_three_elements" classname="com.jsoniter.TestArray" time="0"/>
  <testcase name="test_three_elements" classname="com.jsoniter.TestArray" time="0.001">
    <error message="failed to generate decoder for: class [I with [], exception: javassist.CannotCompileException: [source error] no return statement&#10;public static java.lang.Object decode_(com.jsoniter.JsonIterator iter) throws java.io.IOException { }" type="com.jsoniter.spi.JsonException">com.jsoniter.spi.JsonException: 
failed to generate decoder for: class [I with [], exception: javassist.CannotCompileException: [source error] no return statement
public static java.lang.Object decode_(com.jsoniter.JsonIterator iter) throws java.io.IOException { }
	at com.jsoniter.TestArray.test_three_elements(TestArray.java:100)
Caused by: javassist.CannotCompileException: [source error] no return statement
	at com.jsoniter.TestArray.test_three_elements(TestArray.java:100)
Caused by: javassist.compiler.CompileError: no return statement
	at com.jsoniter.TestArray.test_three_elements(TestArray.java:100)
</error>
    <system-out><![CDATA[Unable to open file 'src\main\java\com\jsoniter\files\CodegenImplArrayGen(Class).txt'
]]></system-out>
  </testcase>
  <testcase name="test_two_elements" classname="com.jsoniter.TestArray" time="0"/>
  <testcase name="test_two_elements" classname="com.jsoniter.TestArray" time="0.002">
    <error message="failed to generate decoder for: class [I with [], exception: javassist.CannotCompileException: [source error] no return statement&#10;public static java.lang.Object decode_(com.jsoniter.JsonIterator iter) throws java.io.IOException { }" type="com.jsoniter.spi.JsonException">com.jsoniter.spi.JsonException: 
failed to generate decoder for: class [I with [], exception: javassist.CannotCompileException: [source error] no return statement
public static java.lang.Object decode_(com.jsoniter.JsonIterator iter) throws java.io.IOException { }
	at com.jsoniter.TestArray.test_two_elements(TestArray.java:74)
Caused by: javassist.CannotCompileException: [source error] no return statement
	at com.jsoniter.TestArray.test_two_elements(TestArray.java:74)
Caused by: javassist.compiler.CompileError: no return statement
	at com.jsoniter.TestArray.test_two_elements(TestArray.java:74)
</error>
    <system-out><![CDATA[Unable to open file 'src\main\java\com\jsoniter\files\CodegenImplArrayGen(Class).txt'
]]></system-out>
  </testcase>
  <testcase name="test_two_elements" classname="com.jsoniter.TestArray" time="0.001"/>
  <testcase name="test_two_elements" classname="com.jsoniter.TestArray" time="0.001">
    <error message="failed to generate decoder for: class [I with [], exception: javassist.CannotCompileException: [source error] no return statement&#10;public static java.lang.Object decode_(com.jsoniter.JsonIterator iter) throws java.io.IOException { }" type="com.jsoniter.spi.JsonException">com.jsoniter.spi.JsonException: 
failed to generate decoder for: class [I with [], exception: javassist.CannotCompileException: [source error] no return statement
public static java.lang.Object decode_(com.jsoniter.JsonIterator iter) throws java.io.IOException { }
	at com.jsoniter.TestArray.test_two_elements(TestArray.java:74)
Caused by: javassist.CannotCompileException: [source error] no return statement
	at com.jsoniter.TestArray.test_two_elements(TestArray.java:74)
Caused by: javassist.compiler.CompileError: no return statement
	at com.jsoniter.TestArray.test_two_elements(TestArray.java:74)
</error>
    <system-out><![CDATA[Unable to open file 'src\main\java\com\jsoniter\files\CodegenImplArrayGen(Class).txt'
]]></system-out>
  </testcase>
  <testcase name="test_empty_array" classname="com.jsoniter.TestArray" time="0.001"/>
  <testcase name="test_empty_array" classname="com.jsoniter.TestArray" time="0.001">
    <error message="failed to generate decoder for: class [I with [], exception: javassist.CannotCompileException: [source error] no return statement&#10;public static java.lang.Object decode_(com.jsoniter.JsonIterator iter) throws java.io.IOException { }" type="com.jsoniter.spi.JsonException">com.jsoniter.spi.JsonException: 
failed to generate decoder for: class [I with [], exception: javassist.CannotCompileException: [source error] no return statement
public static java.lang.Object decode_(com.jsoniter.JsonIterator iter) throws java.io.IOException { }
	at com.jsoniter.TestArray.test_empty_array(TestArray.java:25)
Caused by: javassist.CannotCompileException: [source error] no return statement
	at com.jsoniter.TestArray.test_empty_array(TestArray.java:25)
Caused by: javassist.compiler.CompileError: no return statement
	at com.jsoniter.TestArray.test_empty_array(TestArray.java:25)
</error>
    <system-out><![CDATA[Unable to open file 'src\main\java\com\jsoniter\files\CodegenImplArrayGen(Class).txt'
]]></system-out>
  </testcase>
  <testcase name="test_empty_array" classname="com.jsoniter.TestArray" time="0"/>
  <testcase name="test_empty_array" classname="com.jsoniter.TestArray" time="0.001">
    <error message="failed to generate decoder for: class [I with [], exception: javassist.CannotCompileException: [source error] no return statement&#10;public static java.lang.Object decode_(com.jsoniter.JsonIterator iter) throws java.io.IOException { }" type="com.jsoniter.spi.JsonException">com.jsoniter.spi.JsonException: 
failed to generate decoder for: class [I with [], exception: javassist.CannotCompileException: [source error] no return statement
public static java.lang.Object decode_(com.jsoniter.JsonIterator iter) throws java.io.IOException { }
	at com.jsoniter.TestArray.test_empty_array(TestArray.java:25)
Caused by: javassist.CannotCompileException: [source error] no return statement
	at com.jsoniter.TestArray.test_empty_array(TestArray.java:25)
Caused by: javassist.compiler.CompileError: no return statement
	at com.jsoniter.TestArray.test_empty_array(TestArray.java:25)
</error>
    <system-out><![CDATA[Unable to open file 'src\main\java\com\jsoniter\files\CodegenImplArrayGen(Class).txt'
]]></system-out>
  </testcase>
</testsuite>