<?xml version="1.0" encoding="UTF-8"?>
<testsuite xmlns:xsi="http://www.w3.org/2001/XMLSchema-instance" xsi:schemaLocation="https://maven.apache.org/surefire/maven-surefire-plugin/xsd/surefire-test-report.xsd" name="com.jsoniter.TestGenerics" time="0.041" tests="16" errors="14" skipped="0" failures="0">
  <properties>
[...]
</properties>
  <testcase name="test_string_list" classname="com.jsoniter.TestGenerics" time="0.003"/>
  <testcase name="test_string_list" classname="com.jsoniter.TestGenerics" time="0.001"/>
  <testcase name="test_string_list" classname="com.jsoniter.TestGenerics" time="0.002">
    <error message="failed to generate decoder for: ParameterizedTypeImpl{actualTypeArguments=[class java.lang.String], ownerType=null, rawType=java.util.ArrayList} with [class java.lang.String], exception: javassist.CannotCompileException: [source error] no return statement&#10;public static java.lang.Object decode_(com.jsoniter.JsonIterator iter) throws java.io.IOException { }" type="com.jsoniter.spi.JsonException">com.jsoniter.spi.JsonException: 
failed to generate decoder for: ParameterizedTypeImpl{actualTypeArguments=[class java.lang.String], ownerType=null, rawType=java.util.ArrayList} with [class java.lang.String], exception: javassist.CannotCompileException: [source error] no return statement
public static java.lang.Object decode_(com.jsoniter.JsonIterator iter) throws java.io.IOException { }
	at com.jsoniter.TestGenerics.test_string_list(TestGenerics.java:29)
Caused by: javassist.CannotCompileException: [source error] no return statement
	at com.jsoniter.TestGenerics.test_string_list(TestGenerics.java:29)
Caused by: javassist.compiler.CompileError: no return statement
	at com.jsoniter.TestGenerics.test_string_list(TestGenerics.java:29)
</error>
    <system-out><![CDATA[Unable to open file 'src\main\java\com\jsoniter\files\CodegenImplArrayGen(Class,Type)WithCollectionClasses.txt'
]]></system-out>
  </testcase>
  <testcase name="test_string_list" classname="com.jsoniter.TestGenerics" time="0.001">
    <error message="failed to generate decoder for: ParameterizedTypeImpl{actualTypeArguments=[class java.lang.String], ownerType=null, rawType=java.util.ArrayList} with [class java.lang.String], exception: javassist.CannotCompileException: [source error] no return statement&#10;public static java.lang.Object decode_(com.jsoniter.JsonIterator iter) throws java.io.IOException { }" type="com.jsoniter.spi.JsonException">com.jsoniter.spi.JsonException: 
failed to generate decoder for: ParameterizedTypeImpl{actualTypeArguments=[class java.lang.String], ownerType=null, rawType=java.util.ArrayList} with [class java.lang.String], exception: javassist.CannotCompileException: [source error] no return statement
public static java.lang.Object decode_(com.jsoniter.JsonIterator iter) throws java.io.IOException { }
	at com.jsoniter.TestGenerics.test_string_list(TestGenerics.java:29)
Caused by: javassist.CannotCompileException: [source error] no return statement
	at com.jsoniter.TestGenerics.test_string_list(TestGenerics.java:29)
Caused by: javassist.compiler.CompileError: no return statement
	at com.jsoniter.TestGenerics.test_string_list(TestGenerics.java:29)
</error>
    <system-out><![CDATA[Unable to open file 'src\main\java\com\jsoniter\files\CodegenImplArrayGen(Class,Type)WithCollectionClasses.txt'
]]></system-out>
  </testcase>
  <testcase name="test_string_list" classname="com.jsoniter.TestGenerics" time="0.001">
    <error message="failed to generate decoder for: ParameterizedTypeImpl{actualTypeArguments=[class java.lang.String], ownerType=null, rawType=java.util.ArrayList} with [class java.lang.String], exception: javassist.CannotCompileException: [source error] no return statement&#10;public static java.lang.Object decode_(com.jsoniter.JsonIterator iter) throws java.io.IOException { }" type="com.jsoniter.spi.JsonException">com.jsoniter.spi.JsonException: 
failed to generate decoder for: ParameterizedTypeImpl{actualTypeArguments=[class java.lang.String], ownerType=null, rawType=java.util.ArrayList} with [class java.lang.String], exception: javassist.CannotCompileException: [source error] no return statement
public static java.lang.Object decode_(com.jsoniter.JsonIterator iter) throws java.io.IOException { }
	at com.jsoniter.TestGenerics.test_string_list(TestGenerics.java:29)
Caused by: javassist.CannotCompileException: [source error] no return statement
	at com.jsoniter.TestGenerics.test_string_list(TestGenerics.java:29)
Caused by: javassist.compiler.CompileError: no return statement
	at com.jsoniter.TestGenerics.test_string_list(TestGenerics.java:29)
</error>
    <system-out><![CDATA[Unable to open file 'src\main\java\com\jsoniter\files\CodegenImplArrayGen(Class,Type)WithCollectionClasses.txt'
]]></system-out>
  </testcase>
  <testcase name="test_string_list" classname="com.jsoniter.TestGenerics" time="0.001">
    <error message="failed to generate decoder for: ParameterizedTypeImpl{actualTypeArguments=[class java.lang.String], ownerType=null, rawType=java.util.ArrayList} with [class java.lang.String], exception: javassist.CannotCompileException: [source error] no return statement&#10;public static java.lang.Object decode_(com.jsoniter.JsonIterator iter) throws java.io.IOException { }" type="com.jsoniter.spi.JsonException">com.jsoniter.spi.JsonException: 
failed to generate decoder for: ParameterizedTypeImpl{actualTypeArguments=[class java.lang.String], ownerType=null, rawType=java.util.ArrayList} with [class java.lang.String], exception: javassist.CannotCompileException: [source error] no return statement
public static java.lang.Object decode_(com.jsoniter.JsonIterator iter) throws java.io.IOException { }
	at com.jsoniter.TestGenerics.test_string_list(TestGenerics.java:29)
Caused by: javassist.CannotCompileException: [source error] no return statement
	at com.jsoniter.TestGenerics.test_string_list(TestGenerics.java:29)
Caused by: javassist.compiler.CompileError: no return statement
	at com.jsoniter.TestGenerics.test_string_list(TestGenerics.java:29)
</error>
    <system-out><![CDATA[Unable to open file 'src\main\java\com\jsoniter\files\CodegenImplArrayGen(Class,Type)WithCollectionClasses.txt'
]]></system-out>
  </testcase>
  <testcase name="test_linked_list" classname="com.jsoniter.TestGenerics" time="0"/>
  <testcase name="test_linked_list" classname="com.jsoniter.TestGenerics" time="0.028"/>
  <testcase name="test_linked_list" classname="com.jsoniter.TestGenerics" time="0.001">
    <error message="failed to generate decoder for: ParameterizedTypeImpl{actualTypeArguments=[class java.lang.String], ownerType=null, rawType=java.util.LinkedList} with [class java.lang.String], exception: javassist.CannotCompileException: [source error] no return statement&#10;public static java.lang.Object decode_(com.jsoniter.JsonIterator iter) throws java.io.IOException { }" type="com.jsoniter.spi.JsonException">com.jsoniter.spi.JsonException: 
failed to generate decoder for: ParameterizedTypeImpl{actualTypeArguments=[class java.lang.String], ownerType=null, rawType=java.util.LinkedList} with [class java.lang.String], exception: javassist.CannotCompileException: [source error] no return statement
public static java.lang.Object decode_(com.jsoniter.JsonIterator iter) throws java.io.IOException { }
	at com.jsoniter.TestGenerics.test_linked_list(TestGenerics.java:36)
Caused by: javassist.CannotCompileException: [source error] no return statement
	at com.jsoniter.TestGenerics.test_linked_list(TestGenerics.java:36)
Caused by: javassist.compiler.CompileError: no return statement
	at com.jsoniter.TestGenerics.test_linked_list(TestGenerics.java:36)
</error>
    <system-out><![CDATA[Unable to open file 'src\main\java\com\jsoniter\files\CodegenImplArrayGen(Class,Type)WithoutCollectionClasses.txt'
]]></system-out>
  </testcase>
  <testcase name="test_linked_list" classname="com.jsoniter.TestGenerics" time="0.001">
    <error message="failed to generate decoder for: ParameterizedTypeImpl{actualTypeArguments=[class java.lang.String], ownerType=null, rawType=java.util.LinkedList} with [class java.lang.String], exception: javassist.CannotCompileException: [source error] no return statement&#10;public static java.lang.Object decode_(com.jsoniter.JsonIterator iter) throws java.io.IOException { }" type="com.jsoniter.spi.JsonException">com.jsoniter.spi.JsonException: 
failed to generate decoder for: ParameterizedTypeImpl{actualTypeArguments=[class java.lang.String], ownerType=null, rawType=java.util.LinkedList} with [class java.lang.String], exception: javassist.CannotCompileException: [source error] no return statement
public static java.lang.Object decode_(com.jsoniter.JsonIterator iter) throws java.io.IOException { }
	at com.jsoniter.TestGenerics.test_linked_list(TestGenerics.java:36)
Caused by: javassist.CannotCompileException: [source error] no return statement
	at com.jsoniter.TestGenerics.test_linked_list(TestGenerics.java:36)
Caused by: javassist.compiler.CompileError: no return statement
	at com.jsoniter.TestGenerics.test_linked_list(TestGenerics.java:36)
</error>
    <system-out><![CDATA[Unable to open file 'src\main\java\com\jsoniter\files\CodegenImplArrayGen(Class,Type)WithoutCollectionClasses.txt'
]]></system-out>
  </testcase>
  <testcase name="test_linked_list" classname="com.jsoniter.TestGenerics" time="0">
    <error message="failed to generate decoder for: ParameterizedTypeImpl{actualTypeArguments=[class java.lang.String], ownerType=null, rawType=java.util.LinkedList} with [class java.lang.String], exception: javassist.CannotCompileException: [source error] no return statement&#10;public static java.lang.Object decode_(com.jsoniter.JsonIterator iter) throws java.io.IOException { }" type="com.jsoniter.spi.JsonException">com.jsoniter.spi.JsonException: 
failed to generate decoder for: ParameterizedTypeImpl{actualTypeArguments=[class java.lang.String], ownerType=null, rawType=java.util.LinkedList} with [class java.lang.String], exception: javassist.CannotCompileException: [source error] no return statement
public static java.lang.Object decode_(com.jsoniter.JsonIterator iter) throws java.io.IOException { }
	at com.jsoniter.TestGenerics.test_linked_list(TestGenerics.java:36)
Caused by: javassist.CannotCompileException: [source error] no return statement
	at com.jsoniter.TestGenerics.test_linked_list(TestGenerics.java:36)
Caused by: javassist.compiler.CompileError: no return statement
	at com.jsoniter.TestGenerics.test_linked_list(TestGenerics.java:36)
</error>
    <system-out><![CDATA[Unable to open file 'src\main\java\com\jsoniter\files\CodegenImplArrayGen(Class,Type)WithoutCollectionClasses.txt'
]]></system-out>
  </testcase>
  <testcase name="test_linked_list" classname="com.jsoniter.TestGenerics" time="0.001">
    <error message="failed to generate decoder for: ParameterizedTypeImpl{actualTypeArguments=[class java.lang.String], ownerType=null, rawType=java.util.LinkedList} with [class java.lang.String], exception: javassist.CannotCompileException: [source error] no return statement&#10;public static java.lang.Object decode_(com.jsoniter.JsonIterator iter) throws java.io.IOException { }" type="com.jsoniter.spi.JsonException">com.jsoniter.spi.JsonException: 
failed to generate decoder for: ParameterizedTypeImpl{actualTypeArguments=[class java.lang.String], ownerType=null, rawType=java.util.LinkedList} with [class java.lang.String], exception: javassist.CannotCompileException: [source error] no return statement
public static java.lang.Object decode_(com.jsoniter.JsonIterator iter) throws java.io.IOException { }
	at com.jsoniter.TestGenerics.test_linked_list(TestGenerics.java:36)
Caused by: javassist.CannotCompileException: [source error] no return statement
	at com.jsoniter.TestGenerics.test_linked_list(TestGenerics.java:36)
Caused by: javassist.compiler.CompileError: no return statement
	at com.jsoniter.TestGenerics.test_linked_list(TestGenerics.java:36)
</error>
    <system-out><![CDATA[Unable to open file 'src\main\java\com\jsoniter\files\CodegenImplArrayGen(Class,Type)WithoutCollectionClasses.txt'
]]></system-out>
  </testcase>
  <testcase name="test_int_list" classname="com.jsoniter.TestGenerics" time="0.001"/>
  <testcase name="test_int_list" classname="com.jsoniter.TestGenerics" time="0"/>
  <testcase name="test_int_list" classname="com.jsoniter.TestGenerics" time="0.001">
    <error message="failed to generate decoder for: ParameterizedTypeImpl{actualTypeArguments=[class java.lang.Integer], ownerType=null, rawType=java.util.ArrayList} with [class java.lang.Integer], exception: javassist.CannotCompileException: [source error] no return statement&#10;public static java.lang.Object decode_(com.jsoniter.JsonIterator iter) throws java.io.IOException { }" type="com.jsoniter.spi.JsonException">com.jsoniter.spi.JsonException: 
failed to generate decoder for: ParameterizedTypeImpl{actualTypeArguments=[class java.lang.Integer], ownerType=null, rawType=java.util.ArrayList} with [class java.lang.Integer], exception: javassist.CannotCompileException: [source error] no return statement
public static java.lang.Object decode_(com.jsoniter.JsonIterator iter) throws java.io.IOException { }
	at com.jsoniter.TestGenerics.test_int_list(TestGenerics.java:22)
Caused by: javassist.CannotCompileException: [source error] no return statement
	at com.jsoniter.TestGenerics.test_int_list(TestGenerics.java:22)
Caused by: javassist.compiler.CompileError: no return statement
	at com.jsoniter.TestGenerics.test_int_list(TestGenerics.java:22)
</error>
    <system-out><![CDATA[Unable to open file 'src\main\java\com\jsoniter\files\CodegenImplArrayGen(Class,Type)WithCollectionClasses.txt'
]]></system-out>
  </testcase>
  <testcase name="test_int_list" classname="com.jsoniter.TestGenerics" time="0.001">
    <error message="failed to generate decoder for: ParameterizedTypeImpl{actualTypeArguments=[class java.lang.Integer], ownerType=null, rawType=java.util.ArrayList} with [class java.lang.Integer], exception: javassist.CannotCompileException: [source error] no return statement&#10;public static java.lang.Object decode_(com.jsoniter.JsonIterator iter) throws java.io.IOException { }" type="com.jsoniter.spi.JsonException">com.jsoniter.spi.JsonException: 
failed to generate decoder for: ParameterizedTypeImpl{actualTypeArguments=[class java.lang.Integer], ownerType=null, rawType=java.util.ArrayList} with [class java.lang.Integer], exception: javassist.CannotCompileException: [source error] no return statement
public static java.lang.Object decode_(com.jsoniter.JsonIterator iter) throws java.io.IOException { }
	at com.jsoniter.TestGenerics.test_int_list(TestGenerics.java:22)
Caused by: javassist.CannotCompileException: [source error] no return statement
	at com.jsoniter.TestGenerics.test_int_list(TestGenerics.java:22)
Caused by: javassist.compiler.CompileError: no return statement
	at com.jsoniter.TestGenerics.test_int_list(TestGenerics.java:22)
</error>
    <system-out><![CDATA[Unable to open file 'src\main\java\com\jsoniter\files\CodegenImplArrayGen(Class,Type)WithCollectionClasses.txt'
]]></system-out>
  </testcase>
  <testcase name="test_int_list" classname="com.jsoniter.TestGenerics" time="0.001">
    <error message="failed to generate decoder for: ParameterizedTypeImpl{actualTypeArguments=[class java.lang.Integer], ownerType=null, rawType=java.util.ArrayList} with [class java.lang.Integer], exception: javassist.CannotCompileException: [source error] no return statement&#10;public static java.lang.Object decode_(com.jsoniter.JsonIterator iter) throws java.io.IOException { }" type="com.jsoniter.spi.JsonException">com.jsoniter.spi.JsonException: 
failed to generate decoder for: ParameterizedTypeImpl{actualTypeArguments=[class java.lang.Integer], ownerType=null, rawType=java.util.ArrayList} with [class java.lang.Integer], exception: javassist.CannotCompileException: [source error] no return statement
public static java.lang.Object decode_(com.jsoniter.JsonIterator iter) throws java.io.IOException { }
	at com.jsoniter.TestGenerics.test_int_list(TestGenerics.java:22)
Caused by: javassist.CannotCompileException: [source error] no return statement
	at com.jsoniter.TestGenerics.test_int_list(TestGenerics.java:22)
Caused by: javassist.compiler.CompileError: no return statement
	at com.jsoniter.TestGenerics.test_int_list(TestGenerics.java:22)
</error>
    <system-out><![CDATA[Unable to open file 'src\main\java\com\jsoniter\files\CodegenImplArrayGen(Class,Type)WithCollectionClasses.txt'
]]></system-out>
  </testcase>
  <testcase name="test_int_list" classname="com.jsoniter.TestGenerics" time="0.002">
    <error message="failed to generate decoder for: ParameterizedTypeImpl{actualTypeArguments=[class java.lang.Integer], ownerType=null, rawType=java.util.ArrayList} with [class java.lang.Integer], exception: javassist.CannotCompileException: [source error] no return statement&#10;public static java.lang.Object decode_(com.jsoniter.JsonIterator iter) throws java.io.IOException { }" type="com.jsoniter.spi.JsonException">com.jsoniter.spi.JsonException: 
failed to generate decoder for: ParameterizedTypeImpl{actualTypeArguments=[class java.lang.Integer], ownerType=null, rawType=java.util.ArrayList} with [class java.lang.Integer], exception: javassist.CannotCompileException: [source error] no return statement
public static java.lang.Object decode_(com.jsoniter.JsonIterator iter) throws java.io.IOException { }
	at com.jsoniter.TestGenerics.test_int_list(TestGenerics.java:22)
Caused by: javassist.CannotCompileException: [source error] no return statement
	at com.jsoniter.TestGenerics.test_int_list(TestGenerics.java:22)
Caused by: javassist.compiler.CompileError: no return statement
	at com.jsoniter.TestGenerics.test_int_list(TestGenerics.java:22)
</error>
    <system-out><![CDATA[Unable to open file 'src\main\java\com\jsoniter\files\CodegenImplArrayGen(Class,Type)WithCollectionClasses.txt'
]]></system-out>
  </testcase>
  <testcase name="test_generic_super_class" classname="com.jsoniter.TestGenerics" time="0.006"/>
  <testcase name="test_generic_super_class" classname="com.jsoniter.TestGenerics" time="0.001"/>
  <testcase name="test_generic_super_class" classname="com.jsoniter.TestGenerics" time="0.016"/>
  <testcase name="test_generic_super_class" classname="com.jsoniter.TestGenerics" time="0.001"/>
  <testcase name="test_generic_super_class" classname="com.jsoniter.TestGenerics" time="0.005"/>
  <testcase name="test_generic_super_class" classname="com.jsoniter.TestGenerics" time="0.001"/>
  <testcase name="test_list_of_list" classname="com.jsoniter.TestGenerics" time="0"/>
  <testcase name="test_list_of_list" classname="com.jsoniter.TestGenerics" time="0"/>
  <testcase name="test_list_of_list" classname="com.jsoniter.TestGenerics" time="0.002">
    <error message="failed to generate decoder for: ParameterizedTypeImpl{actualTypeArguments=[class java.lang.Integer], ownerType=null, rawType=java.util.ArrayList} with [class java.lang.Integer], exception: javassist.CannotCompileException: [source error] no return statement&#10;public static java.lang.Object decode_(com.jsoniter.JsonIterator iter) throws java.io.IOException { }" type="com.jsoniter.spi.JsonException">com.jsoniter.spi.JsonException: 
failed to generate decoder for: ParameterizedTypeImpl{actualTypeArguments=[class java.lang.Integer], ownerType=null, rawType=java.util.ArrayList} with [class java.lang.Integer], exception: javassist.CannotCompileException: [source error] no return statement
public static java.lang.Object decode_(com.jsoniter.JsonIterator iter) throws java.io.IOException { }
	at com.jsoniter.TestGenerics.test_list_of_list(TestGenerics.java:57)
Caused by: javassist.CannotCompileException: [source error] no return statement
	at com.jsoniter.TestGenerics.test_list_of_list(TestGenerics.java:57)
Caused by: javassist.compiler.CompileError: no return statement
	at com.jsoniter.TestGenerics.test_list_of_list(TestGenerics.java:57)
</error>
    <system-out><![CDATA[Unable to open file 'src\main\java\com\jsoniter\files\CodegenImplArrayGen(Class,Type)WithCollectionClasses.txt'
Unable to open file 'src\main\java\com\jsoniter\files\CodegenImplArrayGen(Class,Type)WithCollectionClasses.txt'
]]></system-out>
  </testcase>
  <testcase name="test_list_of_list" classname="com.jsoniter.TestGenerics" time="0.001">
    <error message="failed to generate decoder for: ParameterizedTypeImpl{actualTypeArguments=[class java.lang.Integer], ownerType=null, rawType=java.util.ArrayList} with [class java.lang.Integer], exception: javassist.CannotCompileException: [source error] no return statement&#10;public static java.lang.Object decode_(com.jsoniter.JsonIterator iter) throws java.io.IOException { }" type="com.jsoniter.spi.JsonException">com.jsoniter.spi.JsonException: 
failed to generate decoder for: ParameterizedTypeImpl{actualTypeArguments=[class java.lang.Integer], ownerType=null, rawType=java.util.ArrayList} with [class java.lang.Integer], exception: javassist.CannotCompileException: [source error] no return statement
public static java.lang.Object decode_(com.jsoniter.JsonIterator iter) throws java.io.IOException { }
	at com.jsoniter.TestGenerics.test_list_of_list(TestGenerics.java:57)
Caused by: javassist.CannotCompileException: [source error] no return statement
	at com.jsoniter.TestGenerics.test_list_of_list(TestGenerics.java:57)
Caused by: javassist.compiler.CompileError: no return statement
	at com.jsoniter.TestGenerics.test_list_of_list(TestGenerics.java:57)
</error>
    <system-out><![CDATA[Unable to open file 'src\main\java\com\jsoniter\files\CodegenImplArrayGen(Class,Type)WithCollectionClasses.txt'
Unable to open file 'src\main\java\com\jsoniter\files\CodegenImplArrayGen(Class,Type)WithCollectionClasses.txt'
]]></system-out>
  </testcase>
  <testcase name="test_list_of_list" classname="com.jsoniter.TestGenerics" time="0.002">
    <error message="failed to generate decoder for: ParameterizedTypeImpl{actualTypeArguments=[class java.lang.Integer], ownerType=null, rawType=java.util.ArrayList} with [class java.lang.Integer], exception: javassist.CannotCompileException: [source error] no return statement&#10;public static java.lang.Object decode_(com.jsoniter.JsonIterator iter) throws java.io.IOException { }" type="com.jsoniter.spi.JsonException">com.jsoniter.spi.JsonException: 
failed to generate decoder for: ParameterizedTypeImpl{actualTypeArguments=[class java.lang.Integer], ownerType=null, rawType=java.util.ArrayList} with [class java.lang.Integer], exception: javassist.CannotCompileException: [source error] no return statement
public static java.lang.Object decode_(com.jsoniter.JsonIterator iter) throws java.io.IOException { }
	at com.jsoniter.TestGenerics.test_list_of_list(TestGenerics.java:57)
Caused by: javassist.CannotCompileException: [source error] no return statement
	at com.jsoniter.TestGenerics.test_list_of_list(TestGenerics.java:57)
Caused by: javassist.compiler.CompileError: no return statement
	at com.jsoniter.TestGenerics.test_list_of_list(TestGenerics.java:57)
</error>
    <system-out><![CDATA[Unable to open file 'src\main\java\com\jsoniter\files\CodegenImplArrayGen(Class,Type)WithCollectionClasses.txt'
Unable to open file 'src\main\java\com\jsoniter\files\CodegenImplArrayGen(Class,Type)WithCollectionClasses.txt'
]]></system-out>
  </testcase>
  <testcase name="test_list_of_list" classname="com.jsoniter.TestGenerics" time="0.009">
    <error message="failed to generate decoder for: ParameterizedTypeImpl{actualTypeArguments=[class java.lang.Integer], ownerType=null, rawType=java.util.ArrayList} with [class java.lang.Integer], exception: javassist.CannotCompileException: [source error] no return statement&#10;public static java.lang.Object decode_(com.jsoniter.JsonIterator iter) throws java.io.IOException { }" type="com.jsoniter.spi.JsonException">com.jsoniter.spi.JsonException: 
failed to generate decoder for: ParameterizedTypeImpl{actualTypeArguments=[class java.lang.Integer], ownerType=null, rawType=java.util.ArrayList} with [class java.lang.Integer], exception: javassist.CannotCompileException: [source error] no return statement
public static java.lang.Object decode_(com.jsoniter.JsonIterator iter) throws java.io.IOException { }
	at com.jsoniter.TestGenerics.test_list_of_list(TestGenerics.java:57)
Caused by: javassist.CannotCompileException: [source error] no return statement
	at com.jsoniter.TestGenerics.test_list_of_list(TestGenerics.java:57)
Caused by: javassist.compiler.CompileError: no return statement
	at com.jsoniter.TestGenerics.test_list_of_list(TestGenerics.java:57)
</error>
    <system-out><![CDATA[Unable to open file 'src\main\java\com\jsoniter\files\CodegenImplArrayGen(Class,Type)WithCollectionClasses.txt'
Unable to open file 'src\main\java\com\jsoniter\files\CodegenImplArrayGen(Class,Type)WithCollectionClasses.txt'
]]></system-out>
  </testcase>
  <testcase name="test_string_map" classname="com.jsoniter.TestGenerics" time="0"/>
  <testcase name="test_string_map" classname="com.jsoniter.TestGenerics" time="0.001"/>
  <testcase name="test_string_map" classname="com.jsoniter.TestGenerics" time="0.001">
    <error message="failed to generate decoder for: ParameterizedTypeImpl{actualTypeArguments=[class java.lang.String, class java.lang.String], ownerType=null, rawType=java.util.HashMap} with [class java.lang.String, class java.lang.String], exception: javassist.CannotCompileException: [source error] no return statement&#10;public static java.lang.Object decode_(com.jsoniter.JsonIterator iter) throws java.io.IOException { }" type="com.jsoniter.spi.JsonException">com.jsoniter.spi.JsonException: 
failed to generate decoder for: ParameterizedTypeImpl{actualTypeArguments=[class java.lang.String, class java.lang.String], ownerType=null, rawType=java.util.HashMap} with [class java.lang.String, class java.lang.String], exception: javassist.CannotCompileException: [source error] no return statement
public static java.lang.Object decode_(com.jsoniter.JsonIterator iter) throws java.io.IOException { }
	at com.jsoniter.TestGenerics.test_string_map(TestGenerics.java:50)
Caused by: javassist.CannotCompileException: [source error] no return statement
	at com.jsoniter.TestGenerics.test_string_map(TestGenerics.java:50)
Caused by: javassist.compiler.CompileError: no return statement
	at com.jsoniter.TestGenerics.test_string_map(TestGenerics.java:50)
</error>
    <system-out><![CDATA[Unable to open file 'src\main\java\com\jsoniter\files\CodegenImplMapGen(Class,Type).txt'
]]></system-out>
  </testcase>
  <testcase name="test_string_map" classname="com.jsoniter.TestGenerics" time="0.001">
    <error message="failed to generate decoder for: ParameterizedTypeImpl{actualTypeArguments=[class java.lang.String, class java.lang.String], ownerType=null, rawType=java.util.HashMap} with [class java.lang.String, class java.lang.String], exception: javassist.CannotCompileException: [source error] no return statement&#10;public static java.lang.Object decode_(com.jsoniter.JsonIterator iter) throws java.io.IOException { }" type="com.jsoniter.spi.JsonException">com.jsoniter.spi.JsonException: 
failed to generate decoder for: ParameterizedTypeImpl{actualTypeArguments=[class java.lang.String, class java.lang.String], ownerType=null, rawType=java.util.HashMap} with [class java.lang.String, class java.lang.String], exception: javassist.CannotCompileException: [source error] no return statement
public static java.lang.Object decode_(com.jsoniter.JsonIterator iter) throws java.io.IOException { }
	at com.jsoniter.TestGenerics.test_string_map(TestGenerics.java:50)
Caused by: javassist.CannotCompileException: [source error] no return statement
	at com.jsoniter.TestGenerics.test_string_map(TestGenerics.java:50)
Caused by: javassist.compiler.CompileError: no return statement
	at com.jsoniter.TestGenerics.test_string_map(TestGenerics.java:50)
</error>
    <system-out><![CDATA[Unable to open file 'src\main\java\com\jsoniter\files\CodegenImplMapGen(Class,Type).txt'
]]></system-out>
  </testcase>
  <testcase name="test_string_map" classname="com.jsoniter.TestGenerics" time="0.002">
    <error message="failed to generate decoder for: ParameterizedTypeImpl{actualTypeArguments=[class java.lang.String, class java.lang.String], ownerType=null, rawType=java.util.HashMap} with [class java.lang.String, class java.lang.String], exception: javassist.CannotCompileException: [source error] no return statement&#10;public static java.lang.Object decode_(com.jsoniter.JsonIterator iter) throws java.io.IOException { }" type="com.jsoniter.spi.JsonException">com.jsoniter.spi.JsonException: 
failed to generate decoder for: ParameterizedTypeImpl{actualTypeArguments=[class java.lang.String, class java.lang.String], ownerType=null, rawType=java.util.HashMap} with [class java.lang.String, class java.lang.String], exception: javassist.CannotCompileException: [source error] no return statement
public static java.lang.Object decode_(com.jsoniter.JsonIterator iter) throws java.io.IOException { }
	at com.jsoniter.TestGenerics.test_string_map(TestGenerics.java:50)
Caused by: javassist.CannotCompileException: [source error] no return statement
	at com.jsoniter.TestGenerics.test_string_map(TestGenerics.java:50)
Caused by: javassist.compiler.CompileError: no return statement
	at com.jsoniter.TestGenerics.test_string_map(TestGenerics.java:50)
</error>
    <system-out><![CDATA[Unable to open file 'src\main\java\com\jsoniter\files\CodegenImplMapGen(Class,Type).txt'
]]></system-out>
  </testcase>
  <testcase name="test_string_map" classname="com.jsoniter.TestGenerics" time="0.001">
    <error message="failed to generate decoder for: ParameterizedTypeImpl{actualTypeArguments=[class java.lang.String, class java.lang.String], ownerType=null, rawType=java.util.HashMap} with [class java.lang.String, class java.lang.String], exception: javassist.CannotCompileException: [source error] no return statement&#10;public static java.lang.Object decode_(com.jsoniter.JsonIterator iter) throws java.io.IOException { }" type="com.jsoniter.spi.JsonException">com.jsoniter.spi.JsonException: 
failed to generate decoder for: ParameterizedTypeImpl{actualTypeArguments=[class java.lang.String, class java.lang.String], ownerType=null, rawType=java.util.HashMap} with [class java.lang.String, class java.lang.String], exception: javassist.CannotCompileException: [source error] no return statement
public static java.lang.Object decode_(com.jsoniter.JsonIterator iter) throws java.io.IOException { }
	at com.jsoniter.TestGenerics.test_string_map(TestGenerics.java:50)
Caused by: javassist.CannotCompileException: [source error] no return statement
	at com.jsoniter.TestGenerics.test_string_map(TestGenerics.java:50)
Caused by: javassist.compiler.CompileError: no return statement
	at com.jsoniter.TestGenerics.test_string_map(TestGenerics.java:50)
</error>
    <system-out><![CDATA[Unable to open file 'src\main\java\com\jsoniter\files\CodegenImplMapGen(Class,Type).txt'
]]></system-out>
  </testcase>
  <testcase name="test_string_set" classname="com.jsoniter.TestGenerics" time="0"/>
  <testcase name="test_string_set" classname="com.jsoniter.TestGenerics" time="0"/>
  <testcase name="test_string_set" classname="com.jsoniter.TestGenerics" time="0.001">
    <error message="failed to generate decoder for: ParameterizedTypeImpl{actualTypeArguments=[class java.lang.String], ownerType=null, rawType=java.util.HashSet} with [class java.lang.String], exception: javassist.CannotCompileException: [source error] no return statement&#10;public static java.lang.Object decode_(com.jsoniter.JsonIterator iter) throws java.io.IOException { }" type="com.jsoniter.spi.JsonException">com.jsoniter.spi.JsonException: 
failed to generate decoder for: ParameterizedTypeImpl{actualTypeArguments=[class java.lang.String], ownerType=null, rawType=java.util.HashSet} with [class java.lang.String], exception: javassist.CannotCompileException: [source error] no return statement
public static java.lang.Object decode_(com.jsoniter.JsonIterator iter) throws java.io.IOException { }
	at com.jsoniter.TestGenerics.test_string_set(TestGenerics.java:43)
Caused by: javassist.CannotCompileException: [source error] no return statement
	at com.jsoniter.TestGenerics.test_string_set(TestGenerics.java:43)
Caused by: javassist.compiler.CompileError: no return statement
	at com.jsoniter.TestGenerics.test_string_set(TestGenerics.java:43)
</error>
    <system-out><![CDATA[Unable to open file 'src\main\java\com\jsoniter\files\CodegenImplArrayGen(Class,Type)WithCollectionClasses.txt'
]]></system-out>
  </testcase>
  <testcase name="test_string_set" classname="com.jsoniter.TestGenerics" time="0.004">
    <error message="failed to generate decoder for: ParameterizedTypeImpl{actualTypeArguments=[class java.lang.String], ownerType=null, rawType=java.util.HashSet} with [class java.lang.String], exception: javassist.CannotCompileException: [source error] no return statement&#10;public static java.lang.Object decode_(com.jsoniter.JsonIterator iter) throws java.io.IOException { }" type="com.jsoniter.spi.JsonException">com.jsoniter.spi.JsonException: 
failed to generate decoder for: ParameterizedTypeImpl{actualTypeArguments=[class java.lang.String], ownerType=null, rawType=java.util.HashSet} with [class java.lang.String], exception: javassist.CannotCompileException: [source error] no return statement
public static java.lang.Object decode_(com.jsoniter.JsonIterator iter) throws java.io.IOException { }
	at com.jsoniter.TestGenerics.test_string_set(TestGenerics.java:43)
Caused by: javassist.CannotCompileException: [source error] no return statement
	at com.jsoniter.TestGenerics.test_string_set(TestGenerics.java:43)
Caused by: javassist.compiler.CompileError: no return statement
	at com.jsoniter.TestGenerics.test_string_set(TestGenerics.java:43)
</error>
    <system-out><![CDATA[Unable to open file 'src\main\java\com\jsoniter\files\CodegenImplArrayGen(Class,Type)WithCollectionClasses.txt'
]]></system-out>
  </testcase>
  <testcase name="test_string_set" classname="com.jsoniter.TestGenerics" time="0.002">
    <error message="failed to generate decoder for: ParameterizedTypeImpl{actualTypeArguments=[class java.lang.String], ownerType=null, rawType=java.util.HashSet} with [class java.lang.String], exception: javassist.CannotCompileException: [source error] no return statement&#10;public static java.lang.Object decode_(com.jsoniter.JsonIterator iter) throws java.io.IOException { }" type="com.jsoniter.spi.JsonException">com.jsoniter.spi.JsonException: 
failed to generate decoder for: ParameterizedTypeImpl{actualTypeArguments=[class java.lang.String], ownerType=null, rawType=java.util.HashSet} with [class java.lang.String], exception: javassist.CannotCompileException: [source error] no return statement
public static java.lang.Object decode_(com.jsoniter.JsonIterator iter) throws java.io.IOException { }
	at com.jsoniter.TestGenerics.test_string_set(TestGenerics.java:43)
Caused by: javassist.CannotCompileException: [source error] no return statement
	at com.jsoniter.TestGenerics.test_string_set(TestGenerics.java:43)
Caused by: javassist.compiler.CompileError: no return statement
	at com.jsoniter.TestGenerics.test_string_set(TestGenerics.java:43)
</error>
    <system-out><![CDATA[Unable to open file 'src\main\java\com\jsoniter\files\CodegenImplArrayGen(Class,Type)WithCollectionClasses.txt'
]]></system-out>
  </testcase>
  <testcase name="test_string_set" classname="com.jsoniter.TestGenerics" time="0.001">
    <error message="failed to generate decoder for: ParameterizedTypeImpl{actualTypeArguments=[class java.lang.String], ownerType=null, rawType=java.util.HashSet} with [class java.lang.String], exception: javassist.CannotCompileException: [source error] no return statement&#10;public static java.lang.Object decode_(com.jsoniter.JsonIterator iter) throws java.io.IOException { }" type="com.jsoniter.spi.JsonException">com.jsoniter.spi.JsonException: 
failed to generate decoder for: ParameterizedTypeImpl{actualTypeArguments=[class java.lang.String], ownerType=null, rawType=java.util.HashSet} with [class java.lang.String], exception: javassist.CannotCompileException: [source error] no return statement
public static java.lang.Object decode_(com.jsoniter.JsonIterator iter) throws java.io.IOException { }
	at com.jsoniter.TestGenerics.test_string_set(TestGenerics.java:43)
Caused by: javassist.CannotCompileException: [source error] no return statement
	at com.jsoniter.TestGenerics.test_string_set(TestGenerics.java:43)
Caused by: javassist.compiler.CompileError: no return statement
	at com.jsoniter.TestGenerics.test_string_set(TestGenerics.java:43)
</error>
    <system-out><![CDATA[Unable to open file 'src\main\java\com\jsoniter\files\CodegenImplArrayGen(Class,Type)WithCollectionClasses.txt'
]]></system-out>
  </testcase>
  <testcase name="test_complex_object" classname="com.jsoniter.TestGenerics" time="0.001"/>
  <testcase name="test_complex_object" classname="com.jsoniter.TestGenerics" time="0"/>
  <testcase name="test_complex_object" classname="com.jsoniter.TestGenerics" time="0.003">
    <error message="failed to generate decoder for: ParameterizedTypeImpl{actualTypeArguments=[class java.lang.Integer], ownerType=null, rawType=java.util.ArrayList} with [class java.lang.Integer], exception: javassist.CannotCompileException: [source error] no return statement&#10;public static java.lang.Object decode_(com.jsoniter.JsonIterator iter) throws java.io.IOException { }" type="com.jsoniter.spi.JsonException">com.jsoniter.spi.JsonException: 
failed to generate decoder for: ParameterizedTypeImpl{actualTypeArguments=[class java.lang.Integer], ownerType=null, rawType=java.util.ArrayList} with [class java.lang.Integer], exception: javassist.CannotCompileException: [source error] no return statement
public static java.lang.Object decode_(com.jsoniter.JsonIterator iter) throws java.io.IOException { }
	at com.jsoniter.TestGenerics.test_complex_object(TestGenerics.java:64)
Caused by: javassist.CannotCompileException: [source error] no return statement
	at com.jsoniter.TestGenerics.test_complex_object(TestGenerics.java:64)
Caused by: javassist.compiler.CompileError: no return statement
	at com.jsoniter.TestGenerics.test_complex_object(TestGenerics.java:64)
</error>
    <system-out><![CDATA[Unable to open file 'src\main\java\com\jsoniter\files\CodegenImplObjectHashGen(Class,Desc)Part1.txt'
Unable to open file 'src\main\java\com\jsoniter\files\CodegenImplObjectHashGen(Class,Desc)Part2.txt'
Unable to open file 'src\main\java\com\jsoniter\files\CodegenImplObjectHashGen(Class,Desc)Part3.txt'
Unable to open file 'src\main\java\com\jsoniter\files\CodegenImplArrayGen(Class,Type)WithCollectionClasses.txt'
Unable to open file 'src\main\java\com\jsoniter\files\CodegenImplArrayGen(Class,Type)WithCollectionClasses.txt'
]]></system-out>
  </testcase>
  <testcase name="test_complex_object" classname="com.jsoniter.TestGenerics" time="0.001">
    <error message="failed to generate decoder for: ParameterizedTypeImpl{actualTypeArguments=[class java.lang.Integer], ownerType=null, rawType=java.util.ArrayList} with [class java.lang.Integer], exception: javassist.CannotCompileException: [source error] no return statement&#10;public static java.lang.Object decode_(com.jsoniter.JsonIterator iter) throws java.io.IOException { }" type="com.jsoniter.spi.JsonException">com.jsoniter.spi.JsonException: 
failed to generate decoder for: ParameterizedTypeImpl{actualTypeArguments=[class java.lang.Integer], ownerType=null, rawType=java.util.ArrayList} with [class java.lang.Integer], exception: javassist.CannotCompileException: [source error] no return statement
public static java.lang.Object decode_(com.jsoniter.JsonIterator iter) throws java.io.IOException { }
	at com.jsoniter.TestGenerics.test_complex_object(TestGenerics.java:64)
Caused by: javassist.CannotCompileException: [source error] no return statement
	at com.jsoniter.TestGenerics.test_complex_object(TestGenerics.java:64)
Caused by: javassist.compiler.CompileError: no return statement
	at com.jsoniter.TestGenerics.test_complex_object(TestGenerics.java:64)
</error>
    <system-out><![CDATA[Unable to open file 'src\main\java\com\jsoniter\files\CodegenImplObjectHashGen(Class,Desc)Part1.txt'
Unable to open file 'src\main\java\com\jsoniter\files\CodegenImplObjectHashGen(Class,Desc)Part2.txt'
Unable to open file 'src\main\java\com\jsoniter\files\CodegenImplObjectHashGen(Class,Desc)Part3.txt'
Unable to open file 'src\main\java\com\jsoniter\files\CodegenImplArrayGen(Class,Type)WithCollectionClasses.txt'
Unable to open file 'src\main\java\com\jsoniter\files\CodegenImplArrayGen(Class,Type)WithCollectionClasses.txt'
]]></system-out>
  </testcase>
  <testcase name="test_complex_object" classname="com.jsoniter.TestGenerics" time="0.005">
    <error message="failed to generate decoder for: ParameterizedTypeImpl{actualTypeArguments=[class java.lang.Integer], ownerType=null, rawType=java.util.ArrayList} with [class java.lang.Integer], exception: javassist.CannotCompileException: [source error] no return statement&#10;public static java.lang.Object decode_(com.jsoniter.JsonIterator iter) throws java.io.IOException { }" type="com.jsoniter.spi.JsonException">com.jsoniter.spi.JsonException: 
failed to generate decoder for: ParameterizedTypeImpl{actualTypeArguments=[class java.lang.Integer], ownerType=null, rawType=java.util.ArrayList} with [class java.lang.Integer], exception: javassist.CannotCompileException: [source error] no return statement
public static java.lang.Object decode_(com.jsoniter.JsonIterator iter) throws java.io.IOException { }
	at com.jsoniter.TestGenerics.test_complex_object(TestGenerics.java:64)
Caused by: javassist.CannotCompileException: [source error] no return statement
	at com.jsoniter.TestGenerics.test_complex_object(TestGenerics.java:64)
Caused by: javassist.compiler.CompileError: no return statement
	at com.jsoniter.TestGenerics.test_complex_object(TestGenerics.java:64)
</error>
    <system-out><![CDATA[Unable to open file 'src\main\java\com\jsoniter\files\CodegenImplArrayGen(Class,Type)WithCollectionClasses.txt'
Unable to open file 'src\main\java\com\jsoniter\files\CodegenImplArrayGen(Class,Type)WithCollectionClasses.txt'
]]></system-out>
  </testcase>
  <testcase name="test_complex_object" classname="com.jsoniter.TestGenerics" time="0.004">
    <error message="failed to generate decoder for: ParameterizedTypeImpl{actualTypeArguments=[class java.lang.Integer], ownerType=null, rawType=java.util.ArrayList} with [class java.lang.Integer], exception: javassist.CannotCompileException: [source error] no return statement&#10;public static java.lang.Object decode_(com.jsoniter.JsonIterator iter) throws java.io.IOException { }" type="com.jsoniter.spi.JsonException">com.jsoniter.spi.JsonException: 
failed to generate decoder for: ParameterizedTypeImpl{actualTypeArguments=[class java.lang.Integer], ownerType=null, rawType=java.util.ArrayList} with [class java.lang.Integer], exception: javassist.CannotCompileException: [source error] no return statement
public static java.lang.Object decode_(com.jsoniter.JsonIterator iter) throws java.io.IOException { }
	at com.jsoniter.TestGenerics.test_complex_object(TestGenerics.java:64)
Caused by: javassist.CannotCompileException: [source error] no return statement
	at com.jsoniter.TestGenerics.test_complex_object(TestGenerics.java:64)
Caused by: javassist.compiler.CompileError: no return statement
	at com.jsoniter.TestGenerics.test_complex_object(TestGenerics.java:64)
</error>
    <system-out><![CDATA[Unable to open file 'src\main\java\com\jsoniter\files\CodegenImplArrayGen(Class,Type)WithCollectionClasses.txt'
Unable to open file 'src\main\java\com\jsoniter\files\CodegenImplArrayGen(Class,Type)WithCollectionClasses.txt'
]]></system-out>
  </testcase>
</testsuite>